2025-06-27 03:17:01,068 [n1] -- Node n1 starting
2025-06-27 03:17:01,076 [n1] -- Follower n1 initialized_state: {'term': 83, 'voted_for': 'n1', 'log_length': 0}
2025-06-27 03:17:01,077 [n1] -- Follower n1 server_started: {'host': '127.0.0.1', 'port': '5001'}
2025-06-27 03:17:03,765 [n1] -- Candidate n1 election_started: {'term': 84}
2025-06-27 03:17:05,712 [n1] -- Candidate n1 election_started: {'term': 85}
2025-06-27 03:17:05,788 [n1] -- Candidate n1 send_failed to peer n3: {'peer': 'n3', 'error': '[WinError 1225] The remote computer refused the network connection'}
2025-06-27 03:17:05,788 [n1] -- Candidate n1 send_failed to peer n2: {'peer': 'n2', 'error': '[WinError 1225] The remote computer refused the network connection'}
2025-06-27 03:17:07,744 [n1] -- Candidate n1 send_failed to peer n3: {'peer': 'n3', 'error': '[WinError 1225] The remote computer refused the network connection'}
2025-06-27 03:17:07,759 [n1] -- Candidate n1 send_failed to peer n2: {'peer': 'n2', 'error': '[WinError 1225] The remote computer refused the network connection'}
2025-06-27 03:17:08,487 [n1] -- Candidate n1 election_started: {'term': 86}
2025-06-27 03:17:10,513 [n1] -- Candidate n1 send_failed to peer n3: {'peer': 'n3', 'error': '[WinError 1225] The remote computer refused the network connection'}
2025-06-27 03:17:10,514 [n1] -- Candidate n1 send_failed to peer n2: {'peer': 'n2', 'error': '[WinError 1225] The remote computer refused the network connection'}
2025-06-27 03:17:11,100 [n1] -- Candidate n1 election_started: {'term': 87}
2025-06-27 03:17:13,124 [n1] -- Candidate n1 send_failed to peer n3: {'peer': 'n3', 'error': '[WinError 1225] The remote computer refused the network connection'}
2025-06-27 03:17:13,124 [n1] -- Candidate n1 send_failed to peer n2: {'peer': 'n2', 'error': '[WinError 1225] The remote computer refused the network connection'}
2025-06-27 03:17:13,175 [n1] -- Candidate n1 election_started: {'term': 88}
2025-06-27 03:17:15,204 [n1] -- Candidate n1 send_failed to peer n2: {'peer': 'n2', 'error': '[WinError 1225] The remote computer refused the network connection'}
2025-06-27 03:17:15,204 [n1] -- Candidate n1 send_failed to peer n3: {'peer': 'n3', 'error': '[WinError 1225] The remote computer refused the network connection'}
2025-06-27 03:17:15,480 [n1] -- Candidate n1 election_started: {'term': 89}
2025-06-27 03:17:17,170 [n1] -- Candidate n1 election_started: {'term': 90}
2025-06-27 03:17:17,509 [n1] -- Candidate n1 send_failed to peer n3: {'peer': 'n3', 'error': '[WinError 1225] The remote computer refused the network connection'}
2025-06-27 03:17:17,509 [n1] -- Candidate n1 send_failed to peer n2: {'peer': 'n2', 'error': '[WinError 1225] The remote computer refused the network connection'}
2025-06-27 03:17:19,204 [n1] -- Candidate n1 send_failed to peer n2: {'peer': 'n2', 'error': '[WinError 1225] The remote computer refused the network connection'}
2025-06-27 03:17:19,204 [n1] -- Candidate n1 send_failed to peer n3: {'peer': 'n3', 'error': '[WinError 1225] The remote computer refused the network connection'}
2025-06-27 03:17:19,695 [n1] -- Candidate n1 election_started: {'term': 91}
2025-06-27 03:17:21,584 [n1] -- Candidate n1 election_started: {'term': 92}
2025-06-27 03:17:21,722 [n1] -- Candidate n1 send_failed to peer n3: {'peer': 'n3', 'error': '[WinError 1225] The remote computer refused the network connection'}
2025-06-27 03:17:21,723 [n1] -- Candidate n1 send_failed to peer n2: {'peer': 'n2', 'error': '[WinError 1225] The remote computer refused the network connection'}
2025-06-27 03:17:23,615 [n1] -- Candidate n1 send_failed to peer n2: {'peer': 'n2', 'error': '[WinError 1225] The remote computer refused the network connection'}
2025-06-27 03:17:23,615 [n1] -- Candidate n1 send_failed to peer n3: {'peer': 'n3', 'error': '[WinError 1225] The remote computer refused the network connection'}
2025-06-27 03:17:23,895 [n1] -- Candidate n1 election_started: {'term': 93}
2025-06-27 03:17:25,928 [n1] -- Candidate n1 send_failed to peer n3: {'peer': 'n3', 'error': '[WinError 1225] The remote computer refused the network connection'}
2025-06-27 03:17:25,928 [n1] -- Candidate n1 send_failed to peer n2: {'peer': 'n2', 'error': '[WinError 1225] The remote computer refused the network connection'}
2025-06-27 03:17:26,859 [n1] -- Candidate n1 election_started: {'term': 94}
2025-06-27 03:17:28,892 [n1] -- Candidate n1 send_failed to peer n3: {'peer': 'n3', 'error': '[WinError 1225] The remote computer refused the network connection'}
2025-06-27 03:17:28,892 [n1] -- Candidate n1 send_failed to peer n2: {'peer': 'n2', 'error': '[WinError 1225] The remote computer refused the network connection'}
2025-06-27 03:17:29,308 [n1] -- Candidate n1 election_started: {'term': 95}
2025-06-27 03:17:31,331 [n1] -- Candidate n1 send_failed to peer n3: {'peer': 'n3', 'error': '[WinError 1225] The remote computer refused the network connection'}
2025-06-27 03:17:31,332 [n1] -- Candidate n1 send_failed to peer n2: {'peer': 'n2', 'error': '[WinError 1225] The remote computer refused the network connection'}
2025-06-27 03:17:32,160 [n1] -- Candidate n1 election_started: {'term': 96}
2025-06-27 03:17:34,188 [n1] -- Candidate n1 send_failed to peer n2: {'peer': 'n2', 'error': '[WinError 1225] The remote computer refused the network connection'}
2025-06-27 03:17:34,188 [n1] -- Candidate n1 send_failed to peer n3: {'peer': 'n3', 'error': '[WinError 1225] The remote computer refused the network connection'}
2025-06-27 03:17:35,048 [n1] -- Candidate n1 election_started: {'term': 97}
2025-06-27 03:17:36,661 [n1] -- Candidate n1 election_started: {'term': 98}
2025-06-27 03:17:37,074 [n1] -- Candidate n1 send_failed to peer n2: {'peer': 'n2', 'error': '[WinError 1225] The remote computer refused the network connection'}
2025-06-27 03:17:37,074 [n1] -- Candidate n1 send_failed to peer n3: {'peer': 'n3', 'error': '[WinError 1225] The remote computer refused the network connection'}
2025-06-27 03:17:38,688 [n1] -- Candidate n1 send_failed to peer n2: {'peer': 'n2', 'error': '[WinError 1225] The remote computer refused the network connection'}
2025-06-27 03:17:38,689 [n1] -- Candidate n1 send_failed to peer n3: {'peer': 'n3', 'error': '[WinError 1225] The remote computer refused the network connection'}
2025-06-27 03:17:38,720 [n1] -- Candidate n1 election_started: {'term': 99}
2025-06-27 03:17:40,701 [n1] -- Candidate n1 election_started: {'term': 100}
2025-06-27 03:17:40,746 [n1] -- Candidate n1 send_failed to peer n2: {'peer': 'n2', 'error': '[WinError 1225] The remote computer refused the network connection'}
2025-06-27 03:17:40,746 [n1] -- Candidate n1 send_failed to peer n3: {'peer': 'n3', 'error': '[WinError 1225] The remote computer refused the network connection'}
2025-06-27 03:17:42,729 [n1] -- Candidate n1 send_failed to peer n3: {'peer': 'n3', 'error': '[WinError 1225] The remote computer refused the network connection'}
2025-06-27 03:17:42,729 [n1] -- Candidate n1 send_failed to peer n2: {'peer': 'n2', 'error': '[WinError 1225] The remote computer refused the network connection'}
2025-06-27 03:17:42,945 [n1] -- Candidate n1 election_started: {'term': 101}
2025-06-27 03:17:44,975 [n1] -- Candidate n1 send_failed to peer n3: {'peer': 'n3', 'error': '[WinError 1225] The remote computer refused the network connection'}
2025-06-27 03:17:44,975 [n1] -- Candidate n1 send_failed to peer n2: {'peer': 'n2', 'error': '[WinError 1225] The remote computer refused the network connection'}
2025-06-27 03:17:45,191 [n1] -- Candidate n1 election_started: {'term': 102}
2025-06-27 03:17:46,719 [n1] -- Candidate n1 vote_received: {'from_node': 'n2', 'term': 102, 'total_votes': 2}
2025-06-27 03:17:46,719 [n1] -- Leader n1 became_leader: {'term': 102}
2025-06-27 03:17:47,222 [n1] -- Leader n1 heartbeats_sent: {}
2025-06-27 03:17:47,224 [n1] -- Leader n1 send_failed to peer n3: {'peer': 'n3', 'error': '[WinError 1225] The remote computer refused the network connection'}
2025-06-27 03:17:47,728 [n1] -- Leader n1 heartbeats_sent: {}
2025-06-27 03:17:48,236 [n1] -- Leader n1 heartbeats_sent: {}
2025-06-27 03:17:48,743 [n1] -- Leader n1 heartbeats_sent: {}
2025-06-27 03:17:49,253 [n1] -- Leader n1 heartbeats_sent: {}
2025-06-27 03:17:49,253 [n1] -- Leader n1 send_failed to peer n3: {'peer': 'n3', 'error': '[WinError 1225] The remote computer refused the network connection'}
2025-06-27 03:17:49,761 [n1] -- Leader n1 heartbeats_sent: {}
2025-06-27 03:17:49,761 [n1] -- Leader n1 send_failed to peer n3: {'peer': 'n3', 'error': '[WinError 1225] The remote computer refused the network connection'}
2025-06-27 03:17:50,270 [n1] -- Leader n1 heartbeats_sent: {}
2025-06-27 03:17:50,271 [n1] -- Leader n1 send_failed to peer n3: {'peer': 'n3', 'error': '[WinError 1225] The remote computer refused the network connection'}
2025-06-27 03:17:50,775 [n1] -- Leader n1 heartbeats_sent: {}
2025-06-27 03:17:50,776 [n1] -- Leader n1 send_failed to peer n3: {'peer': 'n3', 'error': '[WinError 1225] The remote computer refused the network connection'}
2025-06-27 03:17:51,281 [n1] -- Leader n1 heartbeats_sent: {}
2025-06-27 03:17:51,283 [n1] -- Leader n1 send_failed to peer n3: {'peer': 'n3', 'error': '[WinError 1225] The remote computer refused the network connection'}
2025-06-27 03:17:51,787 [n1] -- Leader n1 heartbeats_sent: {}
2025-06-27 03:17:51,788 [n1] -- Leader n1 send_failed to peer n3: {'peer': 'n3', 'error': '[WinError 1225] The remote computer refused the network connection'}
2025-06-27 03:17:52,293 [n1] -- Leader n1 heartbeats_sent: {}
2025-06-27 03:17:52,293 [n1] -- Leader n1 send_failed to peer n3: {'peer': 'n3', 'error': '[WinError 1225] The remote computer refused the network connection'}
2025-06-27 03:17:52,799 [n1] -- Leader n1 heartbeats_sent: {}
2025-06-27 03:17:52,799 [n1] -- Leader n1 send_failed to peer n3: {'peer': 'n3', 'error': '[WinError 1225] The remote computer refused the network connection'}
2025-06-27 03:17:53,308 [n1] -- Leader n1 heartbeats_sent: {}
2025-06-27 03:17:53,308 [n1] -- Leader n1 send_failed to peer n3: {'peer': 'n3', 'error': '[WinError 1225] The remote computer refused the network connection'}
2025-06-27 03:17:53,814 [n1] -- Leader n1 heartbeats_sent: {}
2025-06-27 03:17:53,816 [n1] -- Leader n1 send_failed to peer n3: {'peer': 'n3', 'error': '[WinError 1225] The remote computer refused the network connection'}
2025-06-27 03:17:54,319 [n1] -- Leader n1 heartbeats_sent: {}
2025-06-27 03:17:54,320 [n1] -- Leader n1 send_failed to peer n3: {'peer': 'n3', 'error': '[WinError 1225] The remote computer refused the network connection'}
2025-06-27 03:17:54,826 [n1] -- Leader n1 heartbeats_sent: {}
2025-06-27 03:17:54,827 [n1] -- Leader n1 send_failed to peer n3: {'peer': 'n3', 'error': '[WinError 1225] The remote computer refused the network connection'}
2025-06-27 03:17:55,335 [n1] -- Leader n1 heartbeats_sent: {}
2025-06-27 03:17:55,336 [n1] -- Leader n1 send_failed to peer n3: {'peer': 'n3', 'error': '[WinError 1225] The remote computer refused the network connection'}
2025-06-27 03:17:55,842 [n1] -- Leader n1 heartbeats_sent: {}
2025-06-27 03:17:55,844 [n1] -- Leader n1 send_failed to peer n3: {'peer': 'n3', 'error': '[WinError 1225] The remote computer refused the network connection'}
2025-06-27 03:17:56,349 [n1] -- Leader n1 heartbeats_sent: {}
2025-06-27 03:17:56,351 [n1] -- Leader n1 send_failed to peer n3: {'peer': 'n3', 'error': '[WinError 1225] The remote computer refused the network connection'}
2025-06-27 03:17:56,857 [n1] -- Leader n1 heartbeats_sent: {}
2025-06-27 03:17:56,858 [n1] -- Leader n1 send_failed to peer n3: {'peer': 'n3', 'error': '[WinError 1225] The remote computer refused the network connection'}
2025-06-27 03:17:57,364 [n1] -- Leader n1 heartbeats_sent: {}
2025-06-27 03:17:57,364 [n1] -- Leader n1 send_failed to peer n3: {'peer': 'n3', 'error': '[WinError 1225] The remote computer refused the network connection'}
2025-06-27 03:17:57,870 [n1] -- Leader n1 heartbeats_sent: {}
2025-06-27 03:17:57,871 [n1] -- Leader n1 send_failed to peer n3: {'peer': 'n3', 'error': '[WinError 1225] The remote computer refused the network connection'}
2025-06-27 03:17:58,375 [n1] -- Leader n1 heartbeats_sent: {}
2025-06-27 03:17:58,376 [n1] -- Leader n1 send_failed to peer n3: {'peer': 'n3', 'error': '[WinError 1225] The remote computer refused the network connection'}
2025-06-27 03:17:58,881 [n1] -- Leader n1 heartbeats_sent: {}
2025-06-27 03:17:58,882 [n1] -- Leader n1 send_failed to peer n3: {'peer': 'n3', 'error': '[WinError 1225] The remote computer refused the network connection'}
2025-06-27 03:17:59,390 [n1] -- Leader n1 heartbeats_sent: {}
2025-06-27 03:17:59,392 [n1] -- Leader n1 send_failed to peer n3: {'peer': 'n3', 'error': '[WinError 1225] The remote computer refused the network connection'}
2025-06-27 03:17:59,894 [n1] -- Leader n1 heartbeats_sent: {}
2025-06-27 03:17:59,894 [n1] -- Leader n1 send_failed to peer n3: {'peer': 'n3', 'error': '[WinError 1225] The remote computer refused the network connection'}
2025-06-27 03:18:00,401 [n1] -- Leader n1 heartbeats_sent: {}
2025-06-27 03:18:00,402 [n1] -- Leader n1 send_failed to peer n3: {'peer': 'n3', 'error': '[WinError 1225] The remote computer refused the network connection'}
2025-06-27 03:18:00,910 [n1] -- Leader n1 heartbeats_sent: {}
2025-06-27 03:18:00,912 [n1] -- Leader n1 send_failed to peer n3: {'peer': 'n3', 'error': '[WinError 1225] The remote computer refused the network connection'}
2025-06-27 03:18:01,416 [n1] -- Leader n1 heartbeats_sent: {}
2025-06-27 03:18:01,417 [n1] -- Leader n1 send_failed to peer n3: {'peer': 'n3', 'error': '[WinError 1225] The remote computer refused the network connection'}
2025-06-27 03:18:01,931 [n1] -- Leader n1 heartbeats_sent: {}
2025-06-27 03:18:01,932 [n1] -- Leader n1 send_failed to peer n3: {'peer': 'n3', 'error': '[WinError 1225] The remote computer refused the network connection'}
2025-06-27 03:18:02,439 [n1] -- Leader n1 heartbeats_sent: {}
2025-06-27 03:18:02,440 [n1] -- Leader n1 send_failed to peer n3: {'peer': 'n3', 'error': '[WinError 1225] The remote computer refused the network connection'}
2025-06-27 03:18:02,945 [n1] -- Leader n1 heartbeats_sent: {}
2025-06-27 03:18:02,946 [n1] -- Leader n1 send_failed to peer n3: {'peer': 'n3', 'error': '[WinError 1225] The remote computer refused the network connection'}
2025-06-27 03:18:03,450 [n1] -- Leader n1 heartbeats_sent: {}
2025-06-27 03:18:03,451 [n1] -- Leader n1 send_failed to peer n3: {'peer': 'n3', 'error': '[WinError 1225] The remote computer refused the network connection'}
2025-06-27 03:18:03,956 [n1] -- Leader n1 heartbeats_sent: {}
2025-06-27 03:18:03,957 [n1] -- Leader n1 send_failed to peer n3: {'peer': 'n3', 'error': '[WinError 1225] The remote computer refused the network connection'}
2025-06-27 03:18:04,463 [n1] -- Leader n1 heartbeats_sent: {}
2025-06-27 03:18:04,465 [n1] -- Leader n1 send_failed to peer n3: {'peer': 'n3', 'error': '[WinError 1225] The remote computer refused the network connection'}
2025-06-27 03:18:04,969 [n1] -- Leader n1 heartbeats_sent: {}
2025-06-27 03:18:04,971 [n1] -- Leader n1 send_failed to peer n3: {'peer': 'n3', 'error': '[WinError 1225] The remote computer refused the network connection'}
2025-06-27 03:18:05,479 [n1] -- Leader n1 heartbeats_sent: {}
2025-06-27 03:18:05,480 [n1] -- Leader n1 send_failed to peer n3: {'peer': 'n3', 'error': '[WinError 1225] The remote computer refused the network connection'}
2025-06-27 03:18:05,986 [n1] -- Leader n1 heartbeats_sent: {}
2025-06-27 03:18:05,987 [n1] -- Leader n1 send_failed to peer n3: {'peer': 'n3', 'error': '[WinError 1225] The remote computer refused the network connection'}
2025-06-27 03:18:06,493 [n1] -- Leader n1 heartbeats_sent: {}
2025-06-27 03:18:06,495 [n1] -- Leader n1 send_failed to peer n3: {'peer': 'n3', 'error': '[WinError 1225] The remote computer refused the network connection'}
2025-06-27 03:18:07,001 [n1] -- Leader n1 heartbeats_sent: {}
2025-06-27 03:18:07,002 [n1] -- Leader n1 send_failed to peer n3: {'peer': 'n3', 'error': '[WinError 1225] The remote computer refused the network connection'}
2025-06-27 03:18:07,509 [n1] -- Leader n1 heartbeats_sent: {}
2025-06-27 03:18:07,510 [n1] -- Leader n1 send_failed to peer n3: {'peer': 'n3', 'error': '[WinError 1225] The remote computer refused the network connection'}
2025-06-27 03:18:08,035 [n1] -- Leader n1 heartbeats_sent: {}
2025-06-27 03:18:08,035 [n1] -- Leader n1 send_failed to peer n3: {'peer': 'n3', 'error': '[WinError 1225] The remote computer refused the network connection'}
2025-06-27 03:18:08,524 [n1] -- Leader n1 send_failed to peer n3: {'peer': 'n3', 'error': '[WinError 1225] The remote computer refused the network connection'}
2025-06-27 03:18:08,538 [n1] -- Leader n1 heartbeats_sent: {}
2025-06-27 03:18:09,030 [n1] -- Leader n1 send_failed to peer n3: {'peer': 'n3', 'error': '[WinError 1225] The remote computer refused the network connection'}
2025-06-27 03:18:09,045 [n1] -- Leader n1 heartbeats_sent: {}
2025-06-27 03:18:09,537 [n1] -- Leader n1 send_failed to peer n3: {'peer': 'n3', 'error': '[WinError 1225] The remote computer refused the network connection'}
2025-06-27 03:18:09,553 [n1] -- Leader n1 heartbeats_sent: {}
2025-06-27 03:18:10,059 [n1] -- Leader n1 heartbeats_sent: {}
2025-06-27 03:18:10,060 [n1] -- Leader n1 send_failed to peer n3: {'peer': 'n3', 'error': '[WinError 1225] The remote computer refused the network connection'}
2025-06-27 03:18:10,568 [n1] -- Leader n1 heartbeats_sent: {}
2025-06-27 03:18:10,569 [n1] -- Leader n1 send_failed to peer n3: {'peer': 'n3', 'error': '[WinError 1225] The remote computer refused the network connection'}
2025-06-27 03:18:11,078 [n1] -- Leader n1 heartbeats_sent: {}
2025-06-27 03:18:11,079 [n1] -- Leader n1 send_failed to peer n3: {'peer': 'n3', 'error': '[WinError 1225] The remote computer refused the network connection'}
2025-06-27 03:18:11,588 [n1] -- Leader n1 heartbeats_sent: {}
2025-06-27 03:18:11,589 [n1] -- Leader n1 send_failed to peer n3: {'peer': 'n3', 'error': '[WinError 1225] The remote computer refused the network connection'}
2025-06-27 03:18:12,096 [n1] -- Leader n1 heartbeats_sent: {}
2025-06-27 03:18:12,097 [n1] -- Leader n1 send_failed to peer n3: {'peer': 'n3', 'error': '[WinError 1225] The remote computer refused the network connection'}
2025-06-27 03:18:12,608 [n1] -- Leader n1 heartbeats_sent: {}
2025-06-27 03:18:12,609 [n1] -- Leader n1 send_failed to peer n3: {'peer': 'n3', 'error': '[WinError 1225] The remote computer refused the network connection'}
2025-06-27 03:18:13,121 [n1] -- Leader n1 heartbeats_sent: {}
2025-06-27 03:18:13,121 [n1] -- Leader n1 send_failed to peer n3: {'peer': 'n3', 'error': '[WinError 1225] The remote computer refused the network connection'}
2025-06-27 03:18:13,627 [n1] -- Leader n1 heartbeats_sent: {}
2025-06-27 03:18:13,628 [n1] -- Leader n1 send_failed to peer n3: {'peer': 'n3', 'error': '[WinError 1225] The remote computer refused the network connection'}
2025-06-27 03:18:14,135 [n1] -- Leader n1 heartbeats_sent: {}
2025-06-27 03:18:14,135 [n1] -- Leader n1 send_failed to peer n3: {'peer': 'n3', 'error': '[WinError 1225] The remote computer refused the network connection'}
2025-06-27 03:18:14,642 [n1] -- Leader n1 heartbeats_sent: {}
2025-06-27 03:18:14,644 [n1] -- Leader n1 send_failed to peer n3: {'peer': 'n3', 'error': '[WinError 1225] The remote computer refused the network connection'}
2025-06-27 03:18:15,149 [n1] -- Leader n1 heartbeats_sent: {}
2025-06-27 03:18:15,149 [n1] -- Leader n1 send_failed to peer n3: {'peer': 'n3', 'error': '[WinError 1225] The remote computer refused the network connection'}
2025-06-27 03:18:15,656 [n1] -- Leader n1 heartbeats_sent: {}
2025-06-27 03:18:15,657 [n1] -- Leader n1 send_failed to peer n3: {'peer': 'n3', 'error': '[WinError 1225] The remote computer refused the network connection'}
2025-06-27 03:18:16,169 [n1] -- Leader n1 heartbeats_sent: {}
2025-06-27 03:18:16,170 [n1] -- Leader n1 send_failed to peer n3: {'peer': 'n3', 'error': '[WinError 1225] The remote computer refused the network connection'}
2025-06-27 03:18:16,670 [n1] -- Leader n1 heartbeats_sent: {}
2025-06-27 03:18:16,671 [n1] -- Leader n1 send_failed to peer n3: {'peer': 'n3', 'error': '[WinError 1225] The remote computer refused the network connection'}
2025-06-27 03:18:17,179 [n1] -- Leader n1 heartbeats_sent: {}
2025-06-27 03:18:17,179 [n1] -- Leader n1 send_failed to peer n3: {'peer': 'n3', 'error': '[WinError 1225] The remote computer refused the network connection'}
2025-06-27 03:18:17,686 [n1] -- Leader n1 heartbeats_sent: {}
2025-06-27 03:18:17,687 [n1] -- Leader n1 send_failed to peer n3: {'peer': 'n3', 'error': '[WinError 1225] The remote computer refused the network connection'}
2025-06-27 03:18:18,194 [n1] -- Leader n1 heartbeats_sent: {}
2025-06-27 03:18:18,195 [n1] -- Leader n1 send_failed to peer n3: {'peer': 'n3', 'error': '[WinError 1225] The remote computer refused the network connection'}
2025-06-27 03:18:18,700 [n1] -- Leader n1 heartbeats_sent: {}
2025-06-27 03:18:18,701 [n1] -- Leader n1 send_failed to peer n3: {'peer': 'n3', 'error': '[WinError 1225] The remote computer refused the network connection'}
2025-06-27 03:18:19,209 [n1] -- Leader n1 heartbeats_sent: {}
2025-06-27 03:18:19,210 [n1] -- Leader n1 send_failed to peer n3: {'peer': 'n3', 'error': '[WinError 1225] The remote computer refused the network connection'}
2025-06-27 03:18:19,716 [n1] -- Leader n1 heartbeats_sent: {}
2025-06-27 03:18:19,716 [n1] -- Leader n1 send_failed to peer n3: {'peer': 'n3', 'error': '[WinError 1225] The remote computer refused the network connection'}
2025-06-27 03:18:20,223 [n1] -- Leader n1 heartbeats_sent: {}
2025-06-27 03:18:20,223 [n1] -- Leader n1 send_failed to peer n3: {'peer': 'n3', 'error': '[WinError 1225] The remote computer refused the network connection'}
2025-06-27 03:18:20,729 [n1] -- Leader n1 heartbeats_sent: {}
2025-06-27 03:18:20,730 [n1] -- Leader n1 send_failed to peer n3: {'peer': 'n3', 'error': '[WinError 1225] The remote computer refused the network connection'}
2025-06-27 03:18:21,241 [n1] -- Leader n1 heartbeats_sent: {}
2025-06-27 03:18:21,241 [n1] -- Leader n1 send_failed to peer n3: {'peer': 'n3', 'error': '[WinError 1225] The remote computer refused the network connection'}
2025-06-27 03:18:21,748 [n1] -- Leader n1 heartbeats_sent: {}
2025-06-27 03:18:21,749 [n1] -- Leader n1 send_failed to peer n3: {'peer': 'n3', 'error': '[WinError 1225] The remote computer refused the network connection'}
2025-06-27 03:18:22,257 [n1] -- Leader n1 heartbeats_sent: {}
2025-06-27 03:18:22,765 [n1] -- Leader n1 heartbeats_sent: {}
2025-06-27 03:18:23,271 [n1] -- Leader n1 heartbeats_sent: {}
2025-06-27 03:18:23,780 [n1] -- Leader n1 heartbeats_sent: {}
2025-06-27 03:18:24,289 [n1] -- Leader n1 heartbeats_sent: {}
2025-06-27 03:18:24,797 [n1] -- Leader n1 heartbeats_sent: {}
2025-06-27 03:18:25,303 [n1] -- Leader n1 heartbeats_sent: {}
2025-06-27 03:18:25,811 [n1] -- Leader n1 heartbeats_sent: {}
2025-06-27 03:18:26,319 [n1] -- Leader n1 heartbeats_sent: {}
2025-06-27 03:18:26,826 [n1] -- Leader n1 heartbeats_sent: {}
2025-06-27 03:18:27,333 [n1] -- Leader n1 heartbeats_sent: {}
2025-06-27 03:18:27,844 [n1] -- Leader n1 heartbeats_sent: {}
2025-06-27 03:18:28,351 [n1] -- Leader n1 heartbeats_sent: {}
2025-06-27 03:18:28,856 [n1] -- Leader n1 heartbeats_sent: {}
2025-06-27 03:18:29,363 [n1] -- Leader n1 heartbeats_sent: {}
2025-06-27 03:18:29,870 [n1] -- Leader n1 heartbeats_sent: {}
2025-06-27 03:18:30,377 [n1] -- Leader n1 heartbeats_sent: {}
2025-06-27 03:18:30,887 [n1] -- Leader n1 heartbeats_sent: {}
2025-06-27 03:18:31,393 [n1] -- Leader n1 heartbeats_sent: {}
2025-06-27 03:18:31,901 [n1] -- Leader n1 heartbeats_sent: {}
2025-06-27 03:18:32,407 [n1] -- Leader n1 heartbeats_sent: {}
2025-06-27 03:18:32,915 [n1] -- Leader n1 heartbeats_sent: {}
2025-06-27 03:18:33,420 [n1] -- Leader n1 heartbeats_sent: {}
2025-06-27 03:18:33,928 [n1] -- Leader n1 heartbeats_sent: {}
2025-06-27 03:18:34,432 [n1] -- Leader n1 heartbeats_sent: {}
2025-06-27 03:18:34,939 [n1] -- Leader n1 heartbeats_sent: {}
2025-06-27 03:18:35,446 [n1] -- Leader n1 heartbeats_sent: {}
2025-06-27 03:18:35,954 [n1] -- Leader n1 heartbeats_sent: {}
2025-06-27 03:18:36,463 [n1] -- Leader n1 heartbeats_sent: {}
2025-06-27 03:18:36,969 [n1] -- Leader n1 heartbeats_sent: {}
2025-06-27 03:18:37,479 [n1] -- Leader n1 heartbeats_sent: {}
2025-06-27 03:18:37,985 [n1] -- Leader n1 heartbeats_sent: {}
2025-06-27 03:18:38,492 [n1] -- Leader n1 heartbeats_sent: {}
2025-06-27 03:18:38,998 [n1] -- Leader n1 heartbeats_sent: {}
2025-06-27 03:18:39,505 [n1] -- Leader n1 heartbeats_sent: {}
2025-06-27 03:18:40,011 [n1] -- Leader n1 heartbeats_sent: {}
2025-06-27 03:18:40,521 [n1] -- Leader n1 heartbeats_sent: {}
2025-06-27 03:18:41,027 [n1] -- Leader n1 heartbeats_sent: {}
2025-06-27 03:18:41,535 [n1] -- Leader n1 heartbeats_sent: {}
2025-06-27 03:18:42,040 [n1] -- Leader n1 heartbeats_sent: {}
2025-06-27 03:18:42,547 [n1] -- Leader n1 heartbeats_sent: {}
2025-06-27 03:18:43,053 [n1] -- Leader n1 heartbeats_sent: {}
2025-06-27 03:18:43,561 [n1] -- Leader n1 heartbeats_sent: {}
2025-06-27 03:18:44,071 [n1] -- Leader n1 heartbeats_sent: {}
2025-06-27 03:18:44,581 [n1] -- Leader n1 heartbeats_sent: {}
2025-06-27 03:18:45,088 [n1] -- Leader n1 heartbeats_sent: {}
2025-06-27 03:18:45,596 [n1] -- Leader n1 heartbeats_sent: {}
2025-06-27 03:18:46,102 [n1] -- Leader n1 heartbeats_sent: {}
2025-06-27 03:18:46,612 [n1] -- Leader n1 heartbeats_sent: {}
2025-06-27 03:18:47,121 [n1] -- Leader n1 heartbeats_sent: {}
2025-06-27 03:18:47,631 [n1] -- Leader n1 heartbeats_sent: {}
2025-06-27 03:18:48,140 [n1] -- Leader n1 heartbeats_sent: {}
2025-06-27 03:18:48,647 [n1] -- Leader n1 heartbeats_sent: {}
2025-06-27 03:18:49,153 [n1] -- Leader n1 heartbeats_sent: {}
2025-06-27 03:18:49,659 [n1] -- Leader n1 heartbeats_sent: {}
2025-06-27 03:18:50,166 [n1] -- Leader n1 heartbeats_sent: {}
2025-06-27 03:18:50,677 [n1] -- Leader n1 heartbeats_sent: {}
2025-06-27 03:18:51,185 [n1] -- Leader n1 heartbeats_sent: {}
2025-06-27 03:18:51,694 [n1] -- Leader n1 heartbeats_sent: {}
2025-06-27 03:18:52,206 [n1] -- Leader n1 heartbeats_sent: {}
2025-06-27 03:18:52,715 [n1] -- Leader n1 heartbeats_sent: {}
2025-06-27 03:18:53,222 [n1] -- Leader n1 heartbeats_sent: {}
2025-06-27 03:18:53,729 [n1] -- Leader n1 heartbeats_sent: {}
2025-06-27 03:18:54,236 [n1] -- Leader n1 heartbeats_sent: {}
2025-06-27 03:18:54,744 [n1] -- Leader n1 heartbeats_sent: {}
2025-06-27 03:18:55,256 [n1] -- Leader n1 heartbeats_sent: {}
2025-06-27 03:18:55,765 [n1] -- Leader n1 heartbeats_sent: {}
2025-06-27 03:18:56,273 [n1] -- Leader n1 heartbeats_sent: {}
2025-06-27 03:18:56,781 [n1] -- Leader n1 heartbeats_sent: {}
2025-06-27 03:18:57,290 [n1] -- Leader n1 heartbeats_sent: {}
2025-06-27 03:18:57,798 [n1] -- Leader n1 heartbeats_sent: {}
2025-06-27 03:18:58,306 [n1] -- Leader n1 heartbeats_sent: {}
2025-06-27 03:18:58,820 [n1] -- Leader n1 heartbeats_sent: {}
2025-06-27 03:18:59,331 [n1] -- Leader n1 heartbeats_sent: {}
2025-06-27 03:18:59,839 [n1] -- Leader n1 heartbeats_sent: {}
2025-06-27 03:19:00,346 [n1] -- Leader n1 heartbeats_sent: {}
2025-06-27 03:19:00,852 [n1] -- Leader n1 heartbeats_sent: {}
2025-06-27 03:19:01,363 [n1] -- Leader n1 heartbeats_sent: {}
2025-06-27 03:19:13,827 [n1] -- Node n1 starting
2025-06-27 03:19:13,835 [n1] -- Follower n1 initialized_state: {'term': 102, 'voted_for': 'n1', 'log_length': 0}
2025-06-27 03:19:13,836 [n1] -- Follower n1 server_started: {'host': '127.0.0.1', 'port': '5001'}
2025-06-27 03:19:14,071 [n1] -- Follower n1 term_updated (received RPC with greater term): {'term': 103}
2025-06-27 03:19:14,072 [n1] -- Follower n1 heartbeat_received from Leader n3: {'leader_id': 'n3'}
2025-06-27 03:19:14,072 [n1] -- Follower n1 heartbeat_received from Leader n3: {'leader_id': 'n3'}
2025-06-27 03:19:14,072 [n1] -- Follower n1 heartbeat_received from Leader n3: {'leader_id': 'n3'}
2025-06-27 03:19:14,073 [n1] -- Follower n1 heartbeat_received from Leader n3: {'leader_id': 'n3'}
2025-06-27 03:19:14,073 [n1] -- Follower n1 heartbeat_received from Leader n3: {'leader_id': 'n3'}
2025-06-27 03:19:14,579 [n1] -- Follower n1 heartbeat_received from Leader n3: {'leader_id': 'n3'}
2025-06-27 03:19:15,089 [n1] -- Follower n1 heartbeat_received from Leader n3: {'leader_id': 'n3'}
2025-06-27 03:19:15,601 [n1] -- Follower n1 heartbeat_received from Leader n3: {'leader_id': 'n3'}
2025-06-27 03:19:16,111 [n1] -- Follower n1 heartbeat_received from Leader n3: {'leader_id': 'n3'}
2025-06-27 03:19:16,622 [n1] -- Follower n1 heartbeat_received from Leader n3: {'leader_id': 'n3'}
2025-06-27 03:19:17,135 [n1] -- Follower n1 heartbeat_received from Leader n3: {'leader_id': 'n3'}
2025-06-27 03:19:17,643 [n1] -- Follower n1 heartbeat_received from Leader n3: {'leader_id': 'n3'}
2025-06-27 03:19:18,152 [n1] -- Follower n1 heartbeat_received from Leader n3: {'leader_id': 'n3'}
2025-06-27 03:19:18,660 [n1] -- Follower n1 heartbeat_received from Leader n3: {'leader_id': 'n3'}
2025-06-27 03:19:19,171 [n1] -- Follower n1 heartbeat_received from Leader n3: {'leader_id': 'n3'}
2025-06-27 03:19:19,679 [n1] -- Follower n1 heartbeat_received from Leader n3: {'leader_id': 'n3'}
2025-06-27 03:19:20,189 [n1] -- Follower n1 heartbeat_received from Leader n3: {'leader_id': 'n3'}
2025-06-27 03:19:20,698 [n1] -- Follower n1 heartbeat_received from Leader n3: {'leader_id': 'n3'}
2025-06-27 03:19:21,205 [n1] -- Follower n1 heartbeat_received from Leader n3: {'leader_id': 'n3'}
2025-06-27 03:19:21,713 [n1] -- Follower n1 heartbeat_received from Leader n3: {'leader_id': 'n3'}
2025-06-27 03:19:22,224 [n1] -- Follower n1 heartbeat_received from Leader n3: {'leader_id': 'n3'}
2025-06-27 03:19:22,734 [n1] -- Follower n1 heartbeat_received from Leader n3: {'leader_id': 'n3'}
2025-06-27 03:19:23,243 [n1] -- Follower n1 heartbeat_received from Leader n3: {'leader_id': 'n3'}
2025-06-27 03:19:23,753 [n1] -- Follower n1 heartbeat_received from Leader n3: {'leader_id': 'n3'}
2025-06-27 03:19:24,263 [n1] -- Follower n1 heartbeat_received from Leader n3: {'leader_id': 'n3'}
2025-06-27 03:19:24,770 [n1] -- Follower n1 heartbeat_received from Leader n3: {'leader_id': 'n3'}
2025-06-27 03:19:25,280 [n1] -- Follower n1 heartbeat_received from Leader n3: {'leader_id': 'n3'}
2025-06-27 03:19:25,789 [n1] -- Follower n1 heartbeat_received from Leader n3: {'leader_id': 'n3'}
2025-06-27 03:19:26,290 [n1] -- Follower n1 heartbeat_received from Leader n3: {'leader_id': 'n3'}
2025-06-27 03:19:26,799 [n1] -- Follower n1 heartbeat_received from Leader n3: {'leader_id': 'n3'}
2025-06-27 03:19:27,309 [n1] -- Follower n1 heartbeat_received from Leader n3: {'leader_id': 'n3'}
2025-06-27 03:19:27,818 [n1] -- Follower n1 heartbeat_received from Leader n3: {'leader_id': 'n3'}
2025-06-27 03:19:28,323 [n1] -- Follower n1 heartbeat_received from Leader n3: {'leader_id': 'n3'}
2025-06-27 03:19:28,830 [n1] -- Follower n1 heartbeat_received from Leader n3: {'leader_id': 'n3'}
2025-06-27 03:19:29,340 [n1] -- Follower n1 heartbeat_received from Leader n3: {'leader_id': 'n3'}
2025-06-27 03:19:29,849 [n1] -- Follower n1 heartbeat_received from Leader n3: {'leader_id': 'n3'}
2025-06-27 03:19:30,361 [n1] -- Follower n1 heartbeat_received from Leader n3: {'leader_id': 'n3'}
2025-06-27 03:19:30,869 [n1] -- Follower n1 heartbeat_received from Leader n3: {'leader_id': 'n3'}
2025-06-27 03:19:31,377 [n1] -- Follower n1 heartbeat_received from Leader n3: {'leader_id': 'n3'}
2025-06-27 03:19:31,884 [n1] -- Follower n1 heartbeat_received from Leader n3: {'leader_id': 'n3'}
2025-06-27 03:19:32,390 [n1] -- Follower n1 heartbeat_received from Leader n3: {'leader_id': 'n3'}
2025-06-27 03:19:32,896 [n1] -- Follower n1 heartbeat_received from Leader n3: {'leader_id': 'n3'}
2025-06-27 03:19:33,403 [n1] -- Follower n1 heartbeat_received from Leader n3: {'leader_id': 'n3'}
2025-06-27 03:19:33,908 [n1] -- Follower n1 heartbeat_received from Leader n3: {'leader_id': 'n3'}
2025-06-27 03:19:34,415 [n1] -- Follower n1 heartbeat_received from Leader n3: {'leader_id': 'n3'}
2025-06-27 03:19:34,927 [n1] -- Follower n1 heartbeat_received from Leader n3: {'leader_id': 'n3'}
2025-06-27 03:19:35,435 [n1] -- Follower n1 heartbeat_received from Leader n3: {'leader_id': 'n3'}
2025-06-27 03:19:35,944 [n1] -- Follower n1 heartbeat_received from Leader n3: {'leader_id': 'n3'}
2025-06-27 03:19:36,456 [n1] -- Follower n1 heartbeat_received from Leader n3: {'leader_id': 'n3'}
2025-06-27 03:19:36,964 [n1] -- Follower n1 heartbeat_received from Leader n3: {'leader_id': 'n3'}
2025-06-27 03:19:37,470 [n1] -- Follower n1 heartbeat_received from Leader n3: {'leader_id': 'n3'}
2025-06-27 03:19:37,984 [n1] -- Follower n1 heartbeat_received from Leader n3: {'leader_id': 'n3'}
2025-06-27 03:19:38,491 [n1] -- Follower n1 heartbeat_received from Leader n3: {'leader_id': 'n3'}
2025-06-27 03:19:39,003 [n1] -- Follower n1 heartbeat_received from Leader n3: {'leader_id': 'n3'}
2025-06-27 03:19:39,511 [n1] -- Follower n1 heartbeat_received from Leader n3: {'leader_id': 'n3'}
2025-06-27 03:19:40,016 [n1] -- Follower n1 heartbeat_received from Leader n3: {'leader_id': 'n3'}
2025-06-27 03:19:40,522 [n1] -- Follower n1 heartbeat_received from Leader n3: {'leader_id': 'n3'}
2025-06-27 03:19:41,030 [n1] -- Follower n1 heartbeat_received from Leader n3: {'leader_id': 'n3'}
2025-06-27 03:19:41,537 [n1] -- Follower n1 heartbeat_received from Leader n3: {'leader_id': 'n3'}
2025-06-27 03:19:42,042 [n1] -- Follower n1 heartbeat_received from Leader n3: {'leader_id': 'n3'}
2025-06-27 03:19:42,549 [n1] -- Follower n1 heartbeat_received from Leader n3: {'leader_id': 'n3'}
2025-06-27 03:19:43,054 [n1] -- Follower n1 heartbeat_received from Leader n3: {'leader_id': 'n3'}
2025-06-27 03:19:43,561 [n1] -- Follower n1 heartbeat_received from Leader n3: {'leader_id': 'n3'}
2025-06-27 03:19:44,068 [n1] -- Follower n1 heartbeat_received from Leader n3: {'leader_id': 'n3'}
2025-06-27 03:19:44,574 [n1] -- Follower n1 heartbeat_received from Leader n3: {'leader_id': 'n3'}
2025-06-27 03:19:45,081 [n1] -- Follower n1 heartbeat_received from Leader n3: {'leader_id': 'n3'}
2025-06-27 03:19:45,588 [n1] -- Follower n1 heartbeat_received from Leader n3: {'leader_id': 'n3'}
2025-06-27 03:19:46,095 [n1] -- Follower n1 heartbeat_received from Leader n3: {'leader_id': 'n3'}
2025-06-27 03:19:46,603 [n1] -- Follower n1 heartbeat_received from Leader n3: {'leader_id': 'n3'}
2025-06-27 03:19:47,110 [n1] -- Follower n1 heartbeat_received from Leader n3: {'leader_id': 'n3'}
2025-06-27 03:19:47,617 [n1] -- Follower n1 heartbeat_received from Leader n3: {'leader_id': 'n3'}
2025-06-27 03:19:48,126 [n1] -- Follower n1 heartbeat_received from Leader n3: {'leader_id': 'n3'}
2025-06-27 03:19:48,640 [n1] -- Follower n1 heartbeat_received from Leader n3: {'leader_id': 'n3'}
2025-06-27 03:19:49,150 [n1] -- Follower n1 heartbeat_received from Leader n3: {'leader_id': 'n3'}
2025-06-27 03:19:49,659 [n1] -- Follower n1 heartbeat_received from Leader n3: {'leader_id': 'n3'}
2025-06-27 03:19:50,166 [n1] -- Follower n1 heartbeat_received from Leader n3: {'leader_id': 'n3'}
2025-06-27 03:19:50,670 [n1] -- Follower n1 heartbeat_received from Leader n3: {'leader_id': 'n3'}
2025-06-27 03:19:51,181 [n1] -- Follower n1 heartbeat_received from Leader n3: {'leader_id': 'n3'}
2025-06-27 03:19:51,693 [n1] -- Follower n1 heartbeat_received from Leader n3: {'leader_id': 'n3'}
2025-06-27 03:19:52,203 [n1] -- Follower n1 heartbeat_received from Leader n3: {'leader_id': 'n3'}
2025-06-27 03:19:52,712 [n1] -- Follower n1 heartbeat_received from Leader n3: {'leader_id': 'n3'}
2025-06-27 03:19:53,217 [n1] -- Follower n1 heartbeat_received from Leader n3: {'leader_id': 'n3'}
2025-06-27 03:19:53,729 [n1] -- Follower n1 heartbeat_received from Leader n3: {'leader_id': 'n3'}
2025-06-27 03:19:54,238 [n1] -- Follower n1 heartbeat_received from Leader n3: {'leader_id': 'n3'}
2025-06-27 03:19:54,749 [n1] -- Follower n1 heartbeat_received from Leader n3: {'leader_id': 'n3'}
2025-06-27 03:19:55,254 [n1] -- Follower n1 heartbeat_received from Leader n3: {'leader_id': 'n3'}
2025-06-27 03:19:55,761 [n1] -- Follower n1 heartbeat_received from Leader n3: {'leader_id': 'n3'}
2025-06-27 03:19:56,266 [n1] -- Follower n1 heartbeat_received from Leader n3: {'leader_id': 'n3'}
2025-06-27 03:19:56,774 [n1] -- Follower n1 heartbeat_received from Leader n3: {'leader_id': 'n3'}
2025-06-27 03:19:57,284 [n1] -- Follower n1 heartbeat_received from Leader n3: {'leader_id': 'n3'}
2025-06-27 03:19:57,794 [n1] -- Follower n1 heartbeat_received from Leader n3: {'leader_id': 'n3'}
2025-06-27 03:19:58,307 [n1] -- Follower n1 heartbeat_received from Leader n3: {'leader_id': 'n3'}
2025-06-27 03:19:58,815 [n1] -- Follower n1 heartbeat_received from Leader n3: {'leader_id': 'n3'}
2025-06-27 03:19:59,320 [n1] -- Follower n1 heartbeat_received from Leader n3: {'leader_id': 'n3'}
2025-06-27 03:19:59,826 [n1] -- Follower n1 heartbeat_received from Leader n3: {'leader_id': 'n3'}
2025-06-27 03:20:00,334 [n1] -- Follower n1 heartbeat_received from Leader n3: {'leader_id': 'n3'}
2025-06-27 03:20:00,842 [n1] -- Follower n1 heartbeat_received from Leader n3: {'leader_id': 'n3'}
2025-06-27 03:20:02,666 [n1] -- Candidate n1 election_started: {'term': 104}
2025-06-27 03:20:02,671 [n1] -- Candidate n1 vote_received: {'from_node': 'n2', 'term': 104, 'total_votes': 2}
2025-06-27 03:20:02,671 [n1] -- Leader n1 became_leader: {'term': 104}
2025-06-27 03:20:03,174 [n1] -- Leader n1 heartbeats_sent: {}
2025-06-27 03:20:03,684 [n1] -- Leader n1 heartbeats_sent: {}
2025-06-27 03:20:04,194 [n1] -- Leader n1 heartbeats_sent: {}
2025-06-27 03:20:04,704 [n1] -- Leader n1 heartbeats_sent: {}
2025-06-27 03:20:05,212 [n1] -- Leader n1 heartbeats_sent: {}
2025-06-27 03:20:05,720 [n1] -- Leader n1 heartbeats_sent: {}
2025-06-27 03:20:06,226 [n1] -- Leader n1 heartbeats_sent: {}
2025-06-27 03:20:06,734 [n1] -- Leader n1 heartbeats_sent: {}
2025-06-27 03:20:07,243 [n1] -- Leader n1 heartbeats_sent: {}
2025-06-27 03:20:07,752 [n1] -- Leader n1 heartbeats_sent: {}
2025-06-27 03:20:08,266 [n1] -- Leader n1 heartbeats_sent: {}
2025-06-27 03:20:08,774 [n1] -- Leader n1 heartbeats_sent: {}
2025-06-27 03:20:09,283 [n1] -- Leader n1 heartbeats_sent: {}
2025-06-27 03:20:09,803 [n1] -- Leader n1 heartbeats_sent: {}
2025-06-27 03:20:10,314 [n1] -- Leader n1 heartbeats_sent: {}
2025-06-27 03:20:10,824 [n1] -- Leader n1 heartbeats_sent: {}
2025-06-27 03:20:11,330 [n1] -- Leader n1 heartbeats_sent: {}
2025-06-27 03:20:12,151 [n1] -- Node n1 starting
2025-06-27 03:20:12,159 [n1] -- Follower n1 initialized_state: {'term': 104, 'voted_for': 'n1', 'log_length': 0}
2025-06-27 03:20:12,160 [n1] -- Follower n1 server_started: {'host': '127.0.0.1', 'port': '5001'}
2025-06-27 03:20:13,768 [n1] -- Candidate n1 election_started: {'term': 105}
2025-06-27 03:20:13,774 [n1] -- Candidate n1 vote_received: {'from_node': 'n2', 'term': 105, 'total_votes': 2}
2025-06-27 03:20:13,774 [n1] -- Leader n1 became_leader: {'term': 105}
2025-06-27 03:20:14,275 [n1] -- Leader n1 heartbeats_sent: {}
2025-06-27 03:20:14,784 [n1] -- Leader n1 heartbeats_sent: {}
2025-06-27 03:20:15,292 [n1] -- Leader n1 heartbeats_sent: {}
2025-06-27 03:20:15,799 [n1] -- Leader n1 heartbeats_sent: {}
2025-06-27 03:20:16,307 [n1] -- Leader n1 heartbeats_sent: {}
2025-06-27 03:20:16,815 [n1] -- Leader n1 heartbeats_sent: {}
2025-06-27 03:20:17,325 [n1] -- Leader n1 heartbeats_sent: {}
2025-06-27 03:20:17,826 [n1] -- Leader n1 heartbeats_sent: {}
2025-06-27 03:20:18,334 [n1] -- Leader n1 heartbeats_sent: {}
2025-06-27 03:20:18,848 [n1] -- Leader n1 heartbeats_sent: {}
2025-06-27 03:20:19,356 [n1] -- Leader n1 heartbeats_sent: {}
2025-06-27 03:20:19,864 [n1] -- Leader n1 heartbeats_sent: {}
2025-06-27 03:20:20,371 [n1] -- Leader n1 heartbeats_sent: {}
2025-06-27 03:20:20,881 [n1] -- Leader n1 heartbeats_sent: {}
2025-06-27 03:20:21,392 [n1] -- Leader n1 heartbeats_sent: {}
2025-06-27 03:20:21,901 [n1] -- Leader n1 heartbeats_sent: {}
2025-06-27 03:20:22,413 [n1] -- Leader n1 heartbeats_sent: {}
2025-06-27 03:20:22,924 [n1] -- Leader n1 heartbeats_sent: {}
2025-06-27 03:20:23,436 [n1] -- Leader n1 heartbeats_sent: {}
2025-06-27 03:20:23,937 [n1] -- Leader n1 heartbeats_sent: {}
2025-06-27 03:20:24,447 [n1] -- Leader n1 heartbeats_sent: {}
2025-06-27 03:20:24,960 [n1] -- Leader n1 heartbeats_sent: {}
2025-06-27 03:20:25,470 [n1] -- Leader n1 heartbeats_sent: {}
2025-06-27 03:20:25,976 [n1] -- Leader n1 heartbeats_sent: {}
2025-06-27 03:20:26,486 [n1] -- Leader n1 heartbeats_sent: {}
2025-06-27 03:20:26,999 [n1] -- Leader n1 heartbeats_sent: {}
2025-06-27 03:20:27,507 [n1] -- Leader n1 heartbeats_sent: {}
2025-06-27 03:20:28,015 [n1] -- Leader n1 heartbeats_sent: {}
2025-06-27 03:20:28,525 [n1] -- Leader n1 heartbeats_sent: {}
2025-06-27 03:20:29,034 [n1] -- Leader n1 heartbeats_sent: {}
2025-06-27 03:20:29,545 [n1] -- Leader n1 heartbeats_sent: {}
2025-06-27 03:20:30,053 [n1] -- Leader n1 heartbeats_sent: {}
2025-06-27 03:20:30,561 [n1] -- Leader n1 heartbeats_sent: {}
2025-06-27 03:20:31,071 [n1] -- Leader n1 heartbeats_sent: {}
2025-06-27 03:20:31,584 [n1] -- Leader n1 heartbeats_sent: {}
2025-06-27 03:20:32,093 [n1] -- Leader n1 heartbeats_sent: {}
2025-06-27 03:20:32,606 [n1] -- Leader n1 heartbeats_sent: {}
2025-06-27 03:20:33,114 [n1] -- Leader n1 heartbeats_sent: {}
2025-06-27 03:20:33,621 [n1] -- Leader n1 heartbeats_sent: {}
2025-06-27 03:20:34,128 [n1] -- Leader n1 heartbeats_sent: {}
2025-06-27 03:20:34,635 [n1] -- Leader n1 heartbeats_sent: {}
2025-06-27 03:20:35,145 [n1] -- Leader n1 heartbeats_sent: {}
2025-06-27 03:20:35,652 [n1] -- Leader n1 heartbeats_sent: {}
2025-06-27 03:20:36,160 [n1] -- Leader n1 heartbeats_sent: {}
2025-06-27 03:20:36,668 [n1] -- Leader n1 heartbeats_sent: {}
2025-06-27 03:20:37,176 [n1] -- Leader n1 heartbeats_sent: {}
2025-06-27 03:20:37,684 [n1] -- Leader n1 heartbeats_sent: {}
2025-06-27 03:20:38,198 [n1] -- Leader n1 heartbeats_sent: {}
2025-06-27 03:20:38,711 [n1] -- Leader n1 heartbeats_sent: {}
2025-06-27 03:20:39,220 [n1] -- Leader n1 heartbeats_sent: {}
2025-06-27 03:20:39,728 [n1] -- Leader n1 heartbeats_sent: {}
2025-06-27 03:20:40,236 [n1] -- Leader n1 heartbeats_sent: {}
2025-06-27 03:20:40,747 [n1] -- Leader n1 heartbeats_sent: {}
2025-06-27 03:20:41,255 [n1] -- Leader n1 heartbeats_sent: {}
2025-06-27 03:20:41,763 [n1] -- Leader n1 heartbeats_sent: {}
2025-06-27 03:20:42,271 [n1] -- Leader n1 heartbeats_sent: {}
2025-06-27 03:20:42,782 [n1] -- Leader n1 heartbeats_sent: {}
2025-06-27 03:20:43,291 [n1] -- Leader n1 heartbeats_sent: {}
2025-06-27 03:20:43,798 [n1] -- Leader n1 heartbeats_sent: {}
2025-06-27 03:20:44,306 [n1] -- Leader n1 heartbeats_sent: {}
2025-06-27 03:20:44,815 [n1] -- Leader n1 heartbeats_sent: {}
2025-06-27 03:20:45,327 [n1] -- Leader n1 heartbeats_sent: {}
2025-06-27 03:20:45,840 [n1] -- Leader n1 heartbeats_sent: {}
2025-06-27 03:20:46,350 [n1] -- Leader n1 heartbeats_sent: {}
2025-06-27 03:20:46,859 [n1] -- Leader n1 heartbeats_sent: {}
2025-06-27 03:20:47,369 [n1] -- Leader n1 heartbeats_sent: {}
2025-06-27 03:20:47,875 [n1] -- Leader n1 heartbeats_sent: {}
2025-06-27 03:20:48,386 [n1] -- Leader n1 heartbeats_sent: {}
2025-06-27 03:20:48,894 [n1] -- Leader n1 heartbeats_sent: {}
2025-06-27 03:20:49,401 [n1] -- Leader n1 heartbeats_sent: {}
2025-06-27 03:20:49,907 [n1] -- Leader n1 heartbeats_sent: {}
2025-06-27 03:20:50,415 [n1] -- Leader n1 heartbeats_sent: {}
2025-06-27 03:20:50,924 [n1] -- Leader n1 heartbeats_sent: {}
2025-06-27 03:20:51,432 [n1] -- Leader n1 heartbeats_sent: {}
2025-06-27 03:20:51,941 [n1] -- Leader n1 heartbeats_sent: {}
2025-06-27 03:20:52,451 [n1] -- Leader n1 heartbeats_sent: {}
2025-06-27 03:20:52,961 [n1] -- Leader n1 heartbeats_sent: {}
2025-06-27 03:20:53,472 [n1] -- Leader n1 heartbeats_sent: {}
2025-06-27 03:20:53,984 [n1] -- Leader n1 heartbeats_sent: {}
2025-06-27 03:20:54,493 [n1] -- Leader n1 heartbeats_sent: {}
2025-06-27 03:20:55,000 [n1] -- Leader n1 heartbeats_sent: {}
2025-06-27 03:20:55,510 [n1] -- Leader n1 heartbeats_sent: {}
2025-06-27 03:20:56,020 [n1] -- Leader n1 heartbeats_sent: {}
2025-06-27 03:20:56,528 [n1] -- Leader n1 heartbeats_sent: {}
2025-06-27 03:20:57,034 [n1] -- Leader n1 heartbeats_sent: {}
2025-06-27 03:20:57,541 [n1] -- Leader n1 heartbeats_sent: {}
2025-06-27 03:20:58,049 [n1] -- Leader n1 heartbeats_sent: {}
2025-06-27 03:20:58,555 [n1] -- Leader n1 heartbeats_sent: {}
2025-06-27 03:20:59,060 [n1] -- Leader n1 heartbeats_sent: {}
2025-06-27 03:20:59,567 [n1] -- Leader n1 heartbeats_sent: {}
2025-06-27 03:21:00,075 [n1] -- Leader n1 heartbeats_sent: {}
2025-06-27 03:21:00,581 [n1] -- Leader n1 heartbeats_sent: {}
2025-06-27 03:21:01,089 [n1] -- Leader n1 heartbeats_sent: {}
2025-06-27 03:21:01,597 [n1] -- Leader n1 heartbeats_sent: {}
2025-06-27 03:21:02,106 [n1] -- Leader n1 heartbeats_sent: {}
2025-06-27 03:21:02,619 [n1] -- Leader n1 heartbeats_sent: {}
2025-06-27 03:21:03,127 [n1] -- Leader n1 heartbeats_sent: {}
2025-06-27 03:21:03,636 [n1] -- Leader n1 heartbeats_sent: {}
2025-06-27 03:21:04,146 [n1] -- Leader n1 heartbeats_sent: {}
2025-06-27 03:21:04,655 [n1] -- Leader n1 heartbeats_sent: {}
2025-06-27 03:21:05,163 [n1] -- Leader n1 heartbeats_sent: {}
2025-06-27 03:21:05,673 [n1] -- Leader n1 heartbeats_sent: {}
2025-06-27 03:21:06,186 [n1] -- Leader n1 heartbeats_sent: {}
2025-06-27 03:21:06,695 [n1] -- Leader n1 heartbeats_sent: {}
2025-06-27 03:21:07,203 [n1] -- Leader n1 heartbeats_sent: {}
2025-06-27 03:21:07,713 [n1] -- Leader n1 heartbeats_sent: {}
2025-06-27 03:21:08,223 [n1] -- Leader n1 heartbeats_sent: {}
2025-06-27 03:21:08,737 [n1] -- Leader n1 heartbeats_sent: {}
2025-06-27 03:21:09,249 [n1] -- Leader n1 heartbeats_sent: {}
2025-06-27 03:21:09,759 [n1] -- Leader n1 heartbeats_sent: {}
2025-06-27 03:21:10,269 [n1] -- Leader n1 heartbeats_sent: {}
2025-06-27 03:21:10,776 [n1] -- Leader n1 heartbeats_sent: {}
2025-06-27 03:21:11,283 [n1] -- Leader n1 heartbeats_sent: {}
2025-06-27 03:21:11,795 [n1] -- Leader n1 heartbeats_sent: {}
2025-06-27 03:21:12,303 [n1] -- Leader n1 heartbeats_sent: {}
2025-06-27 03:21:12,811 [n1] -- Leader n1 heartbeats_sent: {}
2025-06-27 03:21:13,322 [n1] -- Leader n1 heartbeats_sent: {}
2025-06-27 03:21:13,830 [n1] -- Leader n1 heartbeats_sent: {}
2025-06-27 03:21:14,340 [n1] -- Leader n1 heartbeats_sent: {}
2025-06-27 03:21:14,841 [n1] -- Leader n1 heartbeats_sent: {}
2025-06-27 03:21:15,353 [n1] -- Leader n1 heartbeats_sent: {}
2025-06-27 03:21:15,853 [n1] -- Leader n1 heartbeats_sent: {}
2025-06-27 03:21:16,356 [n1] -- Leader n1 heartbeats_sent: {}
2025-06-27 03:21:16,866 [n1] -- Leader n1 heartbeats_sent: {}
2025-06-27 03:21:17,374 [n1] -- Leader n1 heartbeats_sent: {}
2025-06-27 03:21:17,882 [n1] -- Leader n1 heartbeats_sent: {}
2025-06-27 03:21:18,394 [n1] -- Leader n1 heartbeats_sent: {}
2025-06-27 03:21:18,906 [n1] -- Leader n1 heartbeats_sent: {}
2025-06-27 03:21:19,407 [n1] -- Leader n1 heartbeats_sent: {}
2025-06-27 03:21:19,916 [n1] -- Leader n1 heartbeats_sent: {}
2025-06-27 03:21:20,424 [n1] -- Leader n1 heartbeats_sent: {}
2025-06-27 03:21:20,934 [n1] -- Leader n1 heartbeats_sent: {}
2025-06-27 03:21:21,443 [n1] -- Leader n1 heartbeats_sent: {}
2025-06-27 03:21:21,958 [n1] -- Leader n1 heartbeats_sent: {}
2025-06-27 03:21:22,472 [n1] -- Leader n1 heartbeats_sent: {}
2025-06-27 03:21:22,980 [n1] -- Leader n1 heartbeats_sent: {}
2025-06-27 03:21:23,487 [n1] -- Leader n1 heartbeats_sent: {}
2025-06-27 03:21:23,998 [n1] -- Leader n1 heartbeats_sent: {}
2025-06-27 03:23:39,434 [n1] -- Node n1 starting
2025-06-27 03:23:39,442 [n1] -- Follower n1 initialized_state: {'term': 105, 'voted_for': 'n1', 'log_length': 0}
2025-06-27 03:23:39,443 [n1] -- Follower n1 server_started: {'host': '127.0.0.1', 'port': '5001'}
2025-06-27 03:23:41,527 [n1] -- Candidate n1 election_started: {'term': 106}
2025-06-27 03:23:43,567 [n1] -- Candidate n1 send_failed to peer n3: {'error': '[WinError 1225] The remote computer refused the network connection'}
2025-06-27 03:23:43,568 [n1] -- Candidate n1 send_failed to peer n2: {'error': '[WinError 1225] The remote computer refused the network connection'}
2025-06-27 03:23:44,227 [n1] -- Candidate n1 election_started: {'term': 107}
2025-06-27 03:23:46,267 [n1] -- Candidate n1 send_failed to peer n3: {'error': '[WinError 1225] The remote computer refused the network connection'}
2025-06-27 03:23:46,267 [n1] -- Candidate n1 send_failed to peer n2: {'error': '[WinError 1225] The remote computer refused the network connection'}
2025-06-27 03:23:46,452 [n1] -- Candidate n1 election_started: {'term': 108}
2025-06-27 03:23:48,480 [n1] -- Candidate n1 send_failed to peer n2: {'error': '[WinError 1225] The remote computer refused the network connection'}
2025-06-27 03:23:48,481 [n1] -- Candidate n1 send_failed to peer n3: {'error': '[WinError 1225] The remote computer refused the network connection'}
2025-06-27 03:23:49,321 [n1] -- Candidate n1 election_started: {'term': 109}
2025-06-27 03:23:51,349 [n1] -- Candidate n1 send_failed to peer n2: {'error': '[WinError 1225] The remote computer refused the network connection'}
2025-06-27 03:23:51,349 [n1] -- Candidate n1 send_failed to peer n3: {'error': '[WinError 1225] The remote computer refused the network connection'}
2025-06-27 03:23:52,043 [n1] -- Candidate n1 election_started: {'term': 110}
2025-06-27 03:23:53,626 [n1] -- Candidate n1 election_started: {'term': 111}
2025-06-27 03:23:54,074 [n1] -- Candidate n1 send_failed to peer n3: {'error': '[WinError 1225] The remote computer refused the network connection'}
2025-06-27 03:23:54,139 [n1] -- Candidate n1 vote_received: {'from_node': 'n2', 'term': 111, 'total_votes': 2}
2025-06-27 03:23:54,139 [n1] -- Leader n1 became_leader: {'term': 111}
2025-06-27 03:23:54,644 [n1] -- Leader n1 heartbeats_sent: {}
2025-06-27 03:23:55,152 [n1] -- Leader n1 heartbeats_sent: {}
2025-06-27 03:23:55,660 [n1] -- Leader n1 heartbeats_sent: {}
2025-06-27 03:23:55,661 [n1] -- Leader n1 send_failed to peer n3: {'error': '[WinError 1225] The remote computer refused the network connection'}
2025-06-27 03:23:56,170 [n1] -- Leader n1 heartbeats_sent: {}
2025-06-27 03:23:56,680 [n1] -- Leader n1 heartbeats_sent: {}
2025-06-27 03:23:56,680 [n1] -- Leader n1 send_failed to peer n3: {'error': '[WinError 1225] The remote computer refused the network connection'}
2025-06-27 03:23:57,188 [n1] -- Leader n1 heartbeats_sent: {}
2025-06-27 03:23:57,188 [n1] -- Leader n1 send_failed to peer n3: {'error': '[WinError 1225] The remote computer refused the network connection'}
2025-06-27 03:23:57,696 [n1] -- Leader n1 heartbeats_sent: {}
2025-06-27 03:23:57,698 [n1] -- Leader n1 send_failed to peer n3: {'error': '[WinError 1225] The remote computer refused the network connection'}
2025-06-27 03:23:58,205 [n1] -- Leader n1 heartbeats_sent: {}
2025-06-27 03:23:58,206 [n1] -- Leader n1 send_failed to peer n3: {'error': '[WinError 1225] The remote computer refused the network connection'}
2025-06-27 03:23:58,716 [n1] -- Leader n1 heartbeats_sent: {}
2025-06-27 03:23:58,716 [n1] -- Leader n1 send_failed to peer n3: {'error': '[WinError 1225] The remote computer refused the network connection'}
2025-06-27 03:23:59,224 [n1] -- Leader n1 heartbeats_sent: {}
2025-06-27 03:23:59,225 [n1] -- Leader n1 send_failed to peer n3: {'error': '[WinError 1225] The remote computer refused the network connection'}
2025-06-27 03:23:59,733 [n1] -- Leader n1 heartbeats_sent: {}
2025-06-27 03:23:59,733 [n1] -- Leader n1 send_failed to peer n3: {'error': '[WinError 1225] The remote computer refused the network connection'}
2025-06-27 03:24:00,239 [n1] -- Leader n1 heartbeats_sent: {}
2025-06-27 03:24:00,240 [n1] -- Leader n1 send_failed to peer n3: {'error': '[WinError 1225] The remote computer refused the network connection'}
2025-06-27 03:24:00,747 [n1] -- Leader n1 heartbeats_sent: {}
2025-06-27 03:24:00,747 [n1] -- Leader n1 send_failed to peer n3: {'error': '[WinError 1225] The remote computer refused the network connection'}
2025-06-27 03:24:01,254 [n1] -- Leader n1 heartbeats_sent: {}
2025-06-27 03:24:01,255 [n1] -- Leader n1 send_failed to peer n3: {'error': '[WinError 1225] The remote computer refused the network connection'}
2025-06-27 03:24:01,762 [n1] -- Leader n1 heartbeats_sent: {}
2025-06-27 03:24:01,762 [n1] -- Leader n1 send_failed to peer n3: {'error': '[WinError 1225] The remote computer refused the network connection'}
2025-06-27 03:24:02,272 [n1] -- Leader n1 heartbeats_sent: {}
2025-06-27 03:24:02,272 [n1] -- Leader n1 send_failed to peer n3: {'error': '[WinError 1225] The remote computer refused the network connection'}
2025-06-27 03:24:02,777 [n1] -- Leader n1 heartbeats_sent: {}
2025-06-27 03:24:02,778 [n1] -- Leader n1 send_failed to peer n3: {'error': '[WinError 1225] The remote computer refused the network connection'}
2025-06-27 03:24:03,285 [n1] -- Leader n1 heartbeats_sent: {}
2025-06-27 03:24:03,286 [n1] -- Leader n1 send_failed to peer n3: {'error': '[WinError 1225] The remote computer refused the network connection'}
2025-06-27 03:24:03,795 [n1] -- Leader n1 heartbeats_sent: {}
2025-06-27 03:24:03,797 [n1] -- Leader n1 send_failed to peer n3: {'error': '[WinError 1225] The remote computer refused the network connection'}
2025-06-27 03:24:04,305 [n1] -- Leader n1 heartbeats_sent: {}
2025-06-27 03:24:04,305 [n1] -- Leader n1 send_failed to peer n3: {'error': '[WinError 1225] The remote computer refused the network connection'}
2025-06-27 03:24:04,814 [n1] -- Leader n1 heartbeats_sent: {}
2025-06-27 03:24:04,814 [n1] -- Leader n1 send_failed to peer n3: {'error': '[WinError 1225] The remote computer refused the network connection'}
2025-06-27 03:24:05,324 [n1] -- Leader n1 heartbeats_sent: {}
2025-06-27 03:24:05,325 [n1] -- Leader n1 send_failed to peer n3: {'error': '[WinError 1225] The remote computer refused the network connection'}
2025-06-27 03:24:05,834 [n1] -- Leader n1 heartbeats_sent: {}
2025-06-27 03:24:05,834 [n1] -- Leader n1 send_failed to peer n3: {'error': '[WinError 1225] The remote computer refused the network connection'}
2025-06-27 03:24:06,343 [n1] -- Leader n1 heartbeats_sent: {}
2025-06-27 03:24:06,344 [n1] -- Leader n1 send_failed to peer n3: {'error': '[WinError 1225] The remote computer refused the network connection'}
2025-06-27 03:24:06,850 [n1] -- Leader n1 heartbeats_sent: {}
2025-06-27 03:24:06,851 [n1] -- Leader n1 send_failed to peer n3: {'error': '[WinError 1225] The remote computer refused the network connection'}
2025-06-27 03:24:07,360 [n1] -- Leader n1 heartbeats_sent: {}
2025-06-27 03:24:07,361 [n1] -- Leader n1 send_failed to peer n3: {'error': '[WinError 1225] The remote computer refused the network connection'}
2025-06-27 03:24:07,872 [n1] -- Leader n1 heartbeats_sent: {}
2025-06-27 03:24:07,872 [n1] -- Leader n1 send_failed to peer n3: {'error': '[WinError 1225] The remote computer refused the network connection'}
2025-06-27 03:24:08,379 [n1] -- Leader n1 heartbeats_sent: {}
2025-06-27 03:24:08,379 [n1] -- Leader n1 send_failed to peer n3: {'error': '[WinError 1225] The remote computer refused the network connection'}
2025-06-27 03:24:08,886 [n1] -- Leader n1 heartbeats_sent: {}
2025-06-27 03:24:08,886 [n1] -- Leader n1 send_failed to peer n3: {'error': '[WinError 1225] The remote computer refused the network connection'}
2025-06-27 03:24:09,395 [n1] -- Leader n1 heartbeats_sent: {}
2025-06-27 03:24:09,395 [n1] -- Leader n1 send_failed to peer n3: {'error': '[WinError 1225] The remote computer refused the network connection'}
2025-06-27 03:24:09,901 [n1] -- Leader n1 heartbeats_sent: {}
2025-06-27 03:24:09,902 [n1] -- Leader n1 send_failed to peer n3: {'error': '[WinError 1225] The remote computer refused the network connection'}
2025-06-27 03:24:10,409 [n1] -- Leader n1 heartbeats_sent: {}
2025-06-27 03:24:10,410 [n1] -- Leader n1 send_failed to peer n3: {'error': '[WinError 1225] The remote computer refused the network connection'}
2025-06-27 03:24:10,916 [n1] -- Leader n1 heartbeats_sent: {}
2025-06-27 03:24:10,918 [n1] -- Leader n1 send_failed to peer n3: {'error': '[WinError 1225] The remote computer refused the network connection'}
2025-06-27 03:24:11,423 [n1] -- Leader n1 heartbeats_sent: {}
2025-06-27 03:24:11,424 [n1] -- Leader n1 send_failed to peer n3: {'error': '[WinError 1225] The remote computer refused the network connection'}
2025-06-27 03:24:11,931 [n1] -- Leader n1 heartbeats_sent: {}
2025-06-27 03:24:11,932 [n1] -- Leader n1 send_failed to peer n3: {'error': '[WinError 1225] The remote computer refused the network connection'}
2025-06-27 03:24:12,440 [n1] -- Leader n1 heartbeats_sent: {}
2025-06-27 03:24:12,442 [n1] -- Leader n1 send_failed to peer n3: {'error': '[WinError 1225] The remote computer refused the network connection'}
2025-06-27 03:24:12,949 [n1] -- Leader n1 heartbeats_sent: {}
2025-06-27 03:24:12,950 [n1] -- Leader n1 send_failed to peer n3: {'error': '[WinError 1225] The remote computer refused the network connection'}
2025-06-27 03:24:13,457 [n1] -- Leader n1 heartbeats_sent: {}
2025-06-27 03:24:13,457 [n1] -- Leader n1 send_failed to peer n3: {'error': '[WinError 1225] The remote computer refused the network connection'}
2025-06-27 03:24:13,963 [n1] -- Leader n1 heartbeats_sent: {}
2025-06-27 03:24:13,964 [n1] -- Leader n1 send_failed to peer n3: {'error': '[WinError 1225] The remote computer refused the network connection'}
2025-06-27 03:24:14,470 [n1] -- Leader n1 heartbeats_sent: {}
2025-06-27 03:24:14,471 [n1] -- Leader n1 send_failed to peer n2: {'error': '[WinError 1225] The remote computer refused the network connection'}
2025-06-27 03:24:14,472 [n1] -- Leader n1 send_failed to peer n3: {'error': '[WinError 1225] The remote computer refused the network connection'}
2025-06-27 03:24:14,976 [n1] -- Leader n1 heartbeats_sent: {}
2025-06-27 03:24:14,976 [n1] -- Leader n1 send_failed to peer n3: {'error': '[WinError 1225] The remote computer refused the network connection'}
2025-06-27 03:24:14,976 [n1] -- Leader n1 send_failed to peer n2: {'error': '[WinError 1225] The remote computer refused the network connection'}
2025-06-27 03:24:15,487 [n1] -- Leader n1 heartbeats_sent: {}
2025-06-27 03:24:15,487 [n1] -- Leader n1 send_failed to peer n3: {'error': '[WinError 1225] The remote computer refused the network connection'}
2025-06-27 03:24:15,487 [n1] -- Leader n1 send_failed to peer n2: {'error': '[WinError 1225] The remote computer refused the network connection'}
2025-06-27 03:24:15,996 [n1] -- Leader n1 heartbeats_sent: {}
2025-06-27 03:24:15,996 [n1] -- Leader n1 send_failed to peer n3: {'error': '[WinError 1225] The remote computer refused the network connection'}
2025-06-27 03:24:15,997 [n1] -- Leader n1 send_failed to peer n2: {'error': '[WinError 1225] The remote computer refused the network connection'}
2025-06-27 03:24:16,506 [n1] -- Leader n1 heartbeats_sent: {}
2025-06-27 03:24:16,507 [n1] -- Leader n1 send_failed to peer n2: {'error': '[WinError 1225] The remote computer refused the network connection'}
2025-06-27 03:24:16,507 [n1] -- Leader n1 send_failed to peer n3: {'error': '[WinError 1225] The remote computer refused the network connection'}
2025-06-27 03:24:17,015 [n1] -- Leader n1 heartbeats_sent: {}
2025-06-27 03:24:17,015 [n1] -- Leader n1 send_failed to peer n3: {'error': '[WinError 1225] The remote computer refused the network connection'}
2025-06-27 03:24:17,022 [n1] -- Leader n1 send_failed to peer n2: {'error': '[WinError 1225] The remote computer refused the network connection'}
2025-06-27 03:24:17,519 [n1] -- Leader n1 heartbeats_sent: {}
2025-06-27 03:24:17,519 [n1] -- Leader n1 send_failed to peer n2: {'error': '[WinError 1225] The remote computer refused the network connection'}
2025-06-27 03:24:17,519 [n1] -- Leader n1 send_failed to peer n3: {'error': '[WinError 1225] The remote computer refused the network connection'}
2025-06-27 03:24:18,025 [n1] -- Leader n1 heartbeats_sent: {}
2025-06-27 03:24:18,027 [n1] -- Leader n1 send_failed to peer n2: {'error': '[WinError 1225] The remote computer refused the network connection'}
2025-06-27 03:24:18,027 [n1] -- Leader n1 send_failed to peer n3: {'error': '[WinError 1225] The remote computer refused the network connection'}
2025-06-27 03:24:18,530 [n1] -- Leader n1 heartbeats_sent: {}
2025-06-27 03:24:18,532 [n1] -- Leader n1 send_failed to peer n2: {'error': '[WinError 1225] The remote computer refused the network connection'}
2025-06-27 03:24:18,532 [n1] -- Leader n1 send_failed to peer n3: {'error': '[WinError 1225] The remote computer refused the network connection'}
2025-06-27 03:24:19,043 [n1] -- Leader n1 heartbeats_sent: {}
2025-06-27 03:24:19,058 [n1] -- Leader n1 send_failed to peer n3: {'error': '[WinError 1225] The remote computer refused the network connection'}
2025-06-27 03:24:19,058 [n1] -- Leader n1 send_failed to peer n2: {'error': '[WinError 1225] The remote computer refused the network connection'}
2025-06-27 03:24:19,550 [n1] -- Leader n1 heartbeats_sent: {}
2025-06-27 03:24:19,551 [n1] -- Leader n1 send_failed to peer n2: {'error': '[WinError 1225] The remote computer refused the network connection'}
2025-06-27 03:24:19,551 [n1] -- Leader n1 send_failed to peer n3: {'error': '[WinError 1225] The remote computer refused the network connection'}
2025-06-27 03:24:20,060 [n1] -- Leader n1 heartbeats_sent: {}
2025-06-27 03:24:20,061 [n1] -- Leader n1 send_failed to peer n3: {'error': '[WinError 1225] The remote computer refused the network connection'}
2025-06-27 03:24:20,061 [n1] -- Leader n1 send_failed to peer n2: {'error': '[WinError 1225] The remote computer refused the network connection'}
2025-06-27 03:24:20,570 [n1] -- Leader n1 heartbeats_sent: {}
2025-06-27 03:24:20,570 [n1] -- Leader n1 send_failed to peer n3: {'error': '[WinError 1225] The remote computer refused the network connection'}
2025-06-27 03:24:20,570 [n1] -- Leader n1 send_failed to peer n2: {'error': '[WinError 1225] The remote computer refused the network connection'}
2025-06-27 03:24:21,075 [n1] -- Leader n1 heartbeats_sent: {}
2025-06-27 03:24:21,076 [n1] -- Leader n1 send_failed to peer n2: {'error': '[WinError 1225] The remote computer refused the network connection'}
2025-06-27 03:24:21,077 [n1] -- Leader n1 send_failed to peer n3: {'error': '[WinError 1225] The remote computer refused the network connection'}
2025-06-27 03:24:21,581 [n1] -- Leader n1 heartbeats_sent: {}
2025-06-27 03:24:21,582 [n1] -- Leader n1 send_failed to peer n3: {'error': '[WinError 1225] The remote computer refused the network connection'}
2025-06-27 03:24:21,582 [n1] -- Leader n1 send_failed to peer n2: {'error': '[WinError 1225] The remote computer refused the network connection'}
2025-06-27 03:24:22,090 [n1] -- Leader n1 heartbeats_sent: {}
2025-06-27 03:24:22,091 [n1] -- Leader n1 send_failed to peer n2: {'error': '[WinError 1225] The remote computer refused the network connection'}
2025-06-27 03:24:22,091 [n1] -- Leader n1 send_failed to peer n3: {'error': '[WinError 1225] The remote computer refused the network connection'}
2025-06-27 03:24:22,597 [n1] -- Leader n1 heartbeats_sent: {}
2025-06-27 03:24:22,598 [n1] -- Leader n1 send_failed to peer n2: {'error': '[WinError 1225] The remote computer refused the network connection'}
2025-06-27 03:24:22,598 [n1] -- Leader n1 send_failed to peer n3: {'error': '[WinError 1225] The remote computer refused the network connection'}
2025-06-27 03:24:23,105 [n1] -- Leader n1 heartbeats_sent: {}
2025-06-27 03:24:23,106 [n1] -- Leader n1 send_failed to peer n2: {'error': '[WinError 1225] The remote computer refused the network connection'}
2025-06-27 03:24:23,106 [n1] -- Leader n1 send_failed to peer n3: {'error': '[WinError 1225] The remote computer refused the network connection'}
2025-06-27 03:24:23,612 [n1] -- Leader n1 heartbeats_sent: {}
2025-06-27 03:24:23,613 [n1] -- Leader n1 send_failed to peer n2: {'error': '[WinError 1225] The remote computer refused the network connection'}
2025-06-27 03:24:23,613 [n1] -- Leader n1 send_failed to peer n3: {'error': '[WinError 1225] The remote computer refused the network connection'}
2025-06-27 03:24:24,122 [n1] -- Leader n1 heartbeats_sent: {}
2025-06-27 03:24:24,122 [n1] -- Leader n1 send_failed to peer n3: {'error': '[WinError 1225] The remote computer refused the network connection'}
2025-06-27 03:24:24,122 [n1] -- Leader n1 send_failed to peer n2: {'error': '[WinError 1225] The remote computer refused the network connection'}
2025-06-27 03:24:24,636 [n1] -- Leader n1 heartbeats_sent: {}
2025-06-27 03:24:24,636 [n1] -- Leader n1 send_failed to peer n3: {'error': '[WinError 1225] The remote computer refused the network connection'}
2025-06-27 03:24:24,637 [n1] -- Leader n1 send_failed to peer n2: {'error': '[WinError 1225] The remote computer refused the network connection'}
2025-06-27 03:24:25,144 [n1] -- Leader n1 heartbeats_sent: {}
2025-06-27 03:24:25,144 [n1] -- Leader n1 send_failed to peer n2: {'error': '[WinError 1225] The remote computer refused the network connection'}
2025-06-27 03:24:25,144 [n1] -- Leader n1 send_failed to peer n3: {'error': '[WinError 1225] The remote computer refused the network connection'}
2025-06-27 03:24:25,655 [n1] -- Leader n1 heartbeats_sent: {}
2025-06-27 03:24:25,655 [n1] -- Leader n1 send_failed to peer n2: {'error': '[WinError 1225] The remote computer refused the network connection'}
2025-06-27 03:24:25,655 [n1] -- Leader n1 send_failed to peer n3: {'error': '[WinError 1225] The remote computer refused the network connection'}
2025-06-27 03:24:26,162 [n1] -- Leader n1 heartbeats_sent: {}
2025-06-27 03:24:26,162 [n1] -- Leader n1 send_failed to peer n2: {'error': '[WinError 1225] The remote computer refused the network connection'}
2025-06-27 03:24:26,163 [n1] -- Leader n1 send_failed to peer n3: {'error': '[WinError 1225] The remote computer refused the network connection'}
2025-06-27 03:24:26,668 [n1] -- Leader n1 heartbeats_sent: {}
2025-06-27 03:24:26,669 [n1] -- Leader n1 send_failed to peer n2: {'error': '[WinError 1225] The remote computer refused the network connection'}
2025-06-27 03:24:26,670 [n1] -- Leader n1 send_failed to peer n3: {'error': '[WinError 1225] The remote computer refused the network connection'}
2025-06-27 03:24:27,175 [n1] -- Leader n1 heartbeats_sent: {}
2025-06-27 03:24:27,176 [n1] -- Leader n1 send_failed to peer n2: {'error': '[WinError 1225] The remote computer refused the network connection'}
2025-06-27 03:24:27,177 [n1] -- Leader n1 send_failed to peer n3: {'error': '[WinError 1225] The remote computer refused the network connection'}
2025-06-27 03:24:27,682 [n1] -- Leader n1 heartbeats_sent: {}
2025-06-27 03:24:27,683 [n1] -- Leader n1 send_failed to peer n3: {'error': '[WinError 1225] The remote computer refused the network connection'}
2025-06-27 03:24:27,683 [n1] -- Leader n1 send_failed to peer n2: {'error': '[WinError 1225] The remote computer refused the network connection'}
2025-06-27 03:24:27,831 [n1] -- Leader n1 send_failed to peer n2: {'error': '0 bytes read on a total of 4 expected bytes'}
2025-06-27 03:24:27,832 [n1] -- Leader n1 send_failed to peer n2: {'error': '0 bytes read on a total of 4 expected bytes'}
2025-06-27 03:24:27,833 [n1] -- Leader n1 send_failed to peer n2: {'error': '0 bytes read on a total of 4 expected bytes'}
2025-06-27 03:24:27,833 [n1] -- Leader n1 send_failed to peer n2: {'error': '0 bytes read on a total of 4 expected bytes'}
2025-06-27 03:24:27,833 [n1] -- Leader n1 send_failed to peer n2: {'error': '0 bytes read on a total of 4 expected bytes'}
2025-06-27 03:24:27,833 [n1] -- Leader n1 send_failed to peer n2: {'error': '0 bytes read on a total of 4 expected bytes'}
2025-06-27 03:24:27,834 [n1] -- Leader n1 send_failed to peer n2: {'error': '0 bytes read on a total of 4 expected bytes'}
2025-06-27 03:24:27,834 [n1] -- Leader n1 send_failed to peer n2: {'error': '0 bytes read on a total of 4 expected bytes'}
2025-06-27 03:24:27,834 [n1] -- Leader n1 send_failed to peer n2: {'error': '0 bytes read on a total of 4 expected bytes'}
2025-06-27 03:24:27,834 [n1] -- Leader n1 send_failed to peer n2: {'error': '0 bytes read on a total of 4 expected bytes'}
2025-06-27 03:24:27,836 [n1] -- Leader n1 send_failed to peer n2: {'error': '0 bytes read on a total of 4 expected bytes'}
2025-06-27 03:24:27,836 [n1] -- Leader n1 send_failed to peer n2: {'error': '0 bytes read on a total of 4 expected bytes'}
2025-06-27 03:24:27,836 [n1] -- Leader n1 send_failed to peer n2: {'error': '0 bytes read on a total of 4 expected bytes'}
2025-06-27 03:24:27,837 [n1] -- Leader n1 send_failed to peer n2: {'error': '0 bytes read on a total of 4 expected bytes'}
2025-06-27 03:24:27,837 [n1] -- Leader n1 send_failed to peer n2: {'error': '0 bytes read on a total of 4 expected bytes'}
2025-06-27 03:24:27,837 [n1] -- Leader n1 send_failed to peer n2: {'error': '0 bytes read on a total of 4 expected bytes'}
2025-06-27 03:24:27,837 [n1] -- Leader n1 send_failed to peer n2: {'error': '0 bytes read on a total of 4 expected bytes'}
2025-06-27 03:24:27,838 [n1] -- Leader n1 send_failed to peer n2: {'error': '0 bytes read on a total of 4 expected bytes'}
2025-06-27 03:24:27,839 [n1] -- Leader n1 send_failed to peer n2: {'error': '0 bytes read on a total of 4 expected bytes'}
2025-06-27 03:24:27,839 [n1] -- Leader n1 send_failed to peer n2: {'error': '0 bytes read on a total of 4 expected bytes'}
2025-06-27 03:24:27,839 [n1] -- Leader n1 send_failed to peer n2: {'error': '0 bytes read on a total of 4 expected bytes'}
2025-06-27 03:24:27,840 [n1] -- Leader n1 send_failed to peer n2: {'error': '0 bytes read on a total of 4 expected bytes'}
2025-06-27 03:24:27,840 [n1] -- Leader n1 send_failed to peer n2: {'error': '0 bytes read on a total of 4 expected bytes'}
2025-06-27 03:24:27,840 [n1] -- Leader n1 send_failed to peer n2: {'error': '0 bytes read on a total of 4 expected bytes'}
2025-06-27 03:24:27,840 [n1] -- Leader n1 send_failed to peer n2: {'error': '0 bytes read on a total of 4 expected bytes'}
2025-06-27 03:24:27,841 [n1] -- Leader n1 send_failed to peer n2: {'error': '0 bytes read on a total of 4 expected bytes'}
2025-06-27 03:24:27,841 [n1] -- Leader n1 send_failed to peer n2: {'error': '0 bytes read on a total of 4 expected bytes'}
2025-06-27 03:24:27,841 [n1] -- Leader n1 send_failed to peer n2: {'error': '0 bytes read on a total of 4 expected bytes'}
2025-06-27 03:24:27,841 [n1] -- Leader n1 send_failed to peer n2: {'error': '0 bytes read on a total of 4 expected bytes'}
2025-06-27 03:24:27,841 [n1] -- Leader n1 send_failed to peer n2: {'error': '0 bytes read on a total of 4 expected bytes'}
2025-06-27 03:24:27,842 [n1] -- Leader n1 send_failed to peer n2: {'error': '0 bytes read on a total of 4 expected bytes'}
2025-06-27 03:24:27,842 [n1] -- Leader n1 send_failed to peer n2: {'error': '0 bytes read on a total of 4 expected bytes'}
2025-06-27 03:24:27,842 [n1] -- Leader n1 send_failed to peer n2: {'error': '0 bytes read on a total of 4 expected bytes'}
2025-06-27 03:24:27,842 [n1] -- Leader n1 send_failed to peer n2: {'error': '0 bytes read on a total of 4 expected bytes'}
2025-06-27 03:24:27,843 [n1] -- Leader n1 send_failed to peer n2: {'error': '0 bytes read on a total of 4 expected bytes'}
2025-06-27 03:24:28,191 [n1] -- Leader n1 heartbeats_sent: {}
2025-06-27 03:24:28,191 [n1] -- Leader n1 send_failed to peer n3: {'error': '[WinError 1225] The remote computer refused the network connection'}
2025-06-27 03:24:28,191 [n1] -- Leader n1 send_failed to peer n2: {'error': '[WinError 1225] The remote computer refused the network connection'}
2025-06-27 03:24:28,697 [n1] -- Leader n1 heartbeats_sent: {}
2025-06-27 03:24:28,698 [n1] -- Leader n1 send_failed to peer n3: {'error': '[WinError 1225] The remote computer refused the network connection'}
2025-06-27 03:24:28,698 [n1] -- Leader n1 send_failed to peer n2: {'error': '[WinError 1225] The remote computer refused the network connection'}
2025-06-27 03:24:29,205 [n1] -- Leader n1 heartbeats_sent: {}
2025-06-27 03:24:29,206 [n1] -- Leader n1 send_failed to peer n3: {'error': '[WinError 1225] The remote computer refused the network connection'}
2025-06-27 03:24:29,206 [n1] -- Leader n1 send_failed to peer n2: {'error': '[WinError 1225] The remote computer refused the network connection'}
2025-06-27 03:24:29,716 [n1] -- Leader n1 heartbeats_sent: {}
2025-06-27 03:24:29,716 [n1] -- Leader n1 send_failed to peer n3: {'error': '[WinError 1225] The remote computer refused the network connection'}
2025-06-27 03:24:29,716 [n1] -- Leader n1 send_failed to peer n2: {'error': '[WinError 1225] The remote computer refused the network connection'}
2025-06-27 03:24:30,227 [n1] -- Leader n1 heartbeats_sent: {}
2025-06-27 03:24:30,228 [n1] -- Leader n1 send_failed to peer n3: {'error': '[WinError 1225] The remote computer refused the network connection'}
2025-06-27 03:24:30,228 [n1] -- Leader n1 send_failed to peer n2: {'error': '[WinError 1225] The remote computer refused the network connection'}
2025-06-27 03:24:30,735 [n1] -- Leader n1 heartbeats_sent: {}
2025-06-27 03:24:30,735 [n1] -- Leader n1 send_failed to peer n3: {'error': '[WinError 1225] The remote computer refused the network connection'}
2025-06-27 03:24:30,735 [n1] -- Leader n1 send_failed to peer n2: {'error': '[WinError 1225] The remote computer refused the network connection'}
2025-06-27 03:24:31,246 [n1] -- Leader n1 heartbeats_sent: {}
2025-06-27 03:24:31,246 [n1] -- Leader n1 send_failed to peer n3: {'error': '[WinError 1225] The remote computer refused the network connection'}
2025-06-27 03:24:31,247 [n1] -- Leader n1 send_failed to peer n2: {'error': '[WinError 1225] The remote computer refused the network connection'}
2025-06-27 03:24:31,755 [n1] -- Leader n1 heartbeats_sent: {}
2025-06-27 03:24:31,756 [n1] -- Leader n1 send_failed to peer n3: {'error': '[WinError 1225] The remote computer refused the network connection'}
2025-06-27 03:24:31,756 [n1] -- Leader n1 send_failed to peer n2: {'error': '[WinError 1225] The remote computer refused the network connection'}
2025-06-27 03:24:32,267 [n1] -- Leader n1 heartbeats_sent: {}
2025-06-27 03:24:32,267 [n1] -- Leader n1 send_failed to peer n2: {'error': '[WinError 1225] The remote computer refused the network connection'}
2025-06-27 03:24:32,268 [n1] -- Leader n1 send_failed to peer n3: {'error': '[WinError 1225] The remote computer refused the network connection'}
2025-06-27 03:24:32,781 [n1] -- Leader n1 heartbeats_sent: {}
2025-06-27 03:24:32,781 [n1] -- Leader n1 send_failed to peer n3: {'error': '[WinError 1225] The remote computer refused the network connection'}
2025-06-27 03:24:32,781 [n1] -- Leader n1 send_failed to peer n2: {'error': '[WinError 1225] The remote computer refused the network connection'}
2025-06-27 03:24:33,289 [n1] -- Leader n1 heartbeats_sent: {}
2025-06-27 03:24:33,289 [n1] -- Leader n1 send_failed to peer n3: {'error': '[WinError 1225] The remote computer refused the network connection'}
2025-06-27 03:24:33,290 [n1] -- Leader n1 send_failed to peer n2: {'error': '[WinError 1225] The remote computer refused the network connection'}
2025-06-27 03:24:33,800 [n1] -- Leader n1 heartbeats_sent: {}
2025-06-27 03:24:33,801 [n1] -- Leader n1 send_failed to peer n2: {'error': '[WinError 1225] The remote computer refused the network connection'}
2025-06-27 03:24:33,801 [n1] -- Leader n1 send_failed to peer n3: {'error': '[WinError 1225] The remote computer refused the network connection'}
2025-06-27 03:24:34,309 [n1] -- Leader n1 heartbeats_sent: {}
2025-06-27 03:24:34,309 [n1] -- Leader n1 send_failed to peer n2: {'error': '[WinError 1225] The remote computer refused the network connection'}
2025-06-27 03:24:34,309 [n1] -- Leader n1 send_failed to peer n3: {'error': '[WinError 1225] The remote computer refused the network connection'}
2025-06-27 03:24:34,817 [n1] -- Leader n1 heartbeats_sent: {}
2025-06-27 03:24:34,817 [n1] -- Leader n1 send_failed to peer n2: {'error': '[WinError 1225] The remote computer refused the network connection'}
2025-06-27 03:24:34,818 [n1] -- Leader n1 send_failed to peer n3: {'error': '[WinError 1225] The remote computer refused the network connection'}
2025-06-27 03:24:35,330 [n1] -- Leader n1 heartbeats_sent: {}
2025-06-27 03:24:35,330 [n1] -- Leader n1 send_failed to peer n3: {'error': '[WinError 1225] The remote computer refused the network connection'}
2025-06-27 03:24:35,330 [n1] -- Leader n1 send_failed to peer n2: {'error': '[WinError 1225] The remote computer refused the network connection'}
2025-06-27 03:24:35,838 [n1] -- Leader n1 heartbeats_sent: {}
2025-06-27 03:24:35,839 [n1] -- Leader n1 send_failed to peer n3: {'error': '[WinError 1225] The remote computer refused the network connection'}
2025-06-27 03:24:35,839 [n1] -- Leader n1 send_failed to peer n2: {'error': '[WinError 1225] The remote computer refused the network connection'}
2025-06-27 03:24:36,344 [n1] -- Leader n1 heartbeats_sent: {}
2025-06-27 03:24:36,345 [n1] -- Leader n1 send_failed to peer n2: {'error': '[WinError 1225] The remote computer refused the network connection'}
2025-06-27 03:24:36,345 [n1] -- Leader n1 send_failed to peer n3: {'error': '[WinError 1225] The remote computer refused the network connection'}
2025-06-27 03:24:36,853 [n1] -- Leader n1 heartbeats_sent: {}
2025-06-27 03:24:36,854 [n1] -- Leader n1 send_failed to peer n3: {'error': '[WinError 1225] The remote computer refused the network connection'}
2025-06-27 03:24:36,854 [n1] -- Leader n1 send_failed to peer n2: {'error': '[WinError 1225] The remote computer refused the network connection'}
2025-06-27 03:24:37,361 [n1] -- Leader n1 heartbeats_sent: {}
2025-06-27 03:24:37,361 [n1] -- Leader n1 send_failed to peer n3: {'error': '[WinError 1225] The remote computer refused the network connection'}
2025-06-27 03:24:37,361 [n1] -- Leader n1 send_failed to peer n2: {'error': '[WinError 1225] The remote computer refused the network connection'}
2025-06-27 03:24:37,870 [n1] -- Leader n1 heartbeats_sent: {}
2025-06-27 03:24:37,871 [n1] -- Leader n1 send_failed to peer n2: {'error': '[WinError 1225] The remote computer refused the network connection'}
2025-06-27 03:24:38,376 [n1] -- Leader n1 heartbeats_sent: {}
2025-06-27 03:24:38,378 [n1] -- Leader n1 send_failed to peer n2: {'error': '[WinError 1225] The remote computer refused the network connection'}
2025-06-27 03:24:38,887 [n1] -- Leader n1 heartbeats_sent: {}
2025-06-27 03:24:38,887 [n1] -- Leader n1 send_failed to peer n2: {'error': '[WinError 1225] The remote computer refused the network connection'}
2025-06-27 03:24:39,395 [n1] -- Leader n1 heartbeats_sent: {}
2025-06-27 03:24:39,395 [n1] -- Leader n1 send_failed to peer n2: {'error': '[WinError 1225] The remote computer refused the network connection'}
2025-06-27 03:24:39,904 [n1] -- Leader n1 heartbeats_sent: {}
2025-06-27 03:24:39,905 [n1] -- Leader n1 send_failed to peer n2: {'error': '[WinError 1225] The remote computer refused the network connection'}
2025-06-27 03:24:40,411 [n1] -- Leader n1 heartbeats_sent: {}
2025-06-27 03:24:40,411 [n1] -- Leader n1 send_failed to peer n2: {'error': '[WinError 1225] The remote computer refused the network connection'}
2025-06-27 03:24:40,918 [n1] -- Leader n1 heartbeats_sent: {}
2025-06-27 03:24:40,920 [n1] -- Leader n1 send_failed to peer n2: {'error': '[WinError 1225] The remote computer refused the network connection'}
2025-06-27 03:24:41,430 [n1] -- Leader n1 heartbeats_sent: {}
2025-06-27 03:24:41,431 [n1] -- Leader n1 send_failed to peer n2: {'error': '[WinError 1225] The remote computer refused the network connection'}
2025-06-27 03:24:41,942 [n1] -- Leader n1 heartbeats_sent: {}
2025-06-27 03:24:41,942 [n1] -- Leader n1 send_failed to peer n2: {'error': '[WinError 1225] The remote computer refused the network connection'}
2025-06-27 03:24:42,449 [n1] -- Leader n1 heartbeats_sent: {}
2025-06-27 03:24:42,450 [n1] -- Leader n1 send_failed to peer n2: {'error': '[WinError 1225] The remote computer refused the network connection'}
2025-06-27 03:24:42,955 [n1] -- Leader n1 heartbeats_sent: {}
2025-06-27 03:24:42,955 [n1] -- Leader n1 send_failed to peer n2: {'error': '[WinError 1225] The remote computer refused the network connection'}
2025-06-27 03:24:43,463 [n1] -- Leader n1 heartbeats_sent: {}
2025-06-27 03:24:43,463 [n1] -- Leader n1 send_failed to peer n2: {'error': '[WinError 1225] The remote computer refused the network connection'}
2025-06-27 03:24:43,973 [n1] -- Leader n1 heartbeats_sent: {}
2025-06-27 03:24:43,973 [n1] -- Leader n1 send_failed to peer n2: {'error': '[WinError 1225] The remote computer refused the network connection'}
2025-06-27 03:24:44,481 [n1] -- Leader n1 heartbeats_sent: {}
2025-06-27 03:24:44,482 [n1] -- Leader n1 send_failed to peer n2: {'error': '[WinError 1225] The remote computer refused the network connection'}
2025-06-27 03:24:44,989 [n1] -- Leader n1 heartbeats_sent: {}
2025-06-27 03:24:44,989 [n1] -- Leader n1 send_failed to peer n2: {'error': '[WinError 1225] The remote computer refused the network connection'}
2025-06-27 03:24:45,496 [n1] -- Leader n1 heartbeats_sent: {}
2025-06-27 03:24:45,497 [n1] -- Leader n1 send_failed to peer n2: {'error': '[WinError 1225] The remote computer refused the network connection'}
2025-06-27 03:24:46,003 [n1] -- Leader n1 heartbeats_sent: {}
2025-06-27 03:24:46,005 [n1] -- Leader n1 send_failed to peer n2: {'error': '[WinError 1225] The remote computer refused the network connection'}
2025-06-27 03:24:46,512 [n1] -- Leader n1 heartbeats_sent: {}
2025-06-27 03:24:46,512 [n1] -- Leader n1 send_failed to peer n2: {'error': '[WinError 1225] The remote computer refused the network connection'}
2025-06-27 03:24:47,016 [n1] -- Leader n1 heartbeats_sent: {}
2025-06-27 03:24:47,018 [n1] -- Leader n1 send_failed to peer n2: {'error': '[WinError 1225] The remote computer refused the network connection'}
2025-06-27 03:24:47,523 [n1] -- Leader n1 heartbeats_sent: {}
2025-06-27 03:24:47,524 [n1] -- Leader n1 send_failed to peer n2: {'error': '[WinError 1225] The remote computer refused the network connection'}
2025-06-27 03:24:48,028 [n1] -- Leader n1 heartbeats_sent: {}
2025-06-27 03:24:48,029 [n1] -- Leader n1 send_failed to peer n2: {'error': '[WinError 1225] The remote computer refused the network connection'}
2025-06-27 03:24:48,534 [n1] -- Leader n1 heartbeats_sent: {}
2025-06-27 03:24:48,536 [n1] -- Leader n1 send_failed to peer n2: {'error': '[WinError 1225] The remote computer refused the network connection'}
2025-06-27 03:24:49,043 [n1] -- Leader n1 heartbeats_sent: {}
2025-06-27 03:24:49,043 [n1] -- Leader n1 send_failed to peer n2: {'error': '[WinError 1225] The remote computer refused the network connection'}
2025-06-27 03:24:49,552 [n1] -- Leader n1 heartbeats_sent: {}
2025-06-27 03:24:49,554 [n1] -- Leader n1 send_failed to peer n2: {'error': '[WinError 1225] The remote computer refused the network connection'}
2025-06-27 03:24:50,060 [n1] -- Leader n1 heartbeats_sent: {}
2025-06-27 03:24:50,060 [n1] -- Leader n1 send_failed to peer n2: {'error': '[WinError 1225] The remote computer refused the network connection'}
2025-06-27 03:24:50,569 [n1] -- Leader n1 heartbeats_sent: {}
2025-06-27 03:24:50,570 [n1] -- Leader n1 send_failed to peer n2: {'error': '[WinError 1225] The remote computer refused the network connection'}
2025-06-27 03:24:51,077 [n1] -- Leader n1 heartbeats_sent: {}
2025-06-27 03:24:51,078 [n1] -- Leader n1 send_failed to peer n2: {'error': '[WinError 1225] The remote computer refused the network connection'}
2025-06-27 03:24:51,587 [n1] -- Leader n1 heartbeats_sent: {}
2025-06-27 03:24:51,588 [n1] -- Leader n1 send_failed to peer n2: {'error': '[WinError 1225] The remote computer refused the network connection'}
2025-06-27 03:24:52,096 [n1] -- Leader n1 heartbeats_sent: {}
2025-06-27 03:24:52,096 [n1] -- Leader n1 send_failed to peer n2: {'error': '[WinError 1225] The remote computer refused the network connection'}
2025-06-27 03:24:52,606 [n1] -- Leader n1 heartbeats_sent: {}
2025-06-27 03:24:52,608 [n1] -- Leader n1 send_failed to peer n2: {'error': '[WinError 1225] The remote computer refused the network connection'}
2025-06-27 03:24:53,116 [n1] -- Leader n1 heartbeats_sent: {}
2025-06-27 03:24:53,118 [n1] -- Leader n1 send_failed to peer n2: {'error': '[WinError 1225] The remote computer refused the network connection'}
2025-06-27 03:24:53,624 [n1] -- Leader n1 heartbeats_sent: {}
2025-06-27 03:24:53,624 [n1] -- Leader n1 send_failed to peer n2: {'error': '[WinError 1225] The remote computer refused the network connection'}
2025-06-27 03:24:54,130 [n1] -- Leader n1 heartbeats_sent: {}
2025-06-27 03:24:54,131 [n1] -- Leader n1 send_failed to peer n2: {'error': '[WinError 1225] The remote computer refused the network connection'}
2025-06-27 03:24:54,634 [n1] -- Leader n1 heartbeats_sent: {}
2025-06-27 03:24:54,635 [n1] -- Leader n1 send_failed to peer n2: {'error': '[WinError 1225] The remote computer refused the network connection'}
2025-06-27 03:24:55,144 [n1] -- Leader n1 heartbeats_sent: {}
2025-06-27 03:24:55,144 [n1] -- Leader n1 send_failed to peer n2: {'error': '[WinError 1225] The remote computer refused the network connection'}
2025-06-27 03:24:55,654 [n1] -- Leader n1 heartbeats_sent: {}
2025-06-27 03:24:55,655 [n1] -- Leader n1 send_failed to peer n2: {'error': '[WinError 1225] The remote computer refused the network connection'}
2025-06-27 03:24:56,162 [n1] -- Leader n1 heartbeats_sent: {}
2025-06-27 03:24:56,163 [n1] -- Leader n1 send_failed to peer n2: {'error': '[WinError 1225] The remote computer refused the network connection'}
2025-06-27 03:24:56,673 [n1] -- Leader n1 heartbeats_sent: {}
2025-06-27 03:24:56,674 [n1] -- Leader n1 send_failed to peer n2: {'error': '[WinError 1225] The remote computer refused the network connection'}
2025-06-27 03:24:57,181 [n1] -- Leader n1 heartbeats_sent: {}
2025-06-27 03:24:57,689 [n1] -- Leader n1 heartbeats_sent: {}
2025-06-27 03:24:58,196 [n1] -- Leader n1 heartbeats_sent: {}
2025-06-27 03:24:58,703 [n1] -- Leader n1 heartbeats_sent: {}
2025-06-27 03:24:59,214 [n1] -- Leader n1 heartbeats_sent: {}
2025-06-27 03:24:59,721 [n1] -- Leader n1 heartbeats_sent: {}
2025-06-27 03:25:00,230 [n1] -- Leader n1 heartbeats_sent: {}
2025-06-27 03:25:00,737 [n1] -- Leader n1 heartbeats_sent: {}
2025-06-27 03:25:01,248 [n1] -- Leader n1 heartbeats_sent: {}
2025-06-27 03:25:01,757 [n1] -- Leader n1 heartbeats_sent: {}
2025-06-27 03:25:02,264 [n1] -- Leader n1 heartbeats_sent: {}
2025-06-27 03:25:02,771 [n1] -- Leader n1 heartbeats_sent: {}
2025-06-27 03:25:03,281 [n1] -- Leader n1 heartbeats_sent: {}
2025-06-27 03:25:03,790 [n1] -- Leader n1 heartbeats_sent: {}
2025-06-27 03:25:04,295 [n1] -- Leader n1 heartbeats_sent: {}
2025-06-27 03:25:04,803 [n1] -- Leader n1 heartbeats_sent: {}
2025-06-27 03:25:05,308 [n1] -- Leader n1 heartbeats_sent: {}
2025-06-27 03:25:05,817 [n1] -- Leader n1 heartbeats_sent: {}
2025-06-27 03:25:06,322 [n1] -- Leader n1 heartbeats_sent: {}
2025-06-27 03:25:06,827 [n1] -- Leader n1 heartbeats_sent: {}
2025-06-27 03:25:07,337 [n1] -- Leader n1 heartbeats_sent: {}
2025-06-27 03:25:07,846 [n1] -- Leader n1 heartbeats_sent: {}
2025-06-27 03:25:08,352 [n1] -- Leader n1 heartbeats_sent: {}
2025-06-27 03:25:08,861 [n1] -- Leader n1 heartbeats_sent: {}
2025-06-27 03:25:09,367 [n1] -- Leader n1 heartbeats_sent: {}
2025-06-27 03:25:09,876 [n1] -- Leader n1 heartbeats_sent: {}
2025-06-27 03:25:10,382 [n1] -- Leader n1 heartbeats_sent: {}
2025-06-27 03:25:10,892 [n1] -- Leader n1 heartbeats_sent: {}
2025-06-27 03:25:11,402 [n1] -- Leader n1 heartbeats_sent: {}
2025-06-27 03:25:11,909 [n1] -- Leader n1 heartbeats_sent: {}
2025-06-27 03:25:12,416 [n1] -- Leader n1 heartbeats_sent: {}
2025-06-27 03:25:12,925 [n1] -- Leader n1 heartbeats_sent: {}
2025-06-27 03:25:13,433 [n1] -- Leader n1 heartbeats_sent: {}
2025-06-27 03:25:13,940 [n1] -- Leader n1 heartbeats_sent: {}
2025-06-27 03:25:14,447 [n1] -- Leader n1 heartbeats_sent: {}
2025-06-27 03:25:14,956 [n1] -- Leader n1 heartbeats_sent: {}
2025-06-27 03:25:15,463 [n1] -- Leader n1 heartbeats_sent: {}
2025-06-27 03:25:15,969 [n1] -- Leader n1 heartbeats_sent: {}
2025-06-27 03:25:16,477 [n1] -- Leader n1 heartbeats_sent: {}
2025-06-27 03:25:16,986 [n1] -- Leader n1 heartbeats_sent: {}
2025-06-27 03:25:17,495 [n1] -- Leader n1 heartbeats_sent: {}
2025-06-27 03:25:18,008 [n1] -- Leader n1 heartbeats_sent: {}
2025-06-27 03:25:18,520 [n1] -- Leader n1 heartbeats_sent: {}
