2025-06-27 02:57:20,538 [n3] Node n3 starting
2025-06-27 02:57:20,540 [n3] initialized_state: {'term': 54, 'voted_for': 'n3', 'log_length': 0}
2025-06-27 02:57:20,540 [n3] server_started: {'host': '127.0.0.1', 'port': '5003'}
2025-06-27 02:57:20,954 [n3] term_updated (received RPC with greater term): {'term': 55}
2025-06-27 02:57:20,954 [n3] heartbeat_received: {'leader_id': 'n1'}
2025-06-27 02:57:20,955 [n3] heartbeat_received: {'leader_id': 'n1'}
2025-06-27 02:57:20,955 [n3] heartbeat_received: {'leader_id': 'n1'}
2025-06-27 02:57:20,955 [n3] heartbeat_received: {'leader_id': 'n1'}
2025-06-27 02:57:20,956 [n3] heartbeat_received: {'leader_id': 'n1'}
2025-06-27 02:57:21,461 [n3] heartbeat_received: {'leader_id': 'n1'}
2025-06-27 02:57:21,967 [n3] heartbeat_received: {'leader_id': 'n1'}
2025-06-27 02:57:22,480 [n3] heartbeat_received: {'leader_id': 'n1'}
2025-06-27 02:57:22,988 [n3] heartbeat_received: {'leader_id': 'n1'}
2025-06-27 02:57:23,499 [n3] heartbeat_received: {'leader_id': 'n1'}
2025-06-27 02:57:24,010 [n3] heartbeat_received: {'leader_id': 'n1'}
2025-06-27 02:57:24,519 [n3] heartbeat_received: {'leader_id': 'n1'}
2025-06-27 02:57:25,019 [n3] heartbeat_received: {'leader_id': 'n1'}
2025-06-27 02:57:25,532 [n3] heartbeat_received: {'leader_id': 'n1'}
2025-06-27 02:57:26,032 [n3] heartbeat_received: {'leader_id': 'n1'}
2025-06-27 02:57:26,543 [n3] heartbeat_received: {'leader_id': 'n1'}
2025-06-27 02:57:27,054 [n3] heartbeat_received: {'leader_id': 'n1'}
2025-06-27 02:57:27,555 [n3] heartbeat_received: {'leader_id': 'n1'}
2025-06-27 02:57:28,062 [n3] heartbeat_received: {'leader_id': 'n1'}
2025-06-27 02:57:28,577 [n3] heartbeat_received: {'leader_id': 'n1'}
2025-06-27 02:57:29,090 [n3] heartbeat_received: {'leader_id': 'n1'}
2025-06-27 02:57:29,599 [n3] heartbeat_received: {'leader_id': 'n1'}
2025-06-27 02:57:30,107 [n3] heartbeat_received: {'leader_id': 'n1'}
2025-06-27 02:57:30,615 [n3] heartbeat_received: {'leader_id': 'n1'}
2025-06-27 02:57:31,122 [n3] heartbeat_received: {'leader_id': 'n1'}
2025-06-27 02:57:31,626 [n3] heartbeat_received: {'leader_id': 'n1'}
2025-06-27 02:57:32,134 [n3] heartbeat_received: {'leader_id': 'n1'}
2025-06-27 02:57:32,643 [n3] heartbeat_received: {'leader_id': 'n1'}
2025-06-27 02:57:33,152 [n3] heartbeat_received: {'leader_id': 'n1'}
2025-06-27 02:57:33,661 [n3] heartbeat_received: {'leader_id': 'n1'}
2025-06-27 02:57:34,170 [n3] heartbeat_received: {'leader_id': 'n1'}
2025-06-27 02:57:34,679 [n3] heartbeat_received: {'leader_id': 'n1'}
2025-06-27 02:57:35,187 [n3] heartbeat_received: {'leader_id': 'n1'}
2025-06-27 02:57:35,696 [n3] heartbeat_received: {'leader_id': 'n1'}
2025-06-27 02:57:36,203 [n3] heartbeat_received: {'leader_id': 'n1'}
2025-06-27 02:57:36,713 [n3] heartbeat_received: {'leader_id': 'n1'}
2025-06-27 02:57:37,223 [n3] heartbeat_received: {'leader_id': 'n1'}
2025-06-27 02:57:37,730 [n3] heartbeat_received: {'leader_id': 'n1'}
2025-06-27 02:57:38,238 [n3] heartbeat_received: {'leader_id': 'n1'}
2025-06-27 02:57:38,746 [n3] heartbeat_received: {'leader_id': 'n1'}
2025-06-27 02:57:39,255 [n3] heartbeat_received: {'leader_id': 'n1'}
2025-06-27 02:57:39,763 [n3] heartbeat_received: {'leader_id': 'n1'}
2025-06-27 02:57:40,271 [n3] heartbeat_received: {'leader_id': 'n1'}
2025-06-27 02:57:40,772 [n3] heartbeat_received: {'leader_id': 'n1'}
2025-06-27 02:57:41,278 [n3] heartbeat_received: {'leader_id': 'n1'}
2025-06-27 02:57:41,791 [n3] heartbeat_received: {'leader_id': 'n1'}
2025-06-27 02:57:42,299 [n3] heartbeat_received: {'leader_id': 'n1'}
2025-06-27 02:57:42,808 [n3] heartbeat_received: {'leader_id': 'n1'}
2025-06-27 02:57:43,316 [n3] heartbeat_received: {'leader_id': 'n1'}
2025-06-27 02:57:43,823 [n3] heartbeat_received: {'leader_id': 'n1'}
2025-06-27 02:57:44,333 [n3] heartbeat_received: {'leader_id': 'n1'}
2025-06-27 02:57:44,844 [n3] heartbeat_received: {'leader_id': 'n1'}
2025-06-27 02:57:45,354 [n3] heartbeat_received: {'leader_id': 'n1'}
2025-06-27 02:57:45,864 [n3] heartbeat_received: {'leader_id': 'n1'}
2025-06-27 02:57:46,371 [n3] heartbeat_received: {'leader_id': 'n1'}
2025-06-27 02:57:46,879 [n3] heartbeat_received: {'leader_id': 'n1'}
2025-06-27 02:57:47,389 [n3] heartbeat_received: {'leader_id': 'n1'}
2025-06-27 02:57:47,898 [n3] heartbeat_received: {'leader_id': 'n1'}
2025-06-27 02:57:48,406 [n3] heartbeat_received: {'leader_id': 'n1'}
2025-06-27 02:57:48,915 [n3] heartbeat_received: {'leader_id': 'n1'}
2025-06-27 02:57:49,424 [n3] heartbeat_received: {'leader_id': 'n1'}
2025-06-27 03:18:21,941 [n3] -- Node n3 starting
2025-06-27 03:18:21,950 [n3] -- Follower n3 initialized_state: {'term': 55, 'voted_for': None, 'log_length': 0}
2025-06-27 03:18:21,951 [n3] -- Follower n3 server_started: {'host': '127.0.0.1', 'port': '5003'}
2025-06-27 03:18:22,261 [n3] -- Follower n3 term_updated (received RPC with greater term): {'term': 102}
2025-06-27 03:18:22,261 [n3] -- Follower n3 heartbeat_received from Leader n1: {'leader_id': 'n1'}
2025-06-27 03:18:22,262 [n3] -- Follower n3 heartbeat_received from Leader n1: {'leader_id': 'n1'}
2025-06-27 03:18:22,262 [n3] -- Follower n3 heartbeat_received from Leader n1: {'leader_id': 'n1'}
2025-06-27 03:18:22,262 [n3] -- Follower n3 heartbeat_received from Leader n1: {'leader_id': 'n1'}
2025-06-27 03:18:22,263 [n3] -- Follower n3 heartbeat_received from Leader n1: {'leader_id': 'n1'}
2025-06-27 03:18:22,767 [n3] -- Follower n3 heartbeat_received from Leader n1: {'leader_id': 'n1'}
2025-06-27 03:18:23,273 [n3] -- Follower n3 heartbeat_received from Leader n1: {'leader_id': 'n1'}
2025-06-27 03:18:23,782 [n3] -- Follower n3 heartbeat_received from Leader n1: {'leader_id': 'n1'}
2025-06-27 03:18:24,291 [n3] -- Follower n3 heartbeat_received from Leader n1: {'leader_id': 'n1'}
2025-06-27 03:18:24,800 [n3] -- Follower n3 heartbeat_received from Leader n1: {'leader_id': 'n1'}
2025-06-27 03:18:25,305 [n3] -- Follower n3 heartbeat_received from Leader n1: {'leader_id': 'n1'}
2025-06-27 03:18:25,814 [n3] -- Follower n3 heartbeat_received from Leader n1: {'leader_id': 'n1'}
2025-06-27 03:18:26,322 [n3] -- Follower n3 heartbeat_received from Leader n1: {'leader_id': 'n1'}
2025-06-27 03:18:26,828 [n3] -- Follower n3 heartbeat_received from Leader n1: {'leader_id': 'n1'}
2025-06-27 03:18:27,334 [n3] -- Follower n3 heartbeat_received from Leader n1: {'leader_id': 'n1'}
2025-06-27 03:18:27,846 [n3] -- Follower n3 heartbeat_received from Leader n1: {'leader_id': 'n1'}
2025-06-27 03:18:28,354 [n3] -- Follower n3 heartbeat_received from Leader n1: {'leader_id': 'n1'}
2025-06-27 03:18:28,859 [n3] -- Follower n3 heartbeat_received from Leader n1: {'leader_id': 'n1'}
2025-06-27 03:18:29,365 [n3] -- Follower n3 heartbeat_received from Leader n1: {'leader_id': 'n1'}
2025-06-27 03:18:29,873 [n3] -- Follower n3 heartbeat_received from Leader n1: {'leader_id': 'n1'}
2025-06-27 03:18:30,380 [n3] -- Follower n3 heartbeat_received from Leader n1: {'leader_id': 'n1'}
2025-06-27 03:18:30,890 [n3] -- Follower n3 heartbeat_received from Leader n1: {'leader_id': 'n1'}
2025-06-27 03:18:31,395 [n3] -- Follower n3 heartbeat_received from Leader n1: {'leader_id': 'n1'}
2025-06-27 03:18:31,903 [n3] -- Follower n3 heartbeat_received from Leader n1: {'leader_id': 'n1'}
2025-06-27 03:18:32,410 [n3] -- Follower n3 heartbeat_received from Leader n1: {'leader_id': 'n1'}
2025-06-27 03:18:32,917 [n3] -- Follower n3 heartbeat_received from Leader n1: {'leader_id': 'n1'}
2025-06-27 03:18:33,423 [n3] -- Follower n3 heartbeat_received from Leader n1: {'leader_id': 'n1'}
2025-06-27 03:18:33,930 [n3] -- Follower n3 heartbeat_received from Leader n1: {'leader_id': 'n1'}
2025-06-27 03:18:34,435 [n3] -- Follower n3 heartbeat_received from Leader n1: {'leader_id': 'n1'}
2025-06-27 03:18:34,941 [n3] -- Follower n3 heartbeat_received from Leader n1: {'leader_id': 'n1'}
2025-06-27 03:18:35,447 [n3] -- Follower n3 heartbeat_received from Leader n1: {'leader_id': 'n1'}
2025-06-27 03:18:35,956 [n3] -- Follower n3 heartbeat_received from Leader n1: {'leader_id': 'n1'}
2025-06-27 03:18:36,465 [n3] -- Follower n3 heartbeat_received from Leader n1: {'leader_id': 'n1'}
2025-06-27 03:18:36,972 [n3] -- Follower n3 heartbeat_received from Leader n1: {'leader_id': 'n1'}
2025-06-27 03:18:37,481 [n3] -- Follower n3 heartbeat_received from Leader n1: {'leader_id': 'n1'}
2025-06-27 03:18:37,988 [n3] -- Follower n3 heartbeat_received from Leader n1: {'leader_id': 'n1'}
2025-06-27 03:18:38,494 [n3] -- Follower n3 heartbeat_received from Leader n1: {'leader_id': 'n1'}
2025-06-27 03:18:39,001 [n3] -- Follower n3 heartbeat_received from Leader n1: {'leader_id': 'n1'}
2025-06-27 03:18:39,507 [n3] -- Follower n3 heartbeat_received from Leader n1: {'leader_id': 'n1'}
2025-06-27 03:18:40,014 [n3] -- Follower n3 heartbeat_received from Leader n1: {'leader_id': 'n1'}
2025-06-27 03:18:40,523 [n3] -- Follower n3 heartbeat_received from Leader n1: {'leader_id': 'n1'}
2025-06-27 03:18:41,030 [n3] -- Follower n3 heartbeat_received from Leader n1: {'leader_id': 'n1'}
2025-06-27 03:18:41,538 [n3] -- Follower n3 heartbeat_received from Leader n1: {'leader_id': 'n1'}
2025-06-27 03:18:42,043 [n3] -- Follower n3 heartbeat_received from Leader n1: {'leader_id': 'n1'}
2025-06-27 03:18:42,550 [n3] -- Follower n3 heartbeat_received from Leader n1: {'leader_id': 'n1'}
2025-06-27 03:18:43,056 [n3] -- Follower n3 heartbeat_received from Leader n1: {'leader_id': 'n1'}
2025-06-27 03:18:43,564 [n3] -- Follower n3 heartbeat_received from Leader n1: {'leader_id': 'n1'}
2025-06-27 03:18:44,073 [n3] -- Follower n3 heartbeat_received from Leader n1: {'leader_id': 'n1'}
2025-06-27 03:18:44,583 [n3] -- Follower n3 heartbeat_received from Leader n1: {'leader_id': 'n1'}
2025-06-27 03:18:45,090 [n3] -- Follower n3 heartbeat_received from Leader n1: {'leader_id': 'n1'}
2025-06-27 03:18:45,599 [n3] -- Follower n3 heartbeat_received from Leader n1: {'leader_id': 'n1'}
2025-06-27 03:18:46,104 [n3] -- Follower n3 heartbeat_received from Leader n1: {'leader_id': 'n1'}
2025-06-27 03:18:46,614 [n3] -- Follower n3 heartbeat_received from Leader n1: {'leader_id': 'n1'}
2025-06-27 03:18:47,123 [n3] -- Follower n3 heartbeat_received from Leader n1: {'leader_id': 'n1'}
2025-06-27 03:18:47,633 [n3] -- Follower n3 heartbeat_received from Leader n1: {'leader_id': 'n1'}
2025-06-27 03:18:48,142 [n3] -- Follower n3 heartbeat_received from Leader n1: {'leader_id': 'n1'}
2025-06-27 03:18:48,650 [n3] -- Follower n3 heartbeat_received from Leader n1: {'leader_id': 'n1'}
2025-06-27 03:18:49,156 [n3] -- Follower n3 heartbeat_received from Leader n1: {'leader_id': 'n1'}
2025-06-27 03:18:49,662 [n3] -- Follower n3 heartbeat_received from Leader n1: {'leader_id': 'n1'}
2025-06-27 03:18:50,169 [n3] -- Follower n3 heartbeat_received from Leader n1: {'leader_id': 'n1'}
2025-06-27 03:18:50,679 [n3] -- Follower n3 heartbeat_received from Leader n1: {'leader_id': 'n1'}
2025-06-27 03:18:51,188 [n3] -- Follower n3 heartbeat_received from Leader n1: {'leader_id': 'n1'}
2025-06-27 03:18:51,696 [n3] -- Follower n3 heartbeat_received from Leader n1: {'leader_id': 'n1'}
2025-06-27 03:18:52,208 [n3] -- Follower n3 heartbeat_received from Leader n1: {'leader_id': 'n1'}
2025-06-27 03:18:52,718 [n3] -- Follower n3 heartbeat_received from Leader n1: {'leader_id': 'n1'}
2025-06-27 03:18:53,224 [n3] -- Follower n3 heartbeat_received from Leader n1: {'leader_id': 'n1'}
2025-06-27 03:18:53,731 [n3] -- Follower n3 heartbeat_received from Leader n1: {'leader_id': 'n1'}
2025-06-27 03:18:54,238 [n3] -- Follower n3 heartbeat_received from Leader n1: {'leader_id': 'n1'}
2025-06-27 03:18:54,747 [n3] -- Follower n3 heartbeat_received from Leader n1: {'leader_id': 'n1'}
2025-06-27 03:18:55,258 [n3] -- Follower n3 heartbeat_received from Leader n1: {'leader_id': 'n1'}
2025-06-27 03:18:55,768 [n3] -- Follower n3 heartbeat_received from Leader n1: {'leader_id': 'n1'}
2025-06-27 03:18:56,276 [n3] -- Follower n3 heartbeat_received from Leader n1: {'leader_id': 'n1'}
2025-06-27 03:18:56,784 [n3] -- Follower n3 heartbeat_received from Leader n1: {'leader_id': 'n1'}
2025-06-27 03:18:57,293 [n3] -- Follower n3 heartbeat_received from Leader n1: {'leader_id': 'n1'}
2025-06-27 03:18:57,800 [n3] -- Follower n3 heartbeat_received from Leader n1: {'leader_id': 'n1'}
2025-06-27 03:18:58,308 [n3] -- Follower n3 heartbeat_received from Leader n1: {'leader_id': 'n1'}
2025-06-27 03:18:58,822 [n3] -- Follower n3 heartbeat_received from Leader n1: {'leader_id': 'n1'}
2025-06-27 03:18:59,332 [n3] -- Follower n3 heartbeat_received from Leader n1: {'leader_id': 'n1'}
2025-06-27 03:18:59,841 [n3] -- Follower n3 heartbeat_received from Leader n1: {'leader_id': 'n1'}
2025-06-27 03:19:00,348 [n3] -- Follower n3 heartbeat_received from Leader n1: {'leader_id': 'n1'}
2025-06-27 03:19:00,854 [n3] -- Follower n3 heartbeat_received from Leader n1: {'leader_id': 'n1'}
2025-06-27 03:19:01,365 [n3] -- Follower n3 heartbeat_received from Leader n1: {'leader_id': 'n1'}
2025-06-27 03:19:03,393 [n3] -- Candidate n3 election_started: {'term': 103}
2025-06-27 03:19:03,398 [n3] -- Candidate n3 vote_received: {'from_node': 'n2', 'term': 103, 'total_votes': 2}
2025-06-27 03:19:03,398 [n3] -- Leader n3 became_leader: {'term': 103}
2025-06-27 03:19:03,900 [n3] -- Leader n3 heartbeats_sent: {}
2025-06-27 03:19:04,408 [n3] -- Leader n3 heartbeats_sent: {}
2025-06-27 03:19:04,920 [n3] -- Leader n3 heartbeats_sent: {}
2025-06-27 03:19:05,429 [n3] -- Leader n3 heartbeats_sent: {}
2025-06-27 03:19:05,429 [n3] -- Leader n3 send_failed to peer n1: {'peer': 'n1', 'error': '[WinError 1225] The remote computer refused the network connection'}
2025-06-27 03:19:05,942 [n3] -- Leader n3 heartbeats_sent: {}
2025-06-27 03:19:05,942 [n3] -- Leader n3 send_failed to peer n1: {'peer': 'n1', 'error': '[WinError 1225] The remote computer refused the network connection'}
2025-06-27 03:19:06,450 [n3] -- Leader n3 heartbeats_sent: {}
2025-06-27 03:19:06,450 [n3] -- Leader n3 send_failed to peer n1: {'peer': 'n1', 'error': '[WinError 1225] The remote computer refused the network connection'}
2025-06-27 03:19:06,961 [n3] -- Leader n3 heartbeats_sent: {}
2025-06-27 03:19:06,961 [n3] -- Leader n3 send_failed to peer n1: {'peer': 'n1', 'error': '[WinError 1225] The remote computer refused the network connection'}
2025-06-27 03:19:07,469 [n3] -- Leader n3 heartbeats_sent: {}
2025-06-27 03:19:07,470 [n3] -- Leader n3 send_failed to peer n1: {'peer': 'n1', 'error': '[WinError 1225] The remote computer refused the network connection'}
2025-06-27 03:19:07,978 [n3] -- Leader n3 heartbeats_sent: {}
2025-06-27 03:19:07,979 [n3] -- Leader n3 send_failed to peer n1: {'peer': 'n1', 'error': '[WinError 1225] The remote computer refused the network connection'}
2025-06-27 03:19:08,485 [n3] -- Leader n3 heartbeats_sent: {}
2025-06-27 03:19:08,485 [n3] -- Leader n3 send_failed to peer n1: {'peer': 'n1', 'error': '[WinError 1225] The remote computer refused the network connection'}
2025-06-27 03:19:08,993 [n3] -- Leader n3 heartbeats_sent: {}
2025-06-27 03:19:08,995 [n3] -- Leader n3 send_failed to peer n1: {'peer': 'n1', 'error': '[WinError 1225] The remote computer refused the network connection'}
2025-06-27 03:19:09,502 [n3] -- Leader n3 heartbeats_sent: {}
2025-06-27 03:19:09,502 [n3] -- Leader n3 send_failed to peer n1: {'peer': 'n1', 'error': '[WinError 1225] The remote computer refused the network connection'}
2025-06-27 03:19:10,008 [n3] -- Leader n3 heartbeats_sent: {}
2025-06-27 03:19:10,009 [n3] -- Leader n3 send_failed to peer n1: {'peer': 'n1', 'error': '[WinError 1225] The remote computer refused the network connection'}
2025-06-27 03:19:10,523 [n3] -- Leader n3 heartbeats_sent: {}
2025-06-27 03:19:10,524 [n3] -- Leader n3 send_failed to peer n1: {'peer': 'n1', 'error': '[WinError 1225] The remote computer refused the network connection'}
2025-06-27 03:19:11,023 [n3] -- Leader n3 heartbeats_sent: {}
2025-06-27 03:19:11,038 [n3] -- Leader n3 send_failed to peer n1: {'peer': 'n1', 'error': '[WinError 1225] The remote computer refused the network connection'}
2025-06-27 03:19:11,530 [n3] -- Leader n3 heartbeats_sent: {}
2025-06-27 03:19:11,545 [n3] -- Leader n3 send_failed to peer n1: {'peer': 'n1', 'error': '[WinError 1225] The remote computer refused the network connection'}
2025-06-27 03:19:12,039 [n3] -- Leader n3 heartbeats_sent: {}
2025-06-27 03:19:12,055 [n3] -- Leader n3 send_failed to peer n1: {'peer': 'n1', 'error': '[WinError 1225] The remote computer refused the network connection'}
2025-06-27 03:19:12,545 [n3] -- Leader n3 heartbeats_sent: {}
2025-06-27 03:19:12,561 [n3] -- Leader n3 send_failed to peer n1: {'peer': 'n1', 'error': '[WinError 1225] The remote computer refused the network connection'}
2025-06-27 03:19:13,052 [n3] -- Leader n3 heartbeats_sent: {}
2025-06-27 03:19:13,053 [n3] -- Leader n3 send_failed to peer n1: {'peer': 'n1', 'error': '[WinError 1225] The remote computer refused the network connection'}
2025-06-27 03:19:13,559 [n3] -- Leader n3 heartbeats_sent: {}
2025-06-27 03:19:13,560 [n3] -- Leader n3 send_failed to peer n1: {'peer': 'n1', 'error': '[WinError 1225] The remote computer refused the network connection'}
2025-06-27 03:19:14,067 [n3] -- Leader n3 heartbeats_sent: {}
2025-06-27 03:19:14,576 [n3] -- Leader n3 heartbeats_sent: {}
2025-06-27 03:19:15,087 [n3] -- Leader n3 heartbeats_sent: {}
2025-06-27 03:19:15,600 [n3] -- Leader n3 heartbeats_sent: {}
2025-06-27 03:19:16,108 [n3] -- Leader n3 heartbeats_sent: {}
2025-06-27 03:19:16,620 [n3] -- Leader n3 heartbeats_sent: {}
2025-06-27 03:19:17,133 [n3] -- Leader n3 heartbeats_sent: {}
2025-06-27 03:19:17,640 [n3] -- Leader n3 heartbeats_sent: {}
2025-06-27 03:19:18,150 [n3] -- Leader n3 heartbeats_sent: {}
2025-06-27 03:19:18,658 [n3] -- Leader n3 heartbeats_sent: {}
2025-06-27 03:19:19,168 [n3] -- Leader n3 heartbeats_sent: {}
2025-06-27 03:19:19,676 [n3] -- Leader n3 heartbeats_sent: {}
2025-06-27 03:19:20,186 [n3] -- Leader n3 heartbeats_sent: {}
2025-06-27 03:19:20,696 [n3] -- Leader n3 heartbeats_sent: {}
2025-06-27 03:19:21,202 [n3] -- Leader n3 heartbeats_sent: {}
2025-06-27 03:19:21,711 [n3] -- Leader n3 heartbeats_sent: {}
2025-06-27 03:19:22,221 [n3] -- Leader n3 heartbeats_sent: {}
2025-06-27 03:19:22,732 [n3] -- Leader n3 heartbeats_sent: {}
2025-06-27 03:19:23,241 [n3] -- Leader n3 heartbeats_sent: {}
2025-06-27 03:19:23,750 [n3] -- Leader n3 heartbeats_sent: {}
2025-06-27 03:19:24,261 [n3] -- Leader n3 heartbeats_sent: {}
2025-06-27 03:19:24,768 [n3] -- Leader n3 heartbeats_sent: {}
2025-06-27 03:19:25,276 [n3] -- Leader n3 heartbeats_sent: {}
2025-06-27 03:19:25,787 [n3] -- Leader n3 heartbeats_sent: {}
2025-06-27 03:19:26,287 [n3] -- Leader n3 heartbeats_sent: {}
2025-06-27 03:19:26,797 [n3] -- Leader n3 heartbeats_sent: {}
2025-06-27 03:19:27,306 [n3] -- Leader n3 heartbeats_sent: {}
2025-06-27 03:19:27,816 [n3] -- Leader n3 heartbeats_sent: {}
2025-06-27 03:19:28,320 [n3] -- Leader n3 heartbeats_sent: {}
2025-06-27 03:19:28,827 [n3] -- Leader n3 heartbeats_sent: {}
2025-06-27 03:19:29,337 [n3] -- Leader n3 heartbeats_sent: {}
2025-06-27 03:19:29,847 [n3] -- Leader n3 heartbeats_sent: {}
2025-06-27 03:19:30,358 [n3] -- Leader n3 heartbeats_sent: {}
2025-06-27 03:19:30,866 [n3] -- Leader n3 heartbeats_sent: {}
2025-06-27 03:19:31,374 [n3] -- Leader n3 heartbeats_sent: {}
2025-06-27 03:19:31,881 [n3] -- Leader n3 heartbeats_sent: {}
2025-06-27 03:19:32,387 [n3] -- Leader n3 heartbeats_sent: {}
2025-06-27 03:19:32,894 [n3] -- Leader n3 heartbeats_sent: {}
2025-06-27 03:19:33,401 [n3] -- Leader n3 heartbeats_sent: {}
2025-06-27 03:19:33,906 [n3] -- Leader n3 heartbeats_sent: {}
2025-06-27 03:19:34,413 [n3] -- Leader n3 heartbeats_sent: {}
2025-06-27 03:19:34,925 [n3] -- Leader n3 heartbeats_sent: {}
2025-06-27 03:19:35,433 [n3] -- Leader n3 heartbeats_sent: {}
2025-06-27 03:19:35,941 [n3] -- Leader n3 heartbeats_sent: {}
2025-06-27 03:19:36,454 [n3] -- Leader n3 heartbeats_sent: {}
2025-06-27 03:19:36,961 [n3] -- Leader n3 heartbeats_sent: {}
2025-06-27 03:19:37,468 [n3] -- Leader n3 heartbeats_sent: {}
2025-06-27 03:19:37,981 [n3] -- Leader n3 heartbeats_sent: {}
2025-06-27 03:19:38,488 [n3] -- Leader n3 heartbeats_sent: {}
2025-06-27 03:19:39,001 [n3] -- Leader n3 heartbeats_sent: {}
2025-06-27 03:19:39,509 [n3] -- Leader n3 heartbeats_sent: {}
2025-06-27 03:19:40,014 [n3] -- Leader n3 heartbeats_sent: {}
2025-06-27 03:19:40,520 [n3] -- Leader n3 heartbeats_sent: {}
2025-06-27 03:19:41,027 [n3] -- Leader n3 heartbeats_sent: {}
2025-06-27 03:19:41,534 [n3] -- Leader n3 heartbeats_sent: {}
2025-06-27 03:19:42,040 [n3] -- Leader n3 heartbeats_sent: {}
2025-06-27 03:19:42,547 [n3] -- Leader n3 heartbeats_sent: {}
2025-06-27 03:19:43,052 [n3] -- Leader n3 heartbeats_sent: {}
2025-06-27 03:19:43,558 [n3] -- Leader n3 heartbeats_sent: {}
2025-06-27 03:19:44,065 [n3] -- Leader n3 heartbeats_sent: {}
2025-06-27 03:19:44,572 [n3] -- Leader n3 heartbeats_sent: {}
2025-06-27 03:19:45,079 [n3] -- Leader n3 heartbeats_sent: {}
2025-06-27 03:19:45,586 [n3] -- Leader n3 heartbeats_sent: {}
2025-06-27 03:19:46,092 [n3] -- Leader n3 heartbeats_sent: {}
2025-06-27 03:19:46,601 [n3] -- Leader n3 heartbeats_sent: {}
2025-06-27 03:19:47,107 [n3] -- Leader n3 heartbeats_sent: {}
2025-06-27 03:19:47,615 [n3] -- Leader n3 heartbeats_sent: {}
2025-06-27 03:19:48,125 [n3] -- Leader n3 heartbeats_sent: {}
2025-06-27 03:19:48,638 [n3] -- Leader n3 heartbeats_sent: {}
2025-06-27 03:19:49,148 [n3] -- Leader n3 heartbeats_sent: {}
2025-06-27 03:19:49,656 [n3] -- Leader n3 heartbeats_sent: {}
2025-06-27 03:19:50,164 [n3] -- Leader n3 heartbeats_sent: {}
2025-06-27 03:19:50,667 [n3] -- Leader n3 heartbeats_sent: {}
2025-06-27 03:19:51,180 [n3] -- Leader n3 heartbeats_sent: {}
2025-06-27 03:19:51,689 [n3] -- Leader n3 heartbeats_sent: {}
2025-06-27 03:19:52,200 [n3] -- Leader n3 heartbeats_sent: {}
2025-06-27 03:19:52,710 [n3] -- Leader n3 heartbeats_sent: {}
2025-06-27 03:19:53,215 [n3] -- Leader n3 heartbeats_sent: {}
2025-06-27 03:19:53,727 [n3] -- Leader n3 heartbeats_sent: {}
2025-06-27 03:19:54,236 [n3] -- Leader n3 heartbeats_sent: {}
2025-06-27 03:19:54,747 [n3] -- Leader n3 heartbeats_sent: {}
2025-06-27 03:19:55,251 [n3] -- Leader n3 heartbeats_sent: {}
2025-06-27 03:19:55,758 [n3] -- Leader n3 heartbeats_sent: {}
2025-06-27 03:19:56,263 [n3] -- Leader n3 heartbeats_sent: {}
2025-06-27 03:19:56,772 [n3] -- Leader n3 heartbeats_sent: {}
2025-06-27 03:19:57,282 [n3] -- Leader n3 heartbeats_sent: {}
2025-06-27 03:19:57,792 [n3] -- Leader n3 heartbeats_sent: {}
2025-06-27 03:19:58,304 [n3] -- Leader n3 heartbeats_sent: {}
2025-06-27 03:19:58,812 [n3] -- Leader n3 heartbeats_sent: {}
2025-06-27 03:19:59,317 [n3] -- Leader n3 heartbeats_sent: {}
2025-06-27 03:19:59,825 [n3] -- Leader n3 heartbeats_sent: {}
2025-06-27 03:20:00,331 [n3] -- Leader n3 heartbeats_sent: {}
2025-06-27 03:20:00,840 [n3] -- Leader n3 heartbeats_sent: {}
2025-06-27 03:20:01,686 [n3] -- Node n3 starting
2025-06-27 03:20:01,695 [n3] -- Follower n3 initialized_state: {'term': 103, 'voted_for': 'n3', 'log_length': 0}
2025-06-27 03:20:01,696 [n3] -- Follower n3 server_started: {'host': '127.0.0.1', 'port': '5003'}
2025-06-27 03:20:02,669 [n3] -- Follower n3 term_updated (received RPC with greater term): {'term': 104}
2025-06-27 03:20:02,670 [n3] -- Follower n3 vote_decision: {'candidate_id': 'n1', 'vote_granted': True, 'reason': 'vote granted: log is up to date'}
2025-06-27 03:20:03,176 [n3] -- Follower n3 heartbeat_received from Leader n1: {'leader_id': 'n1'}
2025-06-27 03:20:03,686 [n3] -- Follower n3 heartbeat_received from Leader n1: {'leader_id': 'n1'}
2025-06-27 03:20:04,197 [n3] -- Follower n3 heartbeat_received from Leader n1: {'leader_id': 'n1'}
2025-06-27 03:20:04,706 [n3] -- Follower n3 heartbeat_received from Leader n1: {'leader_id': 'n1'}
2025-06-27 03:20:05,214 [n3] -- Follower n3 heartbeat_received from Leader n1: {'leader_id': 'n1'}
2025-06-27 03:20:05,722 [n3] -- Follower n3 heartbeat_received from Leader n1: {'leader_id': 'n1'}
2025-06-27 03:20:06,229 [n3] -- Follower n3 heartbeat_received from Leader n1: {'leader_id': 'n1'}
2025-06-27 03:20:06,737 [n3] -- Follower n3 heartbeat_received from Leader n1: {'leader_id': 'n1'}
2025-06-27 03:20:07,245 [n3] -- Follower n3 heartbeat_received from Leader n1: {'leader_id': 'n1'}
2025-06-27 03:20:07,754 [n3] -- Follower n3 heartbeat_received from Leader n1: {'leader_id': 'n1'}
2025-06-27 03:20:08,267 [n3] -- Follower n3 heartbeat_received from Leader n1: {'leader_id': 'n1'}
2025-06-27 03:20:08,777 [n3] -- Follower n3 heartbeat_received from Leader n1: {'leader_id': 'n1'}
2025-06-27 03:20:09,285 [n3] -- Follower n3 heartbeat_received from Leader n1: {'leader_id': 'n1'}
2025-06-27 03:20:09,807 [n3] -- Follower n3 heartbeat_received from Leader n1: {'leader_id': 'n1'}
2025-06-27 03:20:10,316 [n3] -- Follower n3 heartbeat_received from Leader n1: {'leader_id': 'n1'}
2025-06-27 03:20:10,827 [n3] -- Follower n3 heartbeat_received from Leader n1: {'leader_id': 'n1'}
2025-06-27 03:20:11,333 [n3] -- Follower n3 heartbeat_received from Leader n1: {'leader_id': 'n1'}
2025-06-27 03:20:13,773 [n3] -- Follower n3 term_updated (received RPC with greater term): {'term': 105}
2025-06-27 03:20:13,774 [n3] -- Follower n3 vote_decision: {'candidate_id': 'n1', 'vote_granted': True, 'reason': 'vote granted: log is up to date'}
2025-06-27 03:20:14,278 [n3] -- Follower n3 heartbeat_received from Leader n1: {'leader_id': 'n1'}
2025-06-27 03:20:14,786 [n3] -- Follower n3 heartbeat_received from Leader n1: {'leader_id': 'n1'}
2025-06-27 03:20:15,295 [n3] -- Follower n3 heartbeat_received from Leader n1: {'leader_id': 'n1'}
2025-06-27 03:20:15,802 [n3] -- Follower n3 heartbeat_received from Leader n1: {'leader_id': 'n1'}
2025-06-27 03:20:16,309 [n3] -- Follower n3 heartbeat_received from Leader n1: {'leader_id': 'n1'}
2025-06-27 03:20:16,817 [n3] -- Follower n3 heartbeat_received from Leader n1: {'leader_id': 'n1'}
2025-06-27 03:20:17,326 [n3] -- Follower n3 heartbeat_received from Leader n1: {'leader_id': 'n1'}
2025-06-27 03:20:17,828 [n3] -- Follower n3 heartbeat_received from Leader n1: {'leader_id': 'n1'}
2025-06-27 03:20:18,335 [n3] -- Follower n3 heartbeat_received from Leader n1: {'leader_id': 'n1'}
2025-06-27 03:20:18,849 [n3] -- Follower n3 heartbeat_received from Leader n1: {'leader_id': 'n1'}
2025-06-27 03:20:19,358 [n3] -- Follower n3 heartbeat_received from Leader n1: {'leader_id': 'n1'}
2025-06-27 03:20:19,866 [n3] -- Follower n3 heartbeat_received from Leader n1: {'leader_id': 'n1'}
2025-06-27 03:20:20,373 [n3] -- Follower n3 heartbeat_received from Leader n1: {'leader_id': 'n1'}
2025-06-27 03:20:20,883 [n3] -- Follower n3 heartbeat_received from Leader n1: {'leader_id': 'n1'}
2025-06-27 03:20:21,395 [n3] -- Follower n3 heartbeat_received from Leader n1: {'leader_id': 'n1'}
2025-06-27 03:20:21,903 [n3] -- Follower n3 heartbeat_received from Leader n1: {'leader_id': 'n1'}
2025-06-27 03:20:22,415 [n3] -- Follower n3 heartbeat_received from Leader n1: {'leader_id': 'n1'}
2025-06-27 03:20:22,927 [n3] -- Follower n3 heartbeat_received from Leader n1: {'leader_id': 'n1'}
2025-06-27 03:20:23,440 [n3] -- Follower n3 heartbeat_received from Leader n1: {'leader_id': 'n1'}
2025-06-27 03:20:23,939 [n3] -- Follower n3 heartbeat_received from Leader n1: {'leader_id': 'n1'}
2025-06-27 03:20:24,450 [n3] -- Follower n3 heartbeat_received from Leader n1: {'leader_id': 'n1'}
2025-06-27 03:20:24,963 [n3] -- Follower n3 heartbeat_received from Leader n1: {'leader_id': 'n1'}
2025-06-27 03:20:25,473 [n3] -- Follower n3 heartbeat_received from Leader n1: {'leader_id': 'n1'}
2025-06-27 03:20:25,979 [n3] -- Follower n3 heartbeat_received from Leader n1: {'leader_id': 'n1'}
2025-06-27 03:20:26,490 [n3] -- Follower n3 heartbeat_received from Leader n1: {'leader_id': 'n1'}
2025-06-27 03:20:27,002 [n3] -- Follower n3 heartbeat_received from Leader n1: {'leader_id': 'n1'}
2025-06-27 03:20:27,510 [n3] -- Follower n3 heartbeat_received from Leader n1: {'leader_id': 'n1'}
2025-06-27 03:20:28,018 [n3] -- Follower n3 heartbeat_received from Leader n1: {'leader_id': 'n1'}
2025-06-27 03:20:28,527 [n3] -- Follower n3 heartbeat_received from Leader n1: {'leader_id': 'n1'}
2025-06-27 03:20:29,036 [n3] -- Follower n3 heartbeat_received from Leader n1: {'leader_id': 'n1'}
2025-06-27 03:20:29,548 [n3] -- Follower n3 heartbeat_received from Leader n1: {'leader_id': 'n1'}
2025-06-27 03:20:30,056 [n3] -- Follower n3 heartbeat_received from Leader n1: {'leader_id': 'n1'}
2025-06-27 03:20:30,564 [n3] -- Follower n3 heartbeat_received from Leader n1: {'leader_id': 'n1'}
2025-06-27 03:20:31,073 [n3] -- Follower n3 heartbeat_received from Leader n1: {'leader_id': 'n1'}
2025-06-27 03:20:31,586 [n3] -- Follower n3 heartbeat_received from Leader n1: {'leader_id': 'n1'}
2025-06-27 03:20:32,096 [n3] -- Follower n3 heartbeat_received from Leader n1: {'leader_id': 'n1'}
2025-06-27 03:20:32,609 [n3] -- Follower n3 heartbeat_received from Leader n1: {'leader_id': 'n1'}
2025-06-27 03:20:33,117 [n3] -- Follower n3 heartbeat_received from Leader n1: {'leader_id': 'n1'}
2025-06-27 03:20:33,623 [n3] -- Follower n3 heartbeat_received from Leader n1: {'leader_id': 'n1'}
2025-06-27 03:20:34,130 [n3] -- Follower n3 heartbeat_received from Leader n1: {'leader_id': 'n1'}
2025-06-27 03:20:34,637 [n3] -- Follower n3 heartbeat_received from Leader n1: {'leader_id': 'n1'}
2025-06-27 03:20:35,148 [n3] -- Follower n3 heartbeat_received from Leader n1: {'leader_id': 'n1'}
2025-06-27 03:20:35,655 [n3] -- Follower n3 heartbeat_received from Leader n1: {'leader_id': 'n1'}
2025-06-27 03:20:36,163 [n3] -- Follower n3 heartbeat_received from Leader n1: {'leader_id': 'n1'}
2025-06-27 03:20:36,670 [n3] -- Follower n3 heartbeat_received from Leader n1: {'leader_id': 'n1'}
2025-06-27 03:20:37,178 [n3] -- Follower n3 heartbeat_received from Leader n1: {'leader_id': 'n1'}
2025-06-27 03:20:37,687 [n3] -- Follower n3 heartbeat_received from Leader n1: {'leader_id': 'n1'}
2025-06-27 03:20:38,200 [n3] -- Follower n3 heartbeat_received from Leader n1: {'leader_id': 'n1'}
2025-06-27 03:20:38,713 [n3] -- Follower n3 heartbeat_received from Leader n1: {'leader_id': 'n1'}
2025-06-27 03:20:39,224 [n3] -- Follower n3 heartbeat_received from Leader n1: {'leader_id': 'n1'}
2025-06-27 03:20:39,731 [n3] -- Follower n3 heartbeat_received from Leader n1: {'leader_id': 'n1'}
2025-06-27 03:20:40,238 [n3] -- Follower n3 heartbeat_received from Leader n1: {'leader_id': 'n1'}
2025-06-27 03:20:40,750 [n3] -- Follower n3 heartbeat_received from Leader n1: {'leader_id': 'n1'}
2025-06-27 03:20:41,258 [n3] -- Follower n3 heartbeat_received from Leader n1: {'leader_id': 'n1'}
2025-06-27 03:20:41,766 [n3] -- Follower n3 heartbeat_received from Leader n1: {'leader_id': 'n1'}
2025-06-27 03:20:42,274 [n3] -- Follower n3 heartbeat_received from Leader n1: {'leader_id': 'n1'}
2025-06-27 03:20:42,784 [n3] -- Follower n3 heartbeat_received from Leader n1: {'leader_id': 'n1'}
2025-06-27 03:20:43,293 [n3] -- Follower n3 heartbeat_received from Leader n1: {'leader_id': 'n1'}
2025-06-27 03:20:43,800 [n3] -- Follower n3 heartbeat_received from Leader n1: {'leader_id': 'n1'}
2025-06-27 03:20:44,308 [n3] -- Follower n3 heartbeat_received from Leader n1: {'leader_id': 'n1'}
2025-06-27 03:20:44,818 [n3] -- Follower n3 heartbeat_received from Leader n1: {'leader_id': 'n1'}
2025-06-27 03:20:45,330 [n3] -- Follower n3 heartbeat_received from Leader n1: {'leader_id': 'n1'}
2025-06-27 03:20:45,841 [n3] -- Follower n3 heartbeat_received from Leader n1: {'leader_id': 'n1'}
2025-06-27 03:20:46,353 [n3] -- Follower n3 heartbeat_received from Leader n1: {'leader_id': 'n1'}
2025-06-27 03:20:46,862 [n3] -- Follower n3 heartbeat_received from Leader n1: {'leader_id': 'n1'}
2025-06-27 03:20:47,372 [n3] -- Follower n3 heartbeat_received from Leader n1: {'leader_id': 'n1'}
2025-06-27 03:20:47,878 [n3] -- Follower n3 heartbeat_received from Leader n1: {'leader_id': 'n1'}
2025-06-27 03:20:48,387 [n3] -- Follower n3 heartbeat_received from Leader n1: {'leader_id': 'n1'}
2025-06-27 03:20:48,896 [n3] -- Follower n3 heartbeat_received from Leader n1: {'leader_id': 'n1'}
2025-06-27 03:20:49,404 [n3] -- Follower n3 heartbeat_received from Leader n1: {'leader_id': 'n1'}
2025-06-27 03:20:49,910 [n3] -- Follower n3 heartbeat_received from Leader n1: {'leader_id': 'n1'}
2025-06-27 03:20:50,416 [n3] -- Follower n3 heartbeat_received from Leader n1: {'leader_id': 'n1'}
2025-06-27 03:20:50,927 [n3] -- Follower n3 heartbeat_received from Leader n1: {'leader_id': 'n1'}
2025-06-27 03:20:51,433 [n3] -- Follower n3 heartbeat_received from Leader n1: {'leader_id': 'n1'}
2025-06-27 03:20:51,943 [n3] -- Follower n3 heartbeat_received from Leader n1: {'leader_id': 'n1'}
2025-06-27 03:20:52,454 [n3] -- Follower n3 heartbeat_received from Leader n1: {'leader_id': 'n1'}
2025-06-27 03:20:52,963 [n3] -- Follower n3 heartbeat_received from Leader n1: {'leader_id': 'n1'}
2025-06-27 03:20:53,475 [n3] -- Follower n3 heartbeat_received from Leader n1: {'leader_id': 'n1'}
2025-06-27 03:20:53,986 [n3] -- Follower n3 heartbeat_received from Leader n1: {'leader_id': 'n1'}
2025-06-27 03:20:54,496 [n3] -- Follower n3 heartbeat_received from Leader n1: {'leader_id': 'n1'}
2025-06-27 03:20:55,003 [n3] -- Follower n3 heartbeat_received from Leader n1: {'leader_id': 'n1'}
2025-06-27 03:20:55,512 [n3] -- Follower n3 heartbeat_received from Leader n1: {'leader_id': 'n1'}
2025-06-27 03:20:56,022 [n3] -- Follower n3 heartbeat_received from Leader n1: {'leader_id': 'n1'}
2025-06-27 03:20:56,530 [n3] -- Follower n3 heartbeat_received from Leader n1: {'leader_id': 'n1'}
2025-06-27 03:20:57,037 [n3] -- Follower n3 heartbeat_received from Leader n1: {'leader_id': 'n1'}
2025-06-27 03:20:57,542 [n3] -- Follower n3 heartbeat_received from Leader n1: {'leader_id': 'n1'}
2025-06-27 03:20:58,051 [n3] -- Follower n3 heartbeat_received from Leader n1: {'leader_id': 'n1'}
2025-06-27 03:20:58,557 [n3] -- Follower n3 heartbeat_received from Leader n1: {'leader_id': 'n1'}
2025-06-27 03:20:59,063 [n3] -- Follower n3 heartbeat_received from Leader n1: {'leader_id': 'n1'}
2025-06-27 03:20:59,570 [n3] -- Follower n3 heartbeat_received from Leader n1: {'leader_id': 'n1'}
2025-06-27 03:21:00,077 [n3] -- Follower n3 heartbeat_received from Leader n1: {'leader_id': 'n1'}
2025-06-27 03:21:00,584 [n3] -- Follower n3 heartbeat_received from Leader n1: {'leader_id': 'n1'}
2025-06-27 03:21:01,092 [n3] -- Follower n3 heartbeat_received from Leader n1: {'leader_id': 'n1'}
2025-06-27 03:21:01,599 [n3] -- Follower n3 heartbeat_received from Leader n1: {'leader_id': 'n1'}
2025-06-27 03:21:02,109 [n3] -- Follower n3 heartbeat_received from Leader n1: {'leader_id': 'n1'}
2025-06-27 03:21:02,621 [n3] -- Follower n3 heartbeat_received from Leader n1: {'leader_id': 'n1'}
2025-06-27 03:21:03,130 [n3] -- Follower n3 heartbeat_received from Leader n1: {'leader_id': 'n1'}
2025-06-27 03:21:03,639 [n3] -- Follower n3 heartbeat_received from Leader n1: {'leader_id': 'n1'}
2025-06-27 03:21:04,148 [n3] -- Follower n3 heartbeat_received from Leader n1: {'leader_id': 'n1'}
2025-06-27 03:21:04,657 [n3] -- Follower n3 heartbeat_received from Leader n1: {'leader_id': 'n1'}
2025-06-27 03:21:05,166 [n3] -- Follower n3 heartbeat_received from Leader n1: {'leader_id': 'n1'}
2025-06-27 03:21:05,675 [n3] -- Follower n3 heartbeat_received from Leader n1: {'leader_id': 'n1'}
2025-06-27 03:21:06,188 [n3] -- Follower n3 heartbeat_received from Leader n1: {'leader_id': 'n1'}
2025-06-27 03:21:06,697 [n3] -- Follower n3 heartbeat_received from Leader n1: {'leader_id': 'n1'}
2025-06-27 03:21:07,206 [n3] -- Follower n3 heartbeat_received from Leader n1: {'leader_id': 'n1'}
2025-06-27 03:21:07,716 [n3] -- Follower n3 heartbeat_received from Leader n1: {'leader_id': 'n1'}
2025-06-27 03:21:08,226 [n3] -- Follower n3 heartbeat_received from Leader n1: {'leader_id': 'n1'}
2025-06-27 03:21:08,740 [n3] -- Follower n3 heartbeat_received from Leader n1: {'leader_id': 'n1'}
2025-06-27 03:21:09,251 [n3] -- Follower n3 heartbeat_received from Leader n1: {'leader_id': 'n1'}
2025-06-27 03:21:09,762 [n3] -- Follower n3 heartbeat_received from Leader n1: {'leader_id': 'n1'}
2025-06-27 03:21:10,272 [n3] -- Follower n3 heartbeat_received from Leader n1: {'leader_id': 'n1'}
2025-06-27 03:21:10,779 [n3] -- Follower n3 heartbeat_received from Leader n1: {'leader_id': 'n1'}
2025-06-27 03:21:11,286 [n3] -- Follower n3 heartbeat_received from Leader n1: {'leader_id': 'n1'}
2025-06-27 03:21:11,798 [n3] -- Follower n3 heartbeat_received from Leader n1: {'leader_id': 'n1'}
2025-06-27 03:21:12,306 [n3] -- Follower n3 heartbeat_received from Leader n1: {'leader_id': 'n1'}
2025-06-27 03:21:12,813 [n3] -- Follower n3 heartbeat_received from Leader n1: {'leader_id': 'n1'}
2025-06-27 03:21:13,324 [n3] -- Follower n3 heartbeat_received from Leader n1: {'leader_id': 'n1'}
2025-06-27 03:21:13,832 [n3] -- Follower n3 heartbeat_received from Leader n1: {'leader_id': 'n1'}
2025-06-27 03:21:14,342 [n3] -- Follower n3 heartbeat_received from Leader n1: {'leader_id': 'n1'}
2025-06-27 03:21:14,843 [n3] -- Follower n3 heartbeat_received from Leader n1: {'leader_id': 'n1'}
2025-06-27 03:21:15,355 [n3] -- Follower n3 heartbeat_received from Leader n1: {'leader_id': 'n1'}
2025-06-27 03:21:15,855 [n3] -- Follower n3 heartbeat_received from Leader n1: {'leader_id': 'n1'}
2025-06-27 03:21:16,358 [n3] -- Follower n3 heartbeat_received from Leader n1: {'leader_id': 'n1'}
2025-06-27 03:21:16,868 [n3] -- Follower n3 heartbeat_received from Leader n1: {'leader_id': 'n1'}
2025-06-27 03:21:17,376 [n3] -- Follower n3 heartbeat_received from Leader n1: {'leader_id': 'n1'}
2025-06-27 03:21:17,885 [n3] -- Follower n3 heartbeat_received from Leader n1: {'leader_id': 'n1'}
2025-06-27 03:21:18,396 [n3] -- Follower n3 heartbeat_received from Leader n1: {'leader_id': 'n1'}
2025-06-27 03:21:18,909 [n3] -- Follower n3 heartbeat_received from Leader n1: {'leader_id': 'n1'}
2025-06-27 03:21:19,408 [n3] -- Follower n3 heartbeat_received from Leader n1: {'leader_id': 'n1'}
2025-06-27 03:21:19,919 [n3] -- Follower n3 heartbeat_received from Leader n1: {'leader_id': 'n1'}
2025-06-27 03:21:20,426 [n3] -- Follower n3 heartbeat_received from Leader n1: {'leader_id': 'n1'}
2025-06-27 03:21:20,935 [n3] -- Follower n3 heartbeat_received from Leader n1: {'leader_id': 'n1'}
2025-06-27 03:21:21,446 [n3] -- Follower n3 heartbeat_received from Leader n1: {'leader_id': 'n1'}
2025-06-27 03:21:21,959 [n3] -- Follower n3 heartbeat_received from Leader n1: {'leader_id': 'n1'}
2025-06-27 03:21:22,474 [n3] -- Follower n3 heartbeat_received from Leader n1: {'leader_id': 'n1'}
2025-06-27 03:21:22,982 [n3] -- Follower n3 heartbeat_received from Leader n1: {'leader_id': 'n1'}
2025-06-27 03:21:23,490 [n3] -- Follower n3 heartbeat_received from Leader n1: {'leader_id': 'n1'}
2025-06-27 03:21:24,001 [n3] -- Follower n3 heartbeat_received from Leader n1: {'leader_id': 'n1'}
2025-06-27 03:24:37,856 [n3] -- Node n3 starting
2025-06-27 03:24:37,857 [n3] -- Follower n3 initialized_state: {'term': 105, 'voted_for': 'n1', 'log_length': 0}
2025-06-27 03:24:37,858 [n3] -- Follower n3 server_started: {'host': '127.0.0.1', 'port': '5003'}
2025-06-27 03:24:37,872 [n3] -- Follower n3 term_updated (received RPC with greater term): {'term': 111}
2025-06-27 03:24:37,872 [n3] -- Follower n3 heartbeat_received from Leader n1: {}
2025-06-27 03:24:37,872 [n3] -- Follower n3 heartbeat_received from Leader n1: {}
2025-06-27 03:24:37,872 [n3] -- Follower n3 heartbeat_received from Leader n1: {}
2025-06-27 03:24:37,872 [n3] -- Follower n3 heartbeat_received from Leader n1: {}
2025-06-27 03:24:37,873 [n3] -- Follower n3 heartbeat_received from Leader n1: {}
2025-06-27 03:24:38,379 [n3] -- Follower n3 heartbeat_received from Leader n1: {}
2025-06-27 03:24:38,888 [n3] -- Follower n3 heartbeat_received from Leader n1: {}
2025-06-27 03:24:39,397 [n3] -- Follower n3 heartbeat_received from Leader n1: {}
2025-06-27 03:24:39,906 [n3] -- Follower n3 heartbeat_received from Leader n1: {}
2025-06-27 03:24:40,413 [n3] -- Follower n3 heartbeat_received from Leader n1: {}
2025-06-27 03:24:40,921 [n3] -- Follower n3 heartbeat_received from Leader n1: {}
2025-06-27 03:24:41,432 [n3] -- Follower n3 heartbeat_received from Leader n1: {}
2025-06-27 03:24:41,944 [n3] -- Follower n3 heartbeat_received from Leader n1: {}
2025-06-27 03:24:42,451 [n3] -- Follower n3 heartbeat_received from Leader n1: {}
2025-06-27 03:24:42,957 [n3] -- Follower n3 heartbeat_received from Leader n1: {}
2025-06-27 03:24:43,465 [n3] -- Follower n3 heartbeat_received from Leader n1: {}
2025-06-27 03:24:43,975 [n3] -- Follower n3 heartbeat_received from Leader n1: {}
2025-06-27 03:24:44,483 [n3] -- Follower n3 heartbeat_received from Leader n1: {}
2025-06-27 03:24:44,991 [n3] -- Follower n3 heartbeat_received from Leader n1: {}
2025-06-27 03:24:45,498 [n3] -- Follower n3 heartbeat_received from Leader n1: {}
2025-06-27 03:24:46,006 [n3] -- Follower n3 heartbeat_received from Leader n1: {}
2025-06-27 03:24:46,514 [n3] -- Follower n3 heartbeat_received from Leader n1: {}
2025-06-27 03:24:47,019 [n3] -- Follower n3 heartbeat_received from Leader n1: {}
2025-06-27 03:24:47,525 [n3] -- Follower n3 heartbeat_received from Leader n1: {}
2025-06-27 03:24:48,031 [n3] -- Follower n3 heartbeat_received from Leader n1: {}
2025-06-27 03:24:48,537 [n3] -- Follower n3 heartbeat_received from Leader n1: {}
2025-06-27 03:24:49,045 [n3] -- Follower n3 heartbeat_received from Leader n1: {}
2025-06-27 03:24:49,555 [n3] -- Follower n3 heartbeat_received from Leader n1: {}
2025-06-27 03:24:50,062 [n3] -- Follower n3 heartbeat_received from Leader n1: {}
2025-06-27 03:24:50,571 [n3] -- Follower n3 heartbeat_received from Leader n1: {}
2025-06-27 03:24:51,079 [n3] -- Follower n3 heartbeat_received from Leader n1: {}
2025-06-27 03:24:51,589 [n3] -- Follower n3 heartbeat_received from Leader n1: {}
2025-06-27 03:24:52,098 [n3] -- Follower n3 heartbeat_received from Leader n1: {}
2025-06-27 03:24:52,609 [n3] -- Follower n3 heartbeat_received from Leader n1: {}
2025-06-27 03:24:53,119 [n3] -- Follower n3 heartbeat_received from Leader n1: {}
2025-06-27 03:24:53,626 [n3] -- Follower n3 heartbeat_received from Leader n1: {}
2025-06-27 03:24:54,133 [n3] -- Follower n3 heartbeat_received from Leader n1: {}
2025-06-27 03:24:54,637 [n3] -- Follower n3 heartbeat_received from Leader n1: {}
2025-06-27 03:24:55,146 [n3] -- Follower n3 heartbeat_received from Leader n1: {}
2025-06-27 03:24:55,657 [n3] -- Follower n3 heartbeat_received from Leader n1: {}
2025-06-27 03:24:56,164 [n3] -- Follower n3 heartbeat_received from Leader n1: {}
2025-06-27 03:24:56,675 [n3] -- Follower n3 heartbeat_received from Leader n1: {}
2025-06-27 03:24:57,185 [n3] -- Follower n3 heartbeat_received from Leader n1: {}
2025-06-27 03:24:57,692 [n3] -- Follower n3 heartbeat_received from Leader n1: {}
2025-06-27 03:24:58,198 [n3] -- Follower n3 heartbeat_received from Leader n1: {}
2025-06-27 03:24:58,706 [n3] -- Follower n3 heartbeat_received from Leader n1: {}
2025-06-27 03:24:59,215 [n3] -- Follower n3 heartbeat_received from Leader n1: {}
2025-06-27 03:24:59,724 [n3] -- Follower n3 heartbeat_received from Leader n1: {}
2025-06-27 03:25:00,233 [n3] -- Follower n3 heartbeat_received from Leader n1: {}
2025-06-27 03:25:00,740 [n3] -- Follower n3 heartbeat_received from Leader n1: {}
2025-06-27 03:25:01,251 [n3] -- Follower n3 heartbeat_received from Leader n1: {}
2025-06-27 03:25:01,760 [n3] -- Follower n3 heartbeat_received from Leader n1: {}
2025-06-27 03:25:02,267 [n3] -- Follower n3 heartbeat_received from Leader n1: {}
2025-06-27 03:25:02,774 [n3] -- Follower n3 heartbeat_received from Leader n1: {}
2025-06-27 03:25:03,284 [n3] -- Follower n3 heartbeat_received from Leader n1: {}
2025-06-27 03:25:03,792 [n3] -- Follower n3 heartbeat_received from Leader n1: {}
2025-06-27 03:25:04,297 [n3] -- Follower n3 heartbeat_received from Leader n1: {}
2025-06-27 03:25:04,806 [n3] -- Follower n3 heartbeat_received from Leader n1: {}
2025-06-27 03:25:05,310 [n3] -- Follower n3 heartbeat_received from Leader n1: {}
2025-06-27 03:25:05,819 [n3] -- Follower n3 heartbeat_received from Leader n1: {}
2025-06-27 03:25:06,325 [n3] -- Follower n3 heartbeat_received from Leader n1: {}
2025-06-27 03:25:06,829 [n3] -- Follower n3 heartbeat_received from Leader n1: {}
2025-06-27 03:25:07,339 [n3] -- Follower n3 heartbeat_received from Leader n1: {}
2025-06-27 03:25:07,848 [n3] -- Follower n3 heartbeat_received from Leader n1: {}
2025-06-27 03:25:08,355 [n3] -- Follower n3 heartbeat_received from Leader n1: {}
2025-06-27 03:25:08,863 [n3] -- Follower n3 heartbeat_received from Leader n1: {}
2025-06-27 03:25:09,369 [n3] -- Follower n3 heartbeat_received from Leader n1: {}
2025-06-27 03:25:09,878 [n3] -- Follower n3 heartbeat_received from Leader n1: {}
2025-06-27 03:25:10,385 [n3] -- Follower n3 heartbeat_received from Leader n1: {}
2025-06-27 03:25:10,894 [n3] -- Follower n3 heartbeat_received from Leader n1: {}
2025-06-27 03:25:11,405 [n3] -- Follower n3 heartbeat_received from Leader n1: {}
2025-06-27 03:25:11,912 [n3] -- Follower n3 heartbeat_received from Leader n1: {}
2025-06-27 03:25:12,419 [n3] -- Follower n3 heartbeat_received from Leader n1: {}
2025-06-27 03:25:12,927 [n3] -- Follower n3 heartbeat_received from Leader n1: {}
2025-06-27 03:25:13,435 [n3] -- Follower n3 heartbeat_received from Leader n1: {}
2025-06-27 03:25:13,943 [n3] -- Follower n3 heartbeat_received from Leader n1: {}
2025-06-27 03:25:14,450 [n3] -- Follower n3 heartbeat_received from Leader n1: {}
2025-06-27 03:25:14,958 [n3] -- Follower n3 heartbeat_received from Leader n1: {}
2025-06-27 03:25:15,465 [n3] -- Follower n3 heartbeat_received from Leader n1: {}
2025-06-27 03:25:15,972 [n3] -- Follower n3 heartbeat_received from Leader n1: {}
2025-06-27 03:25:16,479 [n3] -- Follower n3 heartbeat_received from Leader n1: {}
2025-06-27 03:25:16,989 [n3] -- Follower n3 heartbeat_received from Leader n1: {}
2025-06-27 03:25:17,498 [n3] -- Follower n3 heartbeat_received from Leader n1: {}
2025-06-27 03:25:18,010 [n3] -- Follower n3 heartbeat_received from Leader n1: {}
2025-06-27 03:25:18,522 [n3] -- Follower n3 heartbeat_received from Leader n1: {}
2025-06-27 03:25:20,130 [n3] -- Candidate n3 election_started: {'term': 112}
2025-06-27 03:25:20,135 [n3] -- Candidate n3 vote_received: {'from_node': 'n2', 'term': 112, 'total_votes': 2}
2025-06-27 03:25:20,136 [n3] -- Leader n3 became_leader: {'term': 112}
2025-06-27 03:25:20,641 [n3] -- Leader n3 heartbeats_sent: {}
2025-06-27 03:25:21,149 [n3] -- Leader n3 heartbeats_sent: {}
2025-06-27 03:25:21,658 [n3] -- Leader n3 heartbeats_sent: {}
2025-06-27 03:25:22,168 [n3] -- Leader n3 heartbeats_sent: {}
2025-06-27 03:25:22,170 [n3] -- Leader n3 send_failed to peer n1: {'error': '[WinError 1225] The remote computer refused the network connection'}
2025-06-27 03:25:22,681 [n3] -- Leader n3 heartbeats_sent: {}
2025-06-27 03:25:22,682 [n3] -- Leader n3 send_failed to peer n1: {'error': '[WinError 1225] The remote computer refused the network connection'}
2025-06-27 03:25:23,190 [n3] -- Leader n3 heartbeats_sent: {}
2025-06-27 03:25:23,191 [n3] -- Leader n3 send_failed to peer n1: {'error': '[WinError 1225] The remote computer refused the network connection'}
2025-06-27 03:25:23,696 [n3] -- Leader n3 heartbeats_sent: {}
2025-06-27 03:25:23,697 [n3] -- Leader n3 send_failed to peer n1: {'error': '[WinError 1225] The remote computer refused the network connection'}
2025-06-27 03:25:24,203 [n3] -- Leader n3 heartbeats_sent: {}
2025-06-27 03:25:24,205 [n3] -- Leader n3 send_failed to peer n1: {'error': '[WinError 1225] The remote computer refused the network connection'}
2025-06-27 03:25:24,710 [n3] -- Leader n3 heartbeats_sent: {}
2025-06-27 03:25:24,711 [n3] -- Leader n3 send_failed to peer n1: {'error': '[WinError 1225] The remote computer refused the network connection'}
2025-06-27 03:25:25,220 [n3] -- Leader n3 heartbeats_sent: {}
2025-06-27 03:25:25,220 [n3] -- Leader n3 send_failed to peer n1: {'error': '[WinError 1225] The remote computer refused the network connection'}
2025-06-27 03:25:25,730 [n3] -- Leader n3 heartbeats_sent: {}
2025-06-27 03:25:25,731 [n3] -- Leader n3 send_failed to peer n1: {'error': '[WinError 1225] The remote computer refused the network connection'}
2025-06-27 03:25:26,237 [n3] -- Leader n3 heartbeats_sent: {}
2025-06-27 03:25:26,238 [n3] -- Leader n3 send_failed to peer n1: {'error': '[WinError 1225] The remote computer refused the network connection'}
2025-06-27 03:25:26,745 [n3] -- Leader n3 heartbeats_sent: {}
2025-06-27 03:25:26,745 [n3] -- Leader n3 send_failed to peer n1: {'error': '[WinError 1225] The remote computer refused the network connection'}
2025-06-27 03:25:27,253 [n3] -- Leader n3 heartbeats_sent: {}
2025-06-27 03:25:27,255 [n3] -- Leader n3 send_failed to peer n1: {'error': '[WinError 1225] The remote computer refused the network connection'}
2025-06-27 03:25:27,760 [n3] -- Leader n3 heartbeats_sent: {}
2025-06-27 03:25:27,761 [n3] -- Leader n3 send_failed to peer n1: {'error': '[WinError 1225] The remote computer refused the network connection'}
2025-06-27 03:25:28,265 [n3] -- Leader n3 heartbeats_sent: {}
2025-06-27 03:25:28,266 [n3] -- Leader n3 send_failed to peer n1: {'error': '[WinError 1225] The remote computer refused the network connection'}
2025-06-27 03:25:28,780 [n3] -- Leader n3 heartbeats_sent: {}
2025-06-27 03:25:28,781 [n3] -- Leader n3 send_failed to peer n1: {'error': '[WinError 1225] The remote computer refused the network connection'}
2025-06-27 03:25:29,291 [n3] -- Leader n3 heartbeats_sent: {}
2025-06-27 03:25:29,291 [n3] -- Leader n3 send_failed to peer n1: {'error': '[WinError 1225] The remote computer refused the network connection'}
2025-06-27 03:25:29,802 [n3] -- Leader n3 heartbeats_sent: {}
2025-06-27 03:25:29,802 [n3] -- Leader n3 send_failed to peer n1: {'error': '[WinError 1225] The remote computer refused the network connection'}
