2025-06-26 08:53:35,143 [n5] Node n5 starting
2025-06-26 08:53:35,152 [n5] initialized_state: {'term': 310, 'voted_for': 'n5', 'log_length': 0}
2025-06-26 08:53:37,049 [n5] election_started: {'term': 311}
2025-06-26 08:53:39,081 [n5] send_failed: {'peer': 'n3', 'error': '[WinError 1225] The remote computer refused the network connection'}
2025-06-26 08:53:39,595 [n5] election_started: {'term': 312}
2025-06-26 08:53:39,598 [n5] vote_received: {'from_node': 'n1', 'term': 312, 'total_votes': 2}
2025-06-26 08:53:39,598 [n5] vote_received: {'from_node': 'n2', 'term': 312, 'total_votes': 3}
2025-06-26 08:53:39,598 [n5] became_leader: {'term': 312}
2025-06-26 08:53:40,105 [n5] heartbeats_sent: {}
2025-06-26 08:53:40,619 [n5] heartbeats_sent: {}
2025-06-26 08:53:41,127 [n5] heartbeats_sent: {}
2025-06-26 08:53:41,634 [n5] heartbeats_sent: {}
2025-06-26 08:53:41,637 [n5] send_failed: {'peer': 'n3', 'error': '[WinError 1225] The remote computer refused the network connection'}
2025-06-26 08:53:42,145 [n5] heartbeats_sent: {}
2025-06-26 08:53:42,145 [n5] send_failed: {'peer': 'n3', 'error': '[WinError 1225] The remote computer refused the network connection'}
2025-06-26 08:53:42,659 [n5] heartbeats_sent: {}
2025-06-26 08:53:42,662 [n5] send_failed: {'peer': 'n3', 'error': '[WinError 1225] The remote computer refused the network connection'}
2025-06-26 08:53:43,174 [n5] heartbeats_sent: {}
2025-06-26 08:53:43,175 [n5] send_failed: {'peer': 'n3', 'error': '[WinError 1225] The remote computer refused the network connection'}
2025-06-26 08:53:43,682 [n5] heartbeats_sent: {}
2025-06-26 08:53:43,696 [n5] send_failed: {'peer': 'n3', 'error': '[WinError 1225] The remote computer refused the network connection'}
2025-06-26 08:53:44,185 [n5] heartbeats_sent: {}
2025-06-26 08:53:44,200 [n5] send_failed: {'peer': 'n3', 'error': '[WinError 1225] The remote computer refused the network connection'}
2025-06-26 08:53:44,693 [n5] heartbeats_sent: {}
2025-06-26 08:53:44,709 [n5] send_failed: {'peer': 'n3', 'error': '[WinError 1225] The remote computer refused the network connection'}
2025-06-26 08:53:45,201 [n5] heartbeats_sent: {}
2025-06-26 08:53:45,216 [n5] send_failed: {'peer': 'n3', 'error': '[WinError 1225] The remote computer refused the network connection'}
2025-06-26 08:53:45,711 [n5] heartbeats_sent: {}
2025-06-26 08:53:45,713 [n5] send_failed: {'peer': 'n3', 'error': '[WinError 1225] The remote computer refused the network connection'}
2025-06-26 08:53:46,220 [n5] heartbeats_sent: {}
2025-06-26 08:53:46,222 [n5] send_failed: {'peer': 'n3', 'error': '[WinError 1225] The remote computer refused the network connection'}
2025-06-26 08:53:46,728 [n5] heartbeats_sent: {}
2025-06-26 08:53:46,729 [n5] send_failed: {'peer': 'n3', 'error': '[WinError 1225] The remote computer refused the network connection'}
2025-06-26 08:53:47,234 [n5] heartbeats_sent: {}
2025-06-26 08:53:47,234 [n5] send_failed: {'peer': 'n3', 'error': '[WinError 1225] The remote computer refused the network connection'}
2025-06-26 08:53:47,743 [n5] heartbeats_sent: {}
2025-06-26 08:53:47,744 [n5] send_failed: {'peer': 'n3', 'error': '[WinError 1225] The remote computer refused the network connection'}
2025-06-26 08:53:48,253 [n5] heartbeats_sent: {}
2025-06-26 08:53:48,256 [n5] send_failed: {'peer': 'n3', 'error': '[WinError 1225] The remote computer refused the network connection'}
2025-06-26 08:53:48,763 [n5] heartbeats_sent: {}
2025-06-26 08:53:48,764 [n5] send_failed: {'peer': 'n3', 'error': '[WinError 1225] The remote computer refused the network connection'}
2025-06-26 08:53:49,273 [n5] heartbeats_sent: {}
2025-06-26 08:53:49,274 [n5] send_failed: {'peer': 'n3', 'error': '[WinError 1225] The remote computer refused the network connection'}
2025-06-26 08:53:49,784 [n5] heartbeats_sent: {}
2025-06-26 08:53:49,784 [n5] send_failed: {'peer': 'n3', 'error': '[WinError 1225] The remote computer refused the network connection'}
2025-06-26 08:53:50,296 [n5] heartbeats_sent: {}
2025-06-26 08:53:50,298 [n5] send_failed: {'peer': 'n3', 'error': '[WinError 1225] The remote computer refused the network connection'}
2025-06-26 08:53:50,803 [n5] heartbeats_sent: {}
2025-06-26 08:53:50,805 [n5] send_failed: {'peer': 'n3', 'error': '[WinError 1225] The remote computer refused the network connection'}
2025-06-26 08:53:51,310 [n5] heartbeats_sent: {}
2025-06-26 08:53:51,312 [n5] send_failed: {'peer': 'n3', 'error': '[WinError 1225] The remote computer refused the network connection'}
2025-06-26 08:53:51,822 [n5] heartbeats_sent: {}
2025-06-26 08:53:51,823 [n5] send_failed: {'peer': 'n3', 'error': '[WinError 1225] The remote computer refused the network connection'}
2025-06-26 08:53:52,335 [n5] heartbeats_sent: {}
2025-06-26 08:53:52,335 [n5] send_failed: {'peer': 'n3', 'error': '[WinError 1225] The remote computer refused the network connection'}
2025-06-26 08:53:52,837 [n5] heartbeats_sent: {}
2025-06-26 08:53:52,837 [n5] send_failed: {'peer': 'n3', 'error': '[WinError 1225] The remote computer refused the network connection'}
2025-06-26 08:53:53,349 [n5] heartbeats_sent: {}
2025-06-26 08:53:53,351 [n5] send_failed: {'peer': 'n3', 'error': '[WinError 1225] The remote computer refused the network connection'}
2025-06-26 08:53:53,859 [n5] heartbeats_sent: {}
2025-06-26 08:53:53,860 [n5] send_failed: {'peer': 'n3', 'error': '[WinError 1225] The remote computer refused the network connection'}
2025-06-26 08:53:54,371 [n5] heartbeats_sent: {}
2025-06-26 08:53:54,386 [n5] send_failed: {'peer': 'n3', 'error': '[WinError 1225] The remote computer refused the network connection'}
2025-06-26 08:53:54,880 [n5] heartbeats_sent: {}
2025-06-26 08:53:54,880 [n5] send_failed: {'peer': 'n3', 'error': '[WinError 1225] The remote computer refused the network connection'}
2025-06-26 08:53:55,390 [n5] heartbeats_sent: {}
2025-06-26 08:53:55,392 [n5] send_failed: {'peer': 'n3', 'error': '[WinError 1225] The remote computer refused the network connection'}
2025-06-26 08:53:55,897 [n5] heartbeats_sent: {}
2025-06-26 08:53:55,899 [n5] send_failed: {'peer': 'n3', 'error': '[WinError 1225] The remote computer refused the network connection'}
2025-06-26 08:53:56,406 [n5] heartbeats_sent: {}
2025-06-26 08:53:56,407 [n5] send_failed: {'peer': 'n3', 'error': '[WinError 1225] The remote computer refused the network connection'}
2025-06-26 08:53:56,914 [n5] heartbeats_sent: {}
2025-06-26 08:53:56,916 [n5] send_failed: {'peer': 'n3', 'error': '[WinError 1225] The remote computer refused the network connection'}
2025-06-26 08:53:57,422 [n5] heartbeats_sent: {}
2025-06-26 08:53:57,423 [n5] send_failed: {'peer': 'n3', 'error': '[WinError 1225] The remote computer refused the network connection'}
2025-06-26 08:53:57,423 [n5] send_failed: {'peer': 'n2', 'error': '[WinError 1225] The remote computer refused the network connection'}
2025-06-26 08:53:57,931 [n5] heartbeats_sent: {}
2025-06-26 08:53:57,931 [n5] send_failed: {'peer': 'n3', 'error': '[WinError 1225] The remote computer refused the network connection'}
2025-06-26 08:53:57,931 [n5] send_failed: {'peer': 'n2', 'error': '[WinError 1225] The remote computer refused the network connection'}
2025-06-26 08:53:58,435 [n5] heartbeats_sent: {}
2025-06-26 08:53:58,435 [n5] send_failed: {'peer': 'n2', 'error': '[WinError 1225] The remote computer refused the network connection'}
2025-06-26 08:53:58,435 [n5] send_failed: {'peer': 'n3', 'error': '[WinError 1225] The remote computer refused the network connection'}
2025-06-26 08:53:58,942 [n5] heartbeats_sent: {}
2025-06-26 08:53:58,944 [n5] send_failed: {'peer': 'n2', 'error': '[WinError 1225] The remote computer refused the network connection'}
2025-06-26 08:53:58,944 [n5] send_failed: {'peer': 'n3', 'error': '[WinError 1225] The remote computer refused the network connection'}
2025-06-26 08:53:59,448 [n5] heartbeats_sent: {}
2025-06-26 08:53:59,450 [n5] send_failed: {'peer': 'n3', 'error': '[WinError 1225] The remote computer refused the network connection'}
2025-06-26 08:53:59,451 [n5] send_failed: {'peer': 'n2', 'error': '[WinError 1225] The remote computer refused the network connection'}
2025-06-26 08:53:59,957 [n5] heartbeats_sent: {}
2025-06-26 08:53:59,959 [n5] send_failed: {'peer': 'n2', 'error': '[WinError 1225] The remote computer refused the network connection'}
2025-06-26 08:53:59,959 [n5] send_failed: {'peer': 'n3', 'error': '[WinError 1225] The remote computer refused the network connection'}
2025-06-26 08:54:00,466 [n5] heartbeats_sent: {}
2025-06-26 08:54:00,467 [n5] send_failed: {'peer': 'n2', 'error': '[WinError 1225] The remote computer refused the network connection'}
2025-06-26 08:54:00,468 [n5] send_failed: {'peer': 'n3', 'error': '[WinError 1225] The remote computer refused the network connection'}
2025-06-26 08:54:00,974 [n5] heartbeats_sent: {}
2025-06-26 08:54:00,974 [n5] send_failed: {'peer': 'n3', 'error': '[WinError 1225] The remote computer refused the network connection'}
2025-06-26 08:54:00,974 [n5] send_failed: {'peer': 'n2', 'error': '[WinError 1225] The remote computer refused the network connection'}
2025-06-26 08:54:01,307 [n5] send_failed: {'peer': 'n2', 'error': '0 bytes read on a total of 4 expected bytes'}
2025-06-26 08:54:01,307 [n5] send_failed: {'peer': 'n2', 'error': '0 bytes read on a total of 4 expected bytes'}
2025-06-26 08:54:01,308 [n5] send_failed: {'peer': 'n2', 'error': '0 bytes read on a total of 4 expected bytes'}
2025-06-26 08:54:01,310 [n5] send_failed: {'peer': 'n2', 'error': '0 bytes read on a total of 4 expected bytes'}
2025-06-26 08:54:01,311 [n5] send_failed: {'peer': 'n2', 'error': '0 bytes read on a total of 4 expected bytes'}
2025-06-26 08:54:01,311 [n5] send_failed: {'peer': 'n2', 'error': '0 bytes read on a total of 4 expected bytes'}
2025-06-26 08:54:01,313 [n5] send_failed: {'peer': 'n2', 'error': '0 bytes read on a total of 4 expected bytes'}
2025-06-26 08:54:01,313 [n5] send_failed: {'peer': 'n2', 'error': '0 bytes read on a total of 4 expected bytes'}
2025-06-26 08:54:01,314 [n5] send_failed: {'peer': 'n2', 'error': '0 bytes read on a total of 4 expected bytes'}
2025-06-26 08:54:01,314 [n5] send_failed: {'peer': 'n2', 'error': '0 bytes read on a total of 4 expected bytes'}
2025-06-26 08:54:01,314 [n5] send_failed: {'peer': 'n2', 'error': '0 bytes read on a total of 4 expected bytes'}
2025-06-26 08:54:01,315 [n5] send_failed: {'peer': 'n2', 'error': '0 bytes read on a total of 4 expected bytes'}
2025-06-26 08:54:01,315 [n5] send_failed: {'peer': 'n2', 'error': '0 bytes read on a total of 4 expected bytes'}
2025-06-26 08:54:01,316 [n5] send_failed: {'peer': 'n2', 'error': '0 bytes read on a total of 4 expected bytes'}
2025-06-26 08:54:01,316 [n5] send_failed: {'peer': 'n2', 'error': '0 bytes read on a total of 4 expected bytes'}
2025-06-26 08:54:01,316 [n5] send_failed: {'peer': 'n2', 'error': '0 bytes read on a total of 4 expected bytes'}
2025-06-26 08:54:01,316 [n5] send_failed: {'peer': 'n2', 'error': '0 bytes read on a total of 4 expected bytes'}
2025-06-26 08:54:01,317 [n5] send_failed: {'peer': 'n2', 'error': '0 bytes read on a total of 4 expected bytes'}
2025-06-26 08:54:01,317 [n5] send_failed: {'peer': 'n2', 'error': '0 bytes read on a total of 4 expected bytes'}
2025-06-26 08:54:01,317 [n5] send_failed: {'peer': 'n2', 'error': '0 bytes read on a total of 4 expected bytes'}
2025-06-26 08:54:01,318 [n5] send_failed: {'peer': 'n2', 'error': '0 bytes read on a total of 4 expected bytes'}
2025-06-26 08:54:01,319 [n5] send_failed: {'peer': 'n2', 'error': '0 bytes read on a total of 4 expected bytes'}
2025-06-26 08:54:01,319 [n5] send_failed: {'peer': 'n2', 'error': '0 bytes read on a total of 4 expected bytes'}
2025-06-26 08:54:01,319 [n5] send_failed: {'peer': 'n2', 'error': '0 bytes read on a total of 4 expected bytes'}
2025-06-26 08:54:01,319 [n5] send_failed: {'peer': 'n2', 'error': '0 bytes read on a total of 4 expected bytes'}
2025-06-26 08:54:01,319 [n5] send_failed: {'peer': 'n2', 'error': '0 bytes read on a total of 4 expected bytes'}
2025-06-26 08:54:01,319 [n5] send_failed: {'peer': 'n2', 'error': '0 bytes read on a total of 4 expected bytes'}
2025-06-26 08:54:01,320 [n5] send_failed: {'peer': 'n2', 'error': '0 bytes read on a total of 4 expected bytes'}
2025-06-26 08:54:01,320 [n5] send_failed: {'peer': 'n2', 'error': '0 bytes read on a total of 4 expected bytes'}
2025-06-26 08:54:01,320 [n5] send_failed: {'peer': 'n2', 'error': '0 bytes read on a total of 4 expected bytes'}
2025-06-26 08:54:01,485 [n5] heartbeats_sent: {}
2025-06-26 08:54:01,486 [n5] send_failed: {'peer': 'n2', 'error': '[WinError 1225] The remote computer refused the network connection'}
2025-06-26 08:54:01,486 [n5] send_failed: {'peer': 'n3', 'error': '[WinError 1225] The remote computer refused the network connection'}
2025-06-26 08:54:01,997 [n5] heartbeats_sent: {}
2025-06-26 08:54:01,998 [n5] send_failed: {'peer': 'n3', 'error': '[WinError 1225] The remote computer refused the network connection'}
2025-06-26 08:54:01,998 [n5] send_failed: {'peer': 'n2', 'error': '[WinError 1225] The remote computer refused the network connection'}
2025-06-26 08:54:02,506 [n5] heartbeats_sent: {}
2025-06-26 08:54:02,507 [n5] send_failed: {'peer': 'n3', 'error': '[WinError 1225] The remote computer refused the network connection'}
2025-06-26 08:54:02,507 [n5] send_failed: {'peer': 'n2', 'error': '[WinError 1225] The remote computer refused the network connection'}
2025-06-26 08:54:03,016 [n5] heartbeats_sent: {}
2025-06-26 08:54:03,016 [n5] send_failed: {'peer': 'n2', 'error': '[WinError 1225] The remote computer refused the network connection'}
2025-06-26 08:54:03,017 [n5] send_failed: {'peer': 'n3', 'error': '[WinError 1225] The remote computer refused the network connection'}
2025-06-26 08:54:03,525 [n5] heartbeats_sent: {}
2025-06-26 08:54:03,525 [n5] send_failed: {'peer': 'n3', 'error': '[WinError 1225] The remote computer refused the network connection'}
2025-06-26 08:54:03,526 [n5] send_failed: {'peer': 'n2', 'error': '[WinError 1225] The remote computer refused the network connection'}
2025-06-26 08:54:04,034 [n5] heartbeats_sent: {}
2025-06-26 08:54:04,034 [n5] send_failed: {'peer': 'n3', 'error': '[WinError 1225] The remote computer refused the network connection'}
2025-06-26 08:54:04,035 [n5] send_failed: {'peer': 'n2', 'error': '[WinError 1225] The remote computer refused the network connection'}
2025-06-26 08:54:04,546 [n5] heartbeats_sent: {}
2025-06-26 08:54:04,548 [n5] send_failed: {'peer': 'n3', 'error': '[WinError 1225] The remote computer refused the network connection'}
2025-06-26 08:54:04,548 [n5] send_failed: {'peer': 'n2', 'error': '[WinError 1225] The remote computer refused the network connection'}
2025-06-26 08:54:05,056 [n5] heartbeats_sent: {}
2025-06-26 08:54:05,056 [n5] send_failed: {'peer': 'n3', 'error': '[WinError 1225] The remote computer refused the network connection'}
2025-06-26 08:54:05,057 [n5] send_failed: {'peer': 'n2', 'error': '[WinError 1225] The remote computer refused the network connection'}
2025-06-26 08:54:05,568 [n5] heartbeats_sent: {}
2025-06-26 08:54:05,568 [n5] send_failed: {'peer': 'n3', 'error': '[WinError 1225] The remote computer refused the network connection'}
2025-06-26 08:54:05,568 [n5] send_failed: {'peer': 'n2', 'error': '[WinError 1225] The remote computer refused the network connection'}
2025-06-26 08:54:06,077 [n5] heartbeats_sent: {}
2025-06-26 08:54:06,077 [n5] send_failed: {'peer': 'n3', 'error': '[WinError 1225] The remote computer refused the network connection'}
2025-06-26 08:54:06,077 [n5] send_failed: {'peer': 'n2', 'error': '[WinError 1225] The remote computer refused the network connection'}
2025-06-26 08:54:06,586 [n5] heartbeats_sent: {}
2025-06-26 08:54:06,587 [n5] send_failed: {'peer': 'n3', 'error': '[WinError 1225] The remote computer refused the network connection'}
2025-06-26 08:54:06,587 [n5] send_failed: {'peer': 'n2', 'error': '[WinError 1225] The remote computer refused the network connection'}
2025-06-26 08:54:07,093 [n5] heartbeats_sent: {}
2025-06-26 08:54:07,094 [n5] send_failed: {'peer': 'n3', 'error': '[WinError 1225] The remote computer refused the network connection'}
2025-06-26 08:54:07,094 [n5] send_failed: {'peer': 'n2', 'error': '[WinError 1225] The remote computer refused the network connection'}
2025-06-26 08:54:07,607 [n5] heartbeats_sent: {}
2025-06-26 08:54:07,607 [n5] send_failed: {'peer': 'n3', 'error': '[WinError 1225] The remote computer refused the network connection'}
2025-06-26 08:54:07,608 [n5] send_failed: {'peer': 'n2', 'error': '[WinError 1225] The remote computer refused the network connection'}
2025-06-26 08:54:08,117 [n5] heartbeats_sent: {}
2025-06-26 08:54:08,118 [n5] send_failed: {'peer': 'n2', 'error': '[WinError 1225] The remote computer refused the network connection'}
2025-06-26 08:54:08,118 [n5] send_failed: {'peer': 'n3', 'error': '[WinError 1225] The remote computer refused the network connection'}
2025-06-26 08:54:08,623 [n5] heartbeats_sent: {}
2025-06-26 08:54:08,624 [n5] send_failed: {'peer': 'n3', 'error': '[WinError 1225] The remote computer refused the network connection'}
2025-06-26 08:54:08,624 [n5] send_failed: {'peer': 'n2', 'error': '[WinError 1225] The remote computer refused the network connection'}
2025-06-26 08:54:09,134 [n5] heartbeats_sent: {}
2025-06-26 08:54:09,135 [n5] send_failed: {'peer': 'n3', 'error': '[WinError 1225] The remote computer refused the network connection'}
2025-06-26 08:54:09,135 [n5] send_failed: {'peer': 'n2', 'error': '[WinError 1225] The remote computer refused the network connection'}
2025-06-26 08:54:09,649 [n5] heartbeats_sent: {}
2025-06-26 08:54:09,651 [n5] send_failed: {'peer': 'n3', 'error': '[WinError 1225] The remote computer refused the network connection'}
2025-06-26 08:54:09,651 [n5] send_failed: {'peer': 'n2', 'error': '[WinError 1225] The remote computer refused the network connection'}
2025-06-26 08:54:10,156 [n5] heartbeats_sent: {}
2025-06-26 08:54:10,158 [n5] send_failed: {'peer': 'n2', 'error': '[WinError 1225] The remote computer refused the network connection'}
2025-06-26 08:54:10,158 [n5] send_failed: {'peer': 'n3', 'error': '[WinError 1225] The remote computer refused the network connection'}
2025-06-26 08:54:10,662 [n5] heartbeats_sent: {}
2025-06-26 08:54:10,662 [n5] send_failed: {'peer': 'n3', 'error': '[WinError 1225] The remote computer refused the network connection'}
2025-06-26 08:54:10,663 [n5] send_failed: {'peer': 'n2', 'error': '[WinError 1225] The remote computer refused the network connection'}
2025-06-26 08:54:11,173 [n5] heartbeats_sent: {}
2025-06-26 08:54:11,174 [n5] send_failed: {'peer': 'n2', 'error': '[WinError 1225] The remote computer refused the network connection'}
2025-06-26 08:54:11,174 [n5] send_failed: {'peer': 'n3', 'error': '[WinError 1225] The remote computer refused the network connection'}
2025-06-26 08:54:11,684 [n5] heartbeats_sent: {}
2025-06-26 08:54:11,685 [n5] send_failed: {'peer': 'n2', 'error': '[WinError 1225] The remote computer refused the network connection'}
2025-06-26 08:54:11,685 [n5] send_failed: {'peer': 'n3', 'error': '[WinError 1225] The remote computer refused the network connection'}
2025-06-26 08:54:12,197 [n5] heartbeats_sent: {}
2025-06-26 08:54:12,198 [n5] send_failed: {'peer': 'n3', 'error': '[WinError 1225] The remote computer refused the network connection'}
2025-06-26 08:54:12,198 [n5] send_failed: {'peer': 'n2', 'error': '[WinError 1225] The remote computer refused the network connection'}
2025-06-26 08:54:12,710 [n5] heartbeats_sent: {}
2025-06-26 08:54:12,712 [n5] send_failed: {'peer': 'n2', 'error': '[WinError 1225] The remote computer refused the network connection'}
2025-06-26 08:54:12,712 [n5] send_failed: {'peer': 'n3', 'error': '[WinError 1225] The remote computer refused the network connection'}
2025-06-26 08:54:13,221 [n5] heartbeats_sent: {}
2025-06-26 08:54:13,221 [n5] send_failed: {'peer': 'n2', 'error': '[WinError 1225] The remote computer refused the network connection'}
2025-06-26 08:54:13,221 [n5] send_failed: {'peer': 'n3', 'error': '[WinError 1225] The remote computer refused the network connection'}
2025-06-26 08:54:13,731 [n5] heartbeats_sent: {}
2025-06-26 08:54:13,732 [n5] send_failed: {'peer': 'n3', 'error': '[WinError 1225] The remote computer refused the network connection'}
2025-06-26 08:54:13,732 [n5] send_failed: {'peer': 'n2', 'error': '[WinError 1225] The remote computer refused the network connection'}
2025-06-26 08:54:14,241 [n5] heartbeats_sent: {}
2025-06-26 08:54:14,243 [n5] send_failed: {'peer': 'n2', 'error': '[WinError 1225] The remote computer refused the network connection'}
2025-06-26 08:54:14,243 [n5] send_failed: {'peer': 'n3', 'error': '[WinError 1225] The remote computer refused the network connection'}
2025-06-26 08:54:14,750 [n5] heartbeats_sent: {}
2025-06-26 08:54:14,750 [n5] send_failed: {'peer': 'n3', 'error': '[WinError 1225] The remote computer refused the network connection'}
2025-06-26 08:54:14,750 [n5] send_failed: {'peer': 'n2', 'error': '[WinError 1225] The remote computer refused the network connection'}
2025-06-26 08:54:15,258 [n5] heartbeats_sent: {}
2025-06-26 08:54:15,259 [n5] send_failed: {'peer': 'n3', 'error': '[WinError 1225] The remote computer refused the network connection'}
2025-06-26 08:54:15,259 [n5] send_failed: {'peer': 'n2', 'error': '[WinError 1225] The remote computer refused the network connection'}
2025-06-26 08:54:15,772 [n5] heartbeats_sent: {}
2025-06-26 08:54:15,773 [n5] send_failed: {'peer': 'n2', 'error': '[WinError 1225] The remote computer refused the network connection'}
2025-06-26 08:54:15,773 [n5] send_failed: {'peer': 'n3', 'error': '[WinError 1225] The remote computer refused the network connection'}
2025-06-26 08:54:16,283 [n5] heartbeats_sent: {}
2025-06-26 08:54:16,286 [n5] send_failed: {'peer': 'n2', 'error': '[WinError 1225] The remote computer refused the network connection'}
2025-06-26 08:54:16,286 [n5] send_failed: {'peer': 'n3', 'error': '[WinError 1225] The remote computer refused the network connection'}
2025-06-26 08:54:16,790 [n5] heartbeats_sent: {}
2025-06-26 08:54:16,791 [n5] send_failed: {'peer': 'n3', 'error': '[WinError 1225] The remote computer refused the network connection'}
2025-06-26 08:54:16,791 [n5] send_failed: {'peer': 'n2', 'error': '[WinError 1225] The remote computer refused the network connection'}
2025-06-26 08:54:17,299 [n5] heartbeats_sent: {}
2025-06-26 08:54:17,299 [n5] send_failed: {'peer': 'n3', 'error': '[WinError 1225] The remote computer refused the network connection'}
2025-06-26 08:54:17,300 [n5] send_failed: {'peer': 'n2', 'error': '[WinError 1225] The remote computer refused the network connection'}
2025-06-26 08:54:17,808 [n5] heartbeats_sent: {}
2025-06-26 08:54:17,809 [n5] send_failed: {'peer': 'n2', 'error': '[WinError 1225] The remote computer refused the network connection'}
2025-06-26 08:54:17,810 [n5] send_failed: {'peer': 'n3', 'error': '[WinError 1225] The remote computer refused the network connection'}
2025-06-26 08:54:18,318 [n5] heartbeats_sent: {}
2025-06-26 08:54:18,318 [n5] send_failed: {'peer': 'n3', 'error': '[WinError 1225] The remote computer refused the network connection'}
2025-06-26 08:54:18,318 [n5] send_failed: {'peer': 'n2', 'error': '[WinError 1225] The remote computer refused the network connection'}
2025-06-26 08:54:18,825 [n5] heartbeats_sent: {}
2025-06-26 08:54:18,826 [n5] send_failed: {'peer': 'n3', 'error': '[WinError 1225] The remote computer refused the network connection'}
2025-06-26 08:54:18,826 [n5] send_failed: {'peer': 'n2', 'error': '[WinError 1225] The remote computer refused the network connection'}
2025-06-26 08:54:19,334 [n5] heartbeats_sent: {}
2025-06-26 08:54:19,334 [n5] send_failed: {'peer': 'n2', 'error': '[WinError 1225] The remote computer refused the network connection'}
2025-06-26 08:54:19,335 [n5] send_failed: {'peer': 'n3', 'error': '[WinError 1225] The remote computer refused the network connection'}
2025-06-26 08:54:19,846 [n5] heartbeats_sent: {}
2025-06-26 08:54:19,846 [n5] send_failed: {'peer': 'n2', 'error': '[WinError 1225] The remote computer refused the network connection'}
2025-06-26 08:54:19,847 [n5] send_failed: {'peer': 'n3', 'error': '[WinError 1225] The remote computer refused the network connection'}
2025-06-26 08:54:20,356 [n5] heartbeats_sent: {}
2025-06-26 08:54:20,357 [n5] send_failed: {'peer': 'n2', 'error': '[WinError 1225] The remote computer refused the network connection'}
2025-06-26 08:54:20,358 [n5] send_failed: {'peer': 'n3', 'error': '[WinError 1225] The remote computer refused the network connection'}
2025-06-26 08:54:20,867 [n5] heartbeats_sent: {}
2025-06-26 08:54:20,868 [n5] send_failed: {'peer': 'n1', 'error': '[WinError 1225] The remote computer refused the network connection'}
2025-06-26 08:54:20,868 [n5] send_failed: {'peer': 'n3', 'error': '[WinError 1225] The remote computer refused the network connection'}
2025-06-26 08:54:20,868 [n5] send_failed: {'peer': 'n2', 'error': '[WinError 1225] The remote computer refused the network connection'}
2025-06-26 08:54:21,371 [n5] heartbeats_sent: {}
2025-06-26 08:54:21,372 [n5] send_failed: {'peer': 'n2', 'error': '[WinError 1225] The remote computer refused the network connection'}
2025-06-26 08:54:21,372 [n5] send_failed: {'peer': 'n3', 'error': '[WinError 1225] The remote computer refused the network connection'}
2025-06-26 08:54:21,372 [n5] send_failed: {'peer': 'n1', 'error': '[WinError 1225] The remote computer refused the network connection'}
2025-06-26 08:54:21,884 [n5] heartbeats_sent: {}
2025-06-26 08:54:21,885 [n5] send_failed: {'peer': 'n1', 'error': '[WinError 1225] The remote computer refused the network connection'}
2025-06-26 08:54:21,885 [n5] send_failed: {'peer': 'n2', 'error': '[WinError 1225] The remote computer refused the network connection'}
2025-06-26 08:54:21,885 [n5] send_failed: {'peer': 'n3', 'error': '[WinError 1225] The remote computer refused the network connection'}
2025-06-26 08:54:22,396 [n5] heartbeats_sent: {}
2025-06-26 08:54:22,397 [n5] send_failed: {'peer': 'n2', 'error': '[WinError 1225] The remote computer refused the network connection'}
2025-06-26 08:54:22,398 [n5] send_failed: {'peer': 'n3', 'error': '[WinError 1225] The remote computer refused the network connection'}
2025-06-26 08:54:22,398 [n5] send_failed: {'peer': 'n1', 'error': '[WinError 1225] The remote computer refused the network connection'}
